********************************************************************************************
* Machine    : sanbgw:SanBGW (SanBGW) (Instance001)                                        *
* IP Addrs   : 192.168.1.190                                                               *
* Module     : ApplicationMgr                                                              *
* Commserver : :                                                                           *
* Version    : 11.2801.20                                                                  *
* Date       : 2022/06/30 (Pacific Standard Time GMT-08:00)                                *
* OS Type    : Windows Server 2019 DatacenterMajor.: 6, Minor.: 2 Server 4.0  (Build 9200) *
********************************************************************************************

4584  169c  06/30 06:44:11 ### CCS_SupportedPackages::isCCSDbOperationAllowed() -  [ cvd.exe ]  isCCSDbAllowed [0] fsCore [0] sqlCore [0] invCfg [0]
4584  169c  06/30 06:44:11 ### PlatformInfoSingleton::startCCSDbStatusMonitor() -  [ cvd.exe ]  CCSDb Event Monitoring Thread NOT allowed on configuration.
4584  169c  06/30 06:44:11 ### CCS_SupportedPackages::isCCSDbOperationAllowed() -  [ cvd.exe ]  isCCSDbAllowed [0] fsCore [0] sqlCore [0] invCfg [0]
4584  169c  06/30 06:44:11 ### PlatformInfoSingleton::SetFSCoreLaptop() -  [ cvd.exe ]  bIsFSCoreLaptop from [0] to [0]
4584  169c  06/30 06:44:11 ### PlatformInfoSingleton::SetCloudLaptop() -  [ cvd.exe ]  bIsCloudLaptop from [0] to [0]
4584  169c  06/30 06:44:11 ### PlatformInfoSingleton::SetEnableCCSDB() -  [ cvd.exe ]  isUseCCSDBEnabled from [0] to [0]
4584  e74   06/30 06:44:11 ### AppMgrSessionPoolSingleton::getSessionPoolInstance() -  [ cvd.exe ]  serverName [], clientName [].
4584  e74   06/30 06:44:11 ### ClientSessionWrapper::ClientSessionWrapper() -  [ cvd.exe ]  Could not get session from pool. Error:[0x80070306:{ClientSessionWrapper::initSessionPool(910)/W32.774.(One or more errors occurred while processing the request. (ERROR_ERRORS_ENCOUNTERED.774))-Could not create session pool object}]
4584  15b0  06/30 06:44:11 ### AppMgrSessionPoolSingleton::getSessionPoolInstance() -  [ cvd.exe ]  serverName [], clientName [].
4584  e74   06/30 06:44:11 ### ClientSessionWrapper::send() -  [ cvd.exe ]  Cannot connect to [AppManager network access], errorString[[ClientSessionWrapper::connectToCS] Error connecting to svc [AppManager network access] on CS. [0x80070057:{CCvNetwork::Attach_RemoteService(1770)} + {CCvNetwork::Attach_RemoteService(1739)} + {CCvNetwork::LookupRegisteredPorts(4852)} + {CCvNetwork::LookupRegisteredPorts_Common(4925)} + {CCvNetwork::DemangleHostNameToComps(4998)/W32.87.(The parameter is incorrect. (ERROR_INVALID_PARAMETER.87))-Invalid mangled host name:[**8400*8402] passed. Please use mangled host name.}]], errorCode[150995030]
4584  15b0  06/30 06:44:11 ### ClientSessionWrapper::ClientSessionWrapper() -  [ cvd.exe ]  Could not get session from pool. Error:[0x80070306:{ClientSessionWrapper::initSessionPool(910)/W32.774.(One or more errors occurred while processing the request. (ERROR_ERRORS_ENCOUNTERED.774))-Could not create session pool object}]
4584  1250  06/30 06:44:11 ### AppMgrSessionPoolSingleton::getSessionPoolInstance() -  [ cvd.exe ]  serverName [], clientName [].
4584  15b0  06/30 06:44:11 ### ClientSessionWrapper::send() -  [ cvd.exe ]  Cannot connect to [AppManager network access], errorString[[ClientSessionWrapper::connectToCS] Error connecting to svc [AppManager network access] on CS. [0x80070057:{CCvNetwork::Attach_RemoteService(1770)} + {CCvNetwork::Attach_RemoteService(1739)} + {CCvNetwork::LookupRegisteredPorts(4852)} + {CCvNetwork::LookupRegisteredPorts_Common(4925)} + {CCvNetwork::DemangleHostNameToComps(4998)/W32.87.(The parameter is incorrect. (ERROR_INVALID_PARAMETER.87))-Invalid mangled host name:[**8400*8402] passed. Please use mangled host name.}]], errorCode[150995030]
4584  1250  06/30 06:44:11 ### ClientSessionWrapper::ClientSessionWrapper() -  [ cvd.exe ]  Could not get session from pool. Error:[0x80070306:{ClientSessionWrapper::initSessionPool(910)/W32.774.(One or more errors occurred while processing the request. (ERROR_ERRORS_ENCOUNTERED.774))-Could not create session pool object}]
4584  1578  06/30 06:44:11 ### AppMgrSessionPoolSingleton::getSessionPoolInstance() -  [ cvd.exe ]  serverName [], clientName [].
4584  1250  06/30 06:44:11 ### ClientSessionWrapper::send() -  [ cvd.exe ]  Cannot connect to [AppManager network access], errorString[[ClientSessionWrapper::connectToCS] Error connecting to svc [AppManager network access] on CS. [0x80070057:{CCvNetwork::Attach_RemoteService(1770)} + {CCvNetwork::Attach_RemoteService(1739)} + {CCvNetwork::LookupRegisteredPorts(4852)} + {CCvNetwork::LookupRegisteredPorts_Common(4925)} + {CCvNetwork::DemangleHostNameToComps(4998)/W32.87.(The parameter is incorrect. (ERROR_INVALID_PARAMETER.87))-Invalid mangled host name:[**8400*8402] passed. Please use mangled host name.}]], errorCode[150995030]
4584  1578  06/30 06:44:11 ### ClientSessionWrapper::ClientSessionWrapper() -  [ cvd.exe ]  Could not get session from pool. Error:[0x80070306:{ClientSessionWrapper::initSessionPool(910)/W32.774.(One or more errors occurred while processing the request. (ERROR_ERRORS_ENCOUNTERED.774))-Could not create session pool object}]
4584  169c  06/30 06:44:11 ### AppMgrSessionPoolSingleton::getSessionPoolInstance() -  [ cvd.exe ]  serverName [], clientName [].
4584  169c  06/30 06:44:11 ### ClientSessionWrapper::ClientSessionWrapper() -  [ cvd.exe ]  Could not get session from pool. Error:[0x80070306:{ClientSessionWrapper::initSessionPool(910)/W32.774.(One or more errors occurred while processing the request. (ERROR_ERRORS_ENCOUNTERED.774))-Could not create session pool object}]
4584  1578  06/30 06:44:11 ### ClientSessionWrapper::send() -  [ cvd.exe ]  Cannot connect to [AppManager network access], errorString[[ClientSessionWrapper::connectToCS] Error connecting to svc [AppManager network access] on CS. [0x80070057:{CCvNetwork::Attach_RemoteService(1770)} + {CCvNetwork::Attach_RemoteService(1739)} + {CCvNetwork::LookupRegisteredPorts(4852)} + {CCvNetwork::LookupRegisteredPorts_Common(4925)} + {CCvNetwork::DemangleHostNameToComps(4998)/W32.87.(The parameter is incorrect. (ERROR_INVALID_PARAMETER.87))-Invalid mangled host name:[**8400*8402] passed. Please use mangled host name.}]], errorCode[150995030]
4584  1808  06/30 06:44:11 ### AppMgrSessionPoolSingleton::getSessionPoolInstance() -  [ cvd.exe ]  serverName [], clientName [].
4584  1808  06/30 06:44:11 ### ClientSessionWrapper::ClientSessionWrapper() -  [ cvd.exe ]  Could not get session from pool. Error:[0x80070306:{ClientSessionWrapper::initSessionPool(910)/W32.774.(One or more errors occurred while processing the request. (ERROR_ERRORS_ENCOUNTERED.774))-Could not create session pool object}]
4584  169c  06/30 06:44:11 ### ClientSessionWrapper::send() -  [ cvd.exe ]  Cannot connect to [AppManager network access], errorString[[ClientSessionWrapper::connectToCS] Error connecting to svc [AppManager network access] on CS. [0x80070057:{CCvNetwork::Attach_RemoteService(1770)} + {CCvNetwork::Attach_RemoteService(1739)} + {CCvNetwork::LookupRegisteredPorts(4852)} + {CCvNetwork::LookupRegisteredPorts_Common(4925)} + {CCvNetwork::DemangleHostNameToComps(4998)/W32.87.(The parameter is incorrect. (ERROR_INVALID_PARAMETER.87))-Invalid mangled host name:[**8400*8402] passed. Please use mangled host name.}]], errorCode[150995030]
4584  cc8   06/30 06:44:11 ### AppMgrSessionPoolSingleton::getSessionPoolInstance() -  [ cvd.exe ]  serverName [], clientName [].
4584  cc8   06/30 06:44:11 ### ClientSessionWrapper::ClientSessionWrapper() -  [ cvd.exe ]  Could not get session from pool. Error:[0x80070306:{ClientSessionWrapper::initSessionPool(910)/W32.774.(One or more errors occurred while processing the request. (ERROR_ERRORS_ENCOUNTERED.774))-Could not create session pool object}]
4584  1808  06/30 06:44:11 ### ClientSessionWrapper::send() -  [ cvd.exe ]  Cannot connect to [AppManager network access], errorString[[ClientSessionWrapper::connectToCS] Error connecting to svc [AppManager network access] on CS. [0x80070057:{CCvNetwork::Attach_RemoteService(1770)} + {CCvNetwork::Attach_RemoteService(1739)} + {CCvNetwork::LookupRegisteredPorts(4852)} + {CCvNetwork::LookupRegisteredPorts_Common(4925)} + {CCvNetwork::DemangleHostNameToComps(4998)/W32.87.(The parameter is incorrect. (ERROR_INVALID_PARAMETER.87))-Invalid mangled host name:[**8400*8402] passed. Please use mangled host name.}]], errorCode[150995030]
4584  1570  06/30 06:44:11 ### AppMgrSessionPoolSingleton::getSessionPoolInstance() -  [ cvd.exe ]  serverName [], clientName [].
4584  cc8   06/30 06:44:11 ### ClientSessionWrapper::send() -  [ cvd.exe ]  Cannot connect to [AppManager network access], errorString[[ClientSessionWrapper::connectToCS] Error connecting to svc [AppManager network access] on CS. [0x80070057:{CCvNetwork::Attach_RemoteService(1770)} + {CCvNetwork::Attach_RemoteService(1739)} + {CCvNetwork::LookupRegisteredPorts(4852)} + {CCvNetwork::LookupRegisteredPorts_Common(4925)} + {CCvNetwork::DemangleHostNameToComps(4998)/W32.87.(The parameter is incorrect. (ERROR_INVALID_PARAMETER.87))-Invalid mangled host name:[**8400*8402] passed. Please use mangled host name.}]], errorCode[150995030]
4584  1570  06/30 06:44:11 ### ClientSessionWrapper::ClientSessionWrapper() -  [ cvd.exe ]  Could not get session from pool. Error:[0x80070306:{ClientSessionWrapper::initSessionPool(910)/W32.774.(One or more errors occurred while processing the request. (ERROR_ERRORS_ENCOUNTERED.774))-Could not create session pool object}]
4584  1570  06/30 06:44:11 ### ClientSessionWrapper::send() -  [ cvd.exe ]  Cannot connect to [AppManager network access], errorString[[ClientSessionWrapper::connectToCS] Error connecting to svc [AppManager network access] on CS. [0x80070057:{CCvNetwork::Attach_RemoteService(1770)} + {CCvNetwork::Attach_RemoteService(1739)} + {CCvNetwork::LookupRegisteredPorts(4852)} + {CCvNetwork::LookupRegisteredPorts_Common(4925)} + {CCvNetwork::DemangleHostNameToComps(4998)/W32.87.(The parameter is incorrect. (ERROR_INVALID_PARAMETER.87))-Invalid mangled host name:[**8400*8402] passed. Please use mangled host name.}]], errorCode[150995030]
4584  e74   06/30 06:44:11 ### AppMgrSessionPoolSingleton::getSessionPoolInstance() -  [ cvd.exe ]  serverName [], clientName [].
4584  e74   06/30 06:44:11 ### ClientSessionWrapper::ClientSessionWrapper() -  [ cvd.exe ]  Could not get session from pool. Error:[0x80070306:{ClientSessionWrapper::initSessionPool(910)/W32.774.(One or more errors occurred while processing the request. (ERROR_ERRORS_ENCOUNTERED.774))-Could not create session pool object}]
4584  690   06/30 06:44:11 ### AppMgrSessionPoolSingleton::getSessionPoolInstance() -  [ cvd.exe ]  serverName [], clientName [].
4584  690   06/30 06:44:11 ### ClientSessionWrapper::ClientSessionWrapper() -  [ cvd.exe ]  Could not get session from pool. Error:[0x80070306:{ClientSessionWrapper::initSessionPool(910)/W32.774.(One or more errors occurred while processing the request. (ERROR_ERRORS_ENCOUNTERED.774))-Could not create session pool object}]
4584  690   06/30 06:44:11 ### ClientSessionWrapper::send() -  [ cvd.exe ]  Cannot connect to [AppManager network access], errorString[[ClientSessionWrapper::connectToCS] Error connecting to svc [AppManager network access] on CS. [0x80070057:{CCvNetwork::Attach_RemoteService(1770)} + {CCvNetwork::Attach_RemoteService(1739)} + {CCvNetwork::LookupRegisteredPorts(4852)} + {CCvNetwork::LookupRegisteredPorts_Common(4925)} + {CCvNetwork::DemangleHostNameToComps(4998)/W32.87.(The parameter is incorrect. (ERROR_INVALID_PARAMETER.87))-Invalid mangled host name:[**8400*8402] passed. Please use mangled host name.}]], errorCode[150995030]
4584  1570  06/30 06:44:11 ### AppMgrSessionPoolSingleton::getSessionPoolInstance() -  [ cvd.exe ]  serverName [], clientName [].
4584  1570  06/30 06:44:11 ### ClientSessionWrapper::ClientSessionWrapper() -  [ cvd.exe ]  Could not get session from pool. Error:[0x80070306:{ClientSessionWrapper::initSessionPool(910)/W32.774.(One or more errors occurred while processing the request. (ERROR_ERRORS_ENCOUNTERED.774))-Could not create session pool object}]
4584  e74   06/30 06:44:11 ### ClientSessionWrapper::send() -  [ cvd.exe ]  Cannot connect to [AppManager network access], errorString[[ClientSessionWrapper::connectToCS] Error connecting to svc [AppManager network access] on CS. [0x80070057:{CCvNetwork::Attach_RemoteService(1770)} + {CCvNetwork::Attach_RemoteService(1739)} + {CCvNetwork::LookupRegisteredPorts(4852)} + {CCvNetwork::LookupRegisteredPorts_Common(4925)} + {CCvNetwork::DemangleHostNameToComps(4998)/W32.87.(The parameter is incorrect. (ERROR_INVALID_PARAMETER.87))-Invalid mangled host name:[**8400*8402] passed. Please use mangled host name.}]], errorCode[150995030]
4584  15b0  06/30 06:44:12 ### AppMgrSessionPoolSingleton::getSessionPoolInstance() -  [ cvd.exe ]  serverName [], clientName [].
4584  15b0  06/30 06:44:12 ### ClientSessionWrapper::ClientSessionWrapper() -  [ cvd.exe ]  Could not get session from pool. Error:[0x80070306:{ClientSessionWrapper::initSessionPool(910)/W32.774.(One or more errors occurred while processing the request. (ERROR_ERRORS_ENCOUNTERED.774))-Could not create session pool object}]
4584  1570  06/30 06:44:12 ### ClientSessionWrapper::send() -  [ cvd.exe ]  Cannot connect to [AppManager network access], errorString[[ClientSessionWrapper::connectToCS] Error connecting to svc [AppManager network access] on CS. [0x80070057:{CCvNetwork::Attach_RemoteService(1770)} + {CCvNetwork::Attach_RemoteService(1739)} + {CCvNetwork::LookupRegisteredPorts(4852)} + {CCvNetwork::LookupRegisteredPorts_Common(4925)} + {CCvNetwork::DemangleHostNameToComps(4998)/W32.87.(The parameter is incorrect. (ERROR_INVALID_PARAMETER.87))-Invalid mangled host name:[**8400*8402] passed. Please use mangled host name.}]], errorCode[150995030]
4584  13dc  06/30 06:44:12 ### AppMgrSessionPoolSingleton::getSessionPoolInstance() -  [ cvd.exe ]  serverName [], clientName [].
4584  13dc  06/30 06:44:12 ### ClientSessionWrapper::ClientSessionWrapper() -  [ cvd.exe ]  Could not get session from pool. Error:[0x80070306:{ClientSessionWrapper::initSessionPool(910)/W32.774.(One or more errors occurred while processing the request. (ERROR_ERRORS_ENCOUNTERED.774))-Could not create session pool object}]
4584  13dc  06/30 06:44:12 ### ClientSessionWrapper::send() -  [ cvd.exe ]  Cannot connect to [AppManager network access], errorString[[ClientSessionWrapper::connectToCS] Error connecting to svc [AppManager network access] on CS. [0x80070057:{CCvNetwork::Attach_RemoteService(1770)} + {CCvNetwork::Attach_RemoteService(1739)} + {CCvNetwork::LookupRegisteredPorts(4852)} + {CCvNetwork::LookupRegisteredPorts_Common(4925)} + {CCvNetwork::DemangleHostNameToComps(4998)/W32.87.(The parameter is incorrect. (ERROR_INVALID_PARAMETER.87))-Invalid mangled host name:[**8400*8402] passed. Please use mangled host name.}]], errorCode[150995030]
4584  15b0  06/30 06:44:12 ### ClientSessionWrapper::send() -  [ cvd.exe ]  Cannot connect to [AppManager network access], errorString[[ClientSessionWrapper::connectToCS] Error connecting to svc [AppManager network access] on CS. [0x80070057:{CCvNetwork::Attach_RemoteService(1770)} + {CCvNetwork::Attach_RemoteService(1739)} + {CCvNetwork::LookupRegisteredPorts(4852)} + {CCvNetwork::LookupRegisteredPorts_Common(4925)} + {CCvNetwork::DemangleHostNameToComps(4998)/W32.87.(The parameter is incorrect. (ERROR_INVALID_PARAMETER.87))-Invalid mangled host name:[**8400*8402] passed. Please use mangled host name.}]], errorCode[150995030]
4584  189c  06/30 06:44:12 ### AppMgrSessionPoolSingleton::getSessionPoolInstance() -  [ cvd.exe ]  serverName [], clientName [].
4584  189c  06/30 06:44:12 ### ClientSessionWrapper::ClientSessionWrapper() -  [ cvd.exe ]  Could not get session from pool. Error:[0x80070306:{ClientSessionWrapper::initSessionPool(910)/W32.774.(One or more errors occurred while processing the request. (ERROR_ERRORS_ENCOUNTERED.774))-Could not create session pool object}]
4584  15b0  06/30 06:44:12 ### AppMgrSessionPoolSingleton::getSessionPoolInstance() -  [ cvd.exe ]  serverName [], clientName [].
4584  189c  06/30 06:44:12 ### ClientSessionWrapper::send() -  [ cvd.exe ]  Cannot connect to [AppManager network access], errorString[[ClientSessionWrapper::connectToCS] Error connecting to svc [AppManager network access] on CS. [0x80070057:{CCvNetwork::Attach_RemoteService(1770)} + {CCvNetwork::Attach_RemoteService(1739)} + {CCvNetwork::LookupRegisteredPorts(4852)} + {CCvNetwork::LookupRegisteredPorts_Common(4925)} + {CCvNetwork::DemangleHostNameToComps(4998)/W32.87.(The parameter is incorrect. (ERROR_INVALID_PARAMETER.87))-Invalid mangled host name:[**8400*8402] passed. Please use mangled host name.}]], errorCode[150995030]
4584  15b0  06/30 06:44:12 ### ClientSessionWrapper::ClientSessionWrapper() -  [ cvd.exe ]  Could not get session from pool. Error:[0x80070306:{ClientSessionWrapper::initSessionPool(910)/W32.774.(One or more errors occurred while processing the request. (ERROR_ERRORS_ENCOUNTERED.774))-Could not create session pool object}]
4584  15b0  06/30 06:44:12 ### ClientSessionWrapper::send() -  [ cvd.exe ]  Cannot connect to [AppManager network access], errorString[[ClientSessionWrapper::connectToCS] Error connecting to svc [AppManager network access] on CS. [0x80070057:{CCvNetwork::Attach_RemoteService(1770)} + {CCvNetwork::Attach_RemoteService(1739)} + {CCvNetwork::LookupRegisteredPorts(4852)} + {CCvNetwork::LookupRegisteredPorts_Common(4925)} + {CCvNetwork::DemangleHostNameToComps(4998)/W32.87.(The parameter is incorrect. (ERROR_INVALID_PARAMETER.87))-Invalid mangled host name:[**8400*8402] passed. Please use mangled host name.}]], errorCode[150995030]
4584  15b0  06/30 06:44:12 ### AppMgrSessionPoolSingleton::getSessionPoolInstance() -  [ cvd.exe ]  serverName [], clientName [].
4584  15b0  06/30 06:44:12 ### ClientSessionWrapper::ClientSessionWrapper() -  [ cvd.exe ]  Could not get session from pool. Error:[0x80070306:{ClientSessionWrapper::initSessionPool(910)/W32.774.(One or more errors occurred while processing the request. (ERROR_ERRORS_ENCOUNTERED.774))-Could not create session pool object}]
4584  15b0  06/30 06:44:12 ### ClientSessionWrapper::send() -  [ cvd.exe ]  Cannot connect to [AppManager network access], errorString[[ClientSessionWrapper::connectToCS] Error connecting to svc [AppManager network access] on CS. [0x80070057:{CCvNetwork::Attach_RemoteService(1770)} + {CCvNetwork::Attach_RemoteService(1739)} + {CCvNetwork::LookupRegisteredPorts(4852)} + {CCvNetwork::LookupRegisteredPorts_Common(4925)} + {CCvNetwork::DemangleHostNameToComps(4998)/W32.87.(The parameter is incorrect. (ERROR_INVALID_PARAMETER.87))-Invalid mangled host name:[**8400*8402] passed. Please use mangled host name.}]], errorCode[150995030]
4584  1980  06/30 06:44:12 ### AppMgrSessionPoolSingleton::getSessionPoolInstance() -  [ cvd.exe ]  serverName [], clientName [].
4584  1980  06/30 06:44:12 ### ClientSessionWrapper::ClientSessionWrapper() -  [ cvd.exe ]  Could not get session from pool. Error:[0x80070306:{ClientSessionWrapper::initSessionPool(910)/W32.774.(One or more errors occurred while processing the request. (ERROR_ERRORS_ENCOUNTERED.774))-Could not create session pool object}]
4584  1980  06/30 06:44:12 ### ClientSessionWrapper::send() -  [ cvd.exe ]  Cannot connect to [AppManager network access], errorString[[ClientSessionWrapper::connectToCS] Error connecting to svc [AppManager network access] on CS. [0x80070057:{CCvNetwork::Attach_RemoteService(1770)} + {CCvNetwork::Attach_RemoteService(1739)} + {CCvNetwork::LookupRegisteredPorts(4852)} + {CCvNetwork::LookupRegisteredPorts_Common(4925)} + {CCvNetwork::DemangleHostNameToComps(4998)/W32.87.(The parameter is incorrect. (ERROR_INVALID_PARAMETER.87))-Invalid mangled host name:[**8400*8402] passed. Please use mangled host name.}]], errorCode[150995030]
4584  1994  06/30 06:44:12 ### AppMgrSessionPoolSingleton::getSessionPoolInstance() -  [ cvd.exe ]  serverName [], clientName [].
4584  1994  06/30 06:44:13 ### ClientSessionWrapper::ClientSessionWrapper() -  [ cvd.exe ]  Could not get session from pool. Error:[0x80070306:{ClientSessionWrapper::initSessionPool(910)/W32.774.(One or more errors occurred while processing the request. (ERROR_ERRORS_ENCOUNTERED.774))-Could not create session pool object}]
4584  18bc  06/30 06:44:13 ### AppMgrSessionPoolSingleton::getSessionPoolInstance() -  [ cvd.exe ]  serverName [], clientName [].
4584  18bc  06/30 06:44:13 ### ClientSessionWrapper::ClientSessionWrapper() -  [ cvd.exe ]  Could not get session from pool. Error:[0x80070306:{ClientSessionWrapper::initSessionPool(910)/W32.774.(One or more errors occurred while processing the request. (ERROR_ERRORS_ENCOUNTERED.774))-Could not create session pool object}]
4584  1994  06/30 06:44:13 ### ClientSessionWrapper::send() -  [ cvd.exe ]  Cannot connect to [AppManager network access], errorString[[ClientSessionWrapper::connectToCS] Error connecting to svc [AppManager network access] on CS. [0x80070057:{CCvNetwork::Attach_RemoteService(1770)} + {CCvNetwork::Attach_RemoteService(1739)} + {CCvNetwork::LookupRegisteredPorts(4852)} + {CCvNetwork::LookupRegisteredPorts_Common(4925)} + {CCvNetwork::DemangleHostNameToComps(4998)/W32.87.(The parameter is incorrect. (ERROR_INVALID_PARAMETER.87))-Invalid mangled host name:[**8400*8402] passed. Please use mangled host name.}]], errorCode[150995030]
4584  18bc  06/30 06:44:13 ### ClientSessionWrapper::send() -  [ cvd.exe ]  Cannot connect to [AppManager network access], errorString[[ClientSessionWrapper::connectToCS] Error connecting to svc [AppManager network access] on CS. [0x80070057:{CCvNetwork::Attach_RemoteService(1770)} + {CCvNetwork::Attach_RemoteService(1739)} + {CCvNetwork::LookupRegisteredPorts(4852)} + {CCvNetwork::LookupRegisteredPorts_Common(4925)} + {CCvNetwork::DemangleHostNameToComps(4998)/W32.87.(The parameter is incorrect. (ERROR_INVALID_PARAMETER.87))-Invalid mangled host name:[**8400*8402] passed. Please use mangled host name.}]], errorCode[150995030]
4584  18bc  06/30 06:44:13 ### AppMgrSessionPoolSingleton::getSessionPoolInstance() -  [ cvd.exe ]  serverName [], clientName [].
4584  18bc  06/30 06:44:13 ### ClientSessionWrapper::ClientSessionWrapper() -  [ cvd.exe ]  Could not get session from pool. Error:[0x80070306:{ClientSessionWrapper::initSessionPool(910)/W32.774.(One or more errors occurred while processing the request. (ERROR_ERRORS_ENCOUNTERED.774))-Could not create session pool object}]
4584  18bc  06/30 06:44:13 ### ClientSessionWrapper::send() -  [ cvd.exe ]  Cannot connect to [AppManager network access], errorString[[ClientSessionWrapper::connectToCS] Error connecting to svc [AppManager network access] on CS. [0x80070057:{CCvNetwork::Attach_RemoteService(1770)} + {CCvNetwork::Attach_RemoteService(1739)} + {CCvNetwork::LookupRegisteredPorts(4852)} + {CCvNetwork::LookupRegisteredPorts_Common(4925)} + {CCvNetwork::DemangleHostNameToComps(4998)/W32.87.(The parameter is incorrect. (ERROR_INVALID_PARAMETER.87))-Invalid mangled host name:[**8400*8402] passed. Please use mangled host name.}]], errorCode[150995030]
4584  18bc  06/30 06:44:13 ### AppMgrSessionPoolSingleton::getSessionPoolInstance() -  [ cvd.exe ]  serverName [], clientName [].
4584  18bc  06/30 06:44:13 ### ClientSessionWrapper::ClientSessionWrapper() -  [ cvd.exe ]  Could not get session from pool. Error:[0x80070306:{ClientSessionWrapper::initSessionPool(910)/W32.774.(One or more errors occurred while processing the request. (ERROR_ERRORS_ENCOUNTERED.774))-Could not create session pool object}]
4584  18bc  06/30 06:44:13 ### ClientSessionWrapper::send() -  [ cvd.exe ]  Cannot connect to [AppManager network access], errorString[[ClientSessionWrapper::connectToCS] Error connecting to svc [AppManager network access] on CS. [0x80070057:{CCvNetwork::Attach_RemoteService(1770)} + {CCvNetwork::Attach_RemoteService(1739)} + {CCvNetwork::LookupRegisteredPorts(4852)} + {CCvNetwork::LookupRegisteredPorts_Common(4925)} + {CCvNetwork::DemangleHostNameToComps(4998)/W32.87.(The parameter is incorrect. (ERROR_INVALID_PARAMETER.87))-Invalid mangled host name:[**8400*8402] passed. Please use mangled host name.}]], errorCode[150995030]
6816  1acc  06/30 06:44:14 ### CCS_SupportedPackages::isCCSDbOperationAllowed() -  [ BlrSvc.exe ]  isCCSDbAllowed [0] fsCore [0] sqlCore [0] invCfg [0]
6816  1acc  06/30 06:44:14 ### PlatformInfoSingleton::startCCSDbStatusMonitor() -  [ BlrSvc.exe ]  CCSDb Event Monitoring Thread NOT allowed on configuration.
6816  1acc  06/30 06:44:14 ### CCS_SupportedPackages::isCCSDbOperationAllowed() -  [ BlrSvc.exe ]  isCCSDbAllowed [0] fsCore [0] sqlCore [0] invCfg [0]
6816  1acc  06/30 06:44:14 ### PlatformInfoSingleton::SetFSCoreLaptop() -  [ BlrSvc.exe ]  bIsFSCoreLaptop from [0] to [0]
6816  1acc  06/30 06:44:14 ### PlatformInfoSingleton::SetCloudLaptop() -  [ BlrSvc.exe ]  bIsCloudLaptop from [0] to [0]
6816  1acc  06/30 06:44:14 ### PlatformInfoSingleton::SetEnableCCSDB() -  [ BlrSvc.exe ]  isUseCCSDBEnabled from [0] to [0]
6816  1acc  06/30 06:44:14 ### AppMgrSessionPoolSingleton::getSessionPoolInstance() -  [ BlrSvc.exe ]  serverName [], clientName [].
6816  1acc  06/30 06:44:14 ### ClientSessionWrapper::ClientSessionWrapper() -  [ BlrSvc.exe ]  Could not get session from pool. Error:[0x80070306:{ClientSessionWrapper::initSessionPool(910)/W32.774.(One or more errors occurred while processing the request. (ERROR_ERRORS_ENCOUNTERED.774))-Could not create session pool object}]
6816  1acc  06/30 06:44:14 ### ClientSessionWrapper::send() -  [ BlrSvc.exe ]  Cannot connect to [AppManager network access], errorString[[ClientSessionWrapper::connectToCS] Error connecting to svc [AppManager network access] on CS. [0x80070057:{CCvNetwork::Attach_RemoteService(1770)} + {CCvNetwork::Attach_RemoteService(1739)} + {CCvNetwork::LookupRegisteredPorts(4852)} + {CCvNetwork::LookupRegisteredPorts_Common(4925)} + {CCvNetwork::DemangleHostNameToComps(4998)/W32.87.(The parameter is incorrect. (ERROR_INVALID_PARAMETER.87))-Invalid mangled host name:[**8400*8402] passed. Please use mangled host name.}]], errorCode[150995030]
6816  1acc  06/30 06:44:14 ### AppMgrSessionPoolSingleton::getSessionPoolInstance() -  [ BlrSvc.exe ]  serverName [], clientName [].
6816  1acc  06/30 06:44:14 ### ClientSessionWrapper::ClientSessionWrapper() -  [ BlrSvc.exe ]  Could not get session from pool. Error:[0x80070306:{ClientSessionWrapper::initSessionPool(910)/W32.774.(One or more errors occurred while processing the request. (ERROR_ERRORS_ENCOUNTERED.774))-Could not create session pool object}]
6816  1acc  06/30 06:44:14 ### ClientSessionWrapper::send() -  [ BlrSvc.exe ]  Cannot connect to [AppManager network access], errorString[[ClientSessionWrapper::connectToCS] Error connecting to svc [AppManager network access] on CS. [0x80070057:{CCvNetwork::Attach_RemoteService(1770)} + {CCvNetwork::Attach_RemoteService(1739)} + {CCvNetwork::LookupRegisteredPorts(4852)} + {CCvNetwork::LookupRegisteredPorts_Common(4925)} + {CCvNetwork::DemangleHostNameToComps(4998)/W32.87.(The parameter is incorrect. (ERROR_INVALID_PARAMETER.87))-Invalid mangled host name:[**8400*8402] passed. Please use mangled host name.}]], errorCode[150995030]
6816  1acc  06/30 06:44:14 ### AppMgrSessionPoolSingleton::getSessionPoolInstance() -  [ BlrSvc.exe ]  serverName [], clientName [].
6816  1acc  06/30 06:44:14 ### ClientSessionWrapper::ClientSessionWrapper() -  [ BlrSvc.exe ]  Could not get session from pool. Error:[0x80070306:{ClientSessionWrapper::initSessionPool(910)/W32.774.(One or more errors occurred while processing the request. (ERROR_ERRORS_ENCOUNTERED.774))-Could not create session pool object}]
6816  1acc  06/30 06:44:14 ### ClientSessionWrapper::send() -  [ BlrSvc.exe ]  Cannot connect to [AppManager network access], errorString[[ClientSessionWrapper::connectToCS] Error connecting to svc [AppManager network access] on CS. [0x80070057:{CCvNetwork::Attach_RemoteService(1770)} + {CCvNetwork::Attach_RemoteService(1739)} + {CCvNetwork::LookupRegisteredPorts(4852)} + {CCvNetwork::LookupRegisteredPorts_Common(4925)} + {CCvNetwork::DemangleHostNameToComps(4998)/W32.87.(The parameter is incorrect. (ERROR_INVALID_PARAMETER.87))-Invalid mangled host name:[**8400*8402] passed. Please use mangled host name.}]], errorCode[150995030]
6816  1acc  06/30 06:44:14 ### AppMgrSessionPoolSingleton::getSessionPoolInstance() -  [ BlrSvc.exe ]  serverName [], clientName [].
6816  1acc  06/30 06:44:14 ### ClientSessionWrapper::ClientSessionWrapper() -  [ BlrSvc.exe ]  Could not get session from pool. Error:[0x80070306:{ClientSessionWrapper::initSessionPool(910)/W32.774.(One or more errors occurred while processing the request. (ERROR_ERRORS_ENCOUNTERED.774))-Could not create session pool object}]
6816  1acc  06/30 06:44:15 ### ClientSessionWrapper::send() -  [ BlrSvc.exe ]  Cannot connect to [AppManager network access], errorString[[ClientSessionWrapper::connectToCS] Error connecting to svc [AppManager network access] on CS. [0x80070057:{CCvNetwork::Attach_RemoteService(1770)} + {CCvNetwork::Attach_RemoteService(1739)} + {CCvNetwork::LookupRegisteredPorts(4852)} + {CCvNetwork::LookupRegisteredPorts_Common(4925)} + {CCvNetwork::DemangleHostNameToComps(4998)/W32.87.(The parameter is incorrect. (ERROR_INVALID_PARAMETER.87))-Invalid mangled host name:[**8400*8402] passed. Please use mangled host name.}]], errorCode[150995030]
4584  1980  06/30 06:44:15 ### AppMgrSessionPoolSingleton::getSessionPoolInstance() -  [ cvd.exe ]  serverName [], clientName [].
4584  1980  06/30 06:44:15 ### ClientSessionWrapper::ClientSessionWrapper() -  [ cvd.exe ]  Could not get session from pool. Error:[0x80070306:{ClientSessionWrapper::initSessionPool(910)/W32.774.(One or more errors occurred while processing the request. (ERROR_ERRORS_ENCOUNTERED.774))-Could not create session pool object}]
4584  1980  06/30 06:44:15 ### ClientSessionWrapper::send() -  [ cvd.exe ]  Cannot connect to [AppManager network access], errorString[[ClientSessionWrapper::connectToCS] Error connecting to svc [AppManager network access] on CS. [0x80070057:{CCvNetwork::Attach_RemoteService(1770)} + {CCvNetwork::Attach_RemoteService(1739)} + {CCvNetwork::LookupRegisteredPorts(4852)} + {CCvNetwork::LookupRegisteredPorts_Common(4925)} + {CCvNetwork::DemangleHostNameToComps(4998)/W32.87.(The parameter is incorrect. (ERROR_INVALID_PARAMETER.87))-Invalid mangled host name:[**8400*8402] passed. Please use mangled host name.}]], errorCode[150995030]
4584  184c  06/30 06:44:24 ### AppMgrSessionPoolSingleton::getSessionPoolInstance() -  [ cvd.exe ]  serverName [cms01039c1us02.cvmscloud.commvault.com], clientName [cms01039c1us02].
6704  1aac  06/30 06:44:27 ### CCS_SupportedPackages::isCCSDbOperationAllowed() -  [ ClMgrS.exe ]  isCCSDbAllowed [0] fsCore [0] sqlCore [0] invCfg [0]
6704  1aac  06/30 06:44:27 ### PlatformInfoSingleton::startCCSDbStatusMonitor() -  [ ClMgrS.exe ]  CCSDb Event Monitoring Thread NOT allowed on configuration.
6704  1aac  06/30 06:44:27 ### CCS_SupportedPackages::isCCSDbOperationAllowed() -  [ ClMgrS.exe ]  isCCSDbAllowed [0] fsCore [0] sqlCore [0] invCfg [0]
6704  1aac  06/30 06:44:27 ### PlatformInfoSingleton::SetFSCoreLaptop() -  [ ClMgrS.exe ]  bIsFSCoreLaptop from [0] to [0]
6704  1aac  06/30 06:44:27 ### PlatformInfoSingleton::SetCloudLaptop() -  [ ClMgrS.exe ]  bIsCloudLaptop from [0] to [0]
6704  1aac  06/30 06:44:27 ### PlatformInfoSingleton::SetEnableCCSDB() -  [ ClMgrS.exe ]  isUseCCSDBEnabled from [0] to [0]
6704  1aac  06/30 06:44:27 ### AppMgrSessionPoolSingleton::getSessionPoolInstance() -  [ ClMgrS.exe ]  serverName [cms01039c1us02.cvmscloud.commvault.com], clientName [cms01039c1us02].
6396  19e4  06/30 06:44:49 ### CCS_SupportedPackages::isCCSDbOperationAllowed() -  [ CVMountd.exe ]  isCCSDbAllowed [0] fsCore [0] sqlCore [0] invCfg [0]
6396  19e4  06/30 06:44:49 ### PlatformInfoSingleton::startCCSDbStatusMonitor() -  [ CVMountd.exe ]  CCSDb Event Monitoring Thread NOT allowed on configuration.
6396  19e4  06/30 06:44:49 ### CCS_SupportedPackages::isCCSDbOperationAllowed() -  [ CVMountd.exe ]  isCCSDbAllowed [0] fsCore [0] sqlCore [0] invCfg [0]
6396  19e4  06/30 06:44:49 ### PlatformInfoSingleton::SetFSCoreLaptop() -  [ CVMountd.exe ]  bIsFSCoreLaptop from [0] to [0]
6396  19e4  06/30 06:44:49 ### PlatformInfoSingleton::SetCloudLaptop() -  [ CVMountd.exe ]  bIsCloudLaptop from [0] to [0]
6396  19e4  06/30 06:44:50 ### PlatformInfoSingleton::SetEnableCCSDB() -  [ CVMountd.exe ]  isUseCCSDBEnabled from [0] to [0]
6396  19e4  06/30 06:44:50 ### AppMgrSessionPoolSingleton::getSessionPoolInstance() -  [ CVMountd.exe ]  serverName [cms01039c1us02.cvmscloud.commvault.com], clientName [cms01039c1us02].
4584  17e4  06/30 06:49:10 ### PlatformInfoSingleton::SetEnableCCSDB() -  [ cvd.exe ]  isUseCCSDBEnabled from [0] to [0]
4464  1ed0  06/30 06:57:35 ### CCS_SupportedPackages::isCCSDbOperationAllowed() -  [ cvd.exe ]  isCCSDbAllowed [0] fsCore [0] sqlCore [0] invCfg [0]
4464  1ed0  06/30 06:57:35 ### PlatformInfoSingleton::startCCSDbStatusMonitor() -  [ cvd.exe ]  CCSDb Event Monitoring Thread NOT allowed on configuration.
4464  1ed0  06/30 06:57:35 ### CCS_SupportedPackages::isCCSDbOperationAllowed() -  [ cvd.exe ]  isCCSDbAllowed [0] fsCore [0] sqlCore [0] invCfg [0]
4464  1ed0  06/30 06:57:35 ### PlatformInfoSingleton::SetFSCoreLaptop() -  [ cvd.exe ]  bIsFSCoreLaptop from [0] to [0]
4464  1ed0  06/30 06:57:35 ### PlatformInfoSingleton::SetCloudLaptop() -  [ cvd.exe ]  bIsCloudLaptop from [0] to [0]
4464  1ed0  06/30 06:57:35 ### PlatformInfoSingleton::SetEnableCCSDB() -  [ cvd.exe ]  isUseCCSDBEnabled from [0] to [0]
4464  1ed0  06/30 06:57:35 ### AppMgrSessionPoolSingleton::getSessionPoolInstance() -  [ cvd.exe ]  serverName [cms01039c1us02.cvmscloud.commvault.com], clientName [cms01039c1us02].
7360  191c  06/30 06:57:38 ### CCS_SupportedPackages::isCCSDbOperationAllowed() -  [ ClMgrS.exe ]  isCCSDbAllowed [0] fsCore [0] sqlCore [0] invCfg [0]
7360  191c  06/30 06:57:38 ### PlatformInfoSingleton::startCCSDbStatusMonitor() -  [ ClMgrS.exe ]  CCSDb Event Monitoring Thread NOT allowed on configuration.
7360  191c  06/30 06:57:38 ### CCS_SupportedPackages::isCCSDbOperationAllowed() -  [ ClMgrS.exe ]  isCCSDbAllowed [0] fsCore [0] sqlCore [0] invCfg [0]
7360  191c  06/30 06:57:38 ### PlatformInfoSingleton::SetFSCoreLaptop() -  [ ClMgrS.exe ]  bIsFSCoreLaptop from [0] to [0]
7360  191c  06/30 06:57:38 ### PlatformInfoSingleton::SetCloudLaptop() -  [ ClMgrS.exe ]  bIsCloudLaptop from [0] to [0]
7360  191c  06/30 06:57:38 ### PlatformInfoSingleton::SetEnableCCSDB() -  [ ClMgrS.exe ]  isUseCCSDBEnabled from [0] to [0]
7360  191c  06/30 06:57:38 ### AppMgrSessionPoolSingleton::getSessionPoolInstance() -  [ ClMgrS.exe ]  serverName [cms01039c1us02.cvmscloud.commvault.com], clientName [cms01039c1us02].
6920  19f0  06/30 06:57:38 ### CCS_SupportedPackages::isCCSDbOperationAllowed() -  [ BlrSvc.exe ]  isCCSDbAllowed [0] fsCore [0] sqlCore [0] invCfg [0]
6920  19f0  06/30 06:57:38 ### PlatformInfoSingleton::startCCSDbStatusMonitor() -  [ BlrSvc.exe ]  CCSDb Event Monitoring Thread NOT allowed on configuration.
6920  19f0  06/30 06:57:38 ### CCS_SupportedPackages::isCCSDbOperationAllowed() -  [ BlrSvc.exe ]  isCCSDbAllowed [0] fsCore [0] sqlCore [0] invCfg [0]
6920  19f0  06/30 06:57:38 ### PlatformInfoSingleton::SetFSCoreLaptop() -  [ BlrSvc.exe ]  bIsFSCoreLaptop from [0] to [0]
6920  19f0  06/30 06:57:38 ### PlatformInfoSingleton::SetCloudLaptop() -  [ BlrSvc.exe ]  bIsCloudLaptop from [0] to [0]
6920  19f0  06/30 06:57:38 ### PlatformInfoSingleton::SetEnableCCSDB() -  [ BlrSvc.exe ]  isUseCCSDBEnabled from [0] to [0]
6920  19f0  06/30 06:57:39 ### AppMgrSessionPoolSingleton::getSessionPoolInstance() -  [ BlrSvc.exe ]  serverName [cms01039c1us02.cvmscloud.commvault.com], clientName [cms01039c1us02].
7892  19cc  06/30 06:57:39 ### CCS_SupportedPackages::isCCSDbOperationAllowed() -  [ CVMountd.exe ]  isCCSDbAllowed [0] fsCore [0] sqlCore [0] invCfg [0]
7892  19cc  06/30 06:57:39 ### PlatformInfoSingleton::startCCSDbStatusMonitor() -  [ CVMountd.exe ]  CCSDb Event Monitoring Thread NOT allowed on configuration.
7892  19cc  06/30 06:57:39 ### CCS_SupportedPackages::isCCSDbOperationAllowed() -  [ CVMountd.exe ]  isCCSDbAllowed [0] fsCore [0] sqlCore [0] invCfg [0]
7892  19cc  06/30 06:57:39 ### PlatformInfoSingleton::SetFSCoreLaptop() -  [ CVMountd.exe ]  bIsFSCoreLaptop from [0] to [0]
7892  19cc  06/30 06:57:39 ### PlatformInfoSingleton::SetCloudLaptop() -  [ CVMountd.exe ]  bIsCloudLaptop from [0] to [0]
7892  19cc  06/30 06:57:39 ### PlatformInfoSingleton::SetEnableCCSDB() -  [ CVMountd.exe ]  isUseCCSDBEnabled from [0] to [0]
7892  19cc  06/30 06:57:39 ### AppMgrSessionPoolSingleton::getSessionPoolInstance() -  [ CVMountd.exe ]  serverName [cms01039c1us02.cvmscloud.commvault.com], clientName [cms01039c1us02].
7212  1878  06/30 06:58:41 ### CCS_SupportedPackages::isCCSDbOperationAllowed() -  [ IndexingService.exe ]  isCCSDbAllowed [0] fsCore [0] sqlCore [0] invCfg [0]
7212  1878  06/30 06:58:41 ### PlatformInfoSingleton::startCCSDbStatusMonitor() -  [ IndexingService.exe ]  CCSDb Event Monitoring Thread NOT allowed on configuration.
7212  1878  06/30 06:58:41 ### CCS_SupportedPackages::isCCSDbOperationAllowed() -  [ IndexingService.exe ]  isCCSDbAllowed [0] fsCore [0] sqlCore [0] invCfg [0]
7212  1878  06/30 06:58:41 ### PlatformInfoSingleton::SetFSCoreLaptop() -  [ IndexingService.exe ]  bIsFSCoreLaptop from [0] to [0]
7212  1878  06/30 06:58:41 ### PlatformInfoSingleton::SetCloudLaptop() -  [ IndexingService.exe ]  bIsCloudLaptop from [0] to [0]
7212  1878  06/30 06:58:41 ### PlatformInfoSingleton::SetEnableCCSDB() -  [ IndexingService.exe ]  isUseCCSDBEnabled from [0] to [0]
7212  1878  06/30 06:58:42 ### AppMgrSessionPoolSingleton::getSessionPoolInstance() -  [ IndexingService.exe ]  serverName [cms01039c1us02.cvmscloud.commvault.com], clientName [cms01039c1us02].
7068  1b8c  06/30 07:57:36 ### CCS_SupportedPackages::isCCSDbOperationAllowed() -  [ CVODS.exe ]  isCCSDbAllowed [0] fsCore [0] sqlCore [0] invCfg [0]
7068  1b8c  06/30 07:57:36 ### PlatformInfoSingleton::startCCSDbStatusMonitor() -  [ CVODS.exe ]  CCSDb Event Monitoring Thread NOT allowed on configuration.
7068  1b8c  06/30 07:57:36 ### CCS_SupportedPackages::isCCSDbOperationAllowed() -  [ CVODS.exe ]  isCCSDbAllowed [0] fsCore [0] sqlCore [0] invCfg [0]
7068  1b8c  06/30 07:57:36 ### PlatformInfoSingleton::SetFSCoreLaptop() -  [ CVODS.exe ]  bIsFSCoreLaptop from [0] to [0]
7068  1b8c  06/30 07:57:36 ### PlatformInfoSingleton::SetCloudLaptop() -  [ CVODS.exe ]  bIsCloudLaptop from [0] to [0]
7068  1b8c  06/30 07:57:36 ### PlatformInfoSingleton::SetEnableCCSDB() -  [ CVODS.exe ]  isUseCCSDBEnabled from [0] to [0]
7068  1b8c  06/30 07:57:36 ### AppMgrSessionPoolSingleton::getSessionPoolInstance() -  [ CVODS.exe ]  serverName [cms01039c1us02.cvmscloud.commvault.com], clientName [cms01039c1us02].
4448  1608  06/30 08:20:13 ### CCS_SupportedPackages::isCCSDbOperationAllowed() -  [ CVDistributor.exe ]  isCCSDbAllowed [0] fsCore [0] sqlCore [0] invCfg [0]
4448  1608  06/30 08:20:13 ### PlatformInfoSingleton::startCCSDbStatusMonitor() -  [ CVDistributor.exe ]  CCSDb Event Monitoring Thread NOT allowed on configuration.
4448  1608  06/30 08:20:13 ### CCS_SupportedPackages::isCCSDbOperationAllowed() -  [ CVDistributor.exe ]  isCCSDbAllowed [0] fsCore [0] sqlCore [0] invCfg [0]
4448  1608  06/30 08:20:13 ### PlatformInfoSingleton::SetFSCoreLaptop() -  [ CVDistributor.exe ]  bIsFSCoreLaptop from [0] to [0]
4448  1608  06/30 08:20:13 ### PlatformInfoSingleton::SetCloudLaptop() -  [ CVDistributor.exe ]  bIsCloudLaptop from [0] to [0]
4448  1608  06/30 08:20:13 ### PlatformInfoSingleton::SetEnableCCSDB() -  [ CVDistributor.exe ]  isUseCCSDBEnabled from [0] to [0]
4448  1608  06/30 08:20:13 ### AppMgrSessionPoolSingleton::getSessionPoolInstance() -  [ CVDistributor.exe ]  serverName [cms01039c1us02.cvmscloud.commvault.com], clientName [cms01039c1us02].
6884  1104  06/30 08:31:46 ### CCS_SupportedPackages::isCCSDbOperationAllowed() -  [ CVDistributor.exe ]  isCCSDbAllowed [0] fsCore [0] sqlCore [0] invCfg [0]
6884  1104  06/30 08:31:46 ### PlatformInfoSingleton::startCCSDbStatusMonitor() -  [ CVDistributor.exe ]  CCSDb Event Monitoring Thread NOT allowed on configuration.
6884  1104  06/30 08:31:46 ### CCS_SupportedPackages::isCCSDbOperationAllowed() -  [ CVDistributor.exe ]  isCCSDbAllowed [0] fsCore [0] sqlCore [0] invCfg [0]
6884  1104  06/30 08:31:46 ### PlatformInfoSingleton::SetFSCoreLaptop() -  [ CVDistributor.exe ]  bIsFSCoreLaptop from [0] to [0]
6884  1104  06/30 08:31:46 ### PlatformInfoSingleton::SetCloudLaptop() -  [ CVDistributor.exe ]  bIsCloudLaptop from [0] to [0]
6884  1104  06/30 08:31:46 ### PlatformInfoSingleton::SetEnableCCSDB() -  [ CVDistributor.exe ]  isUseCCSDBEnabled from [0] to [0]
6884  1104  06/30 08:31:46 ### AppMgrSessionPoolSingleton::getSessionPoolInstance() -  [ CVDistributor.exe ]  serverName [cms01039c1us02.cvmscloud.commvault.com], clientName [cms01039c1us02].
4712  63c   06/30 08:46:17 ### CCS_SupportedPackages::isCCSDbOperationAllowed() -  [ CVDistributor.exe ]  isCCSDbAllowed [0] fsCore [0] sqlCore [0] invCfg [0]
4712  63c   06/30 08:46:17 ### PlatformInfoSingleton::startCCSDbStatusMonitor() -  [ CVDistributor.exe ]  CCSDb Event Monitoring Thread NOT allowed on configuration.
4712  63c   06/30 08:46:17 ### CCS_SupportedPackages::isCCSDbOperationAllowed() -  [ CVDistributor.exe ]  isCCSDbAllowed [0] fsCore [0] sqlCore [0] invCfg [0]
4712  63c   06/30 08:46:17 ### PlatformInfoSingleton::SetFSCoreLaptop() -  [ CVDistributor.exe ]  bIsFSCoreLaptop from [0] to [0]
4712  63c   06/30 08:46:17 ### PlatformInfoSingleton::SetCloudLaptop() -  [ CVDistributor.exe ]  bIsCloudLaptop from [0] to [0]
4712  63c   06/30 08:46:17 ### PlatformInfoSingleton::SetEnableCCSDB() -  [ CVDistributor.exe ]  isUseCCSDBEnabled from [0] to [0]
4712  63c   06/30 08:46:17 ### AppMgrSessionPoolSingleton::getSessionPoolInstance() -  [ CVDistributor.exe ]  serverName [cms01039c1us02.cvmscloud.commvault.com], clientName [cms01039c1us02].
3880  145c  06/30 08:46:21 ### CCS_SupportedPackages::isCCSDbOperationAllowed() -  [ CVDistributor.exe ]  isCCSDbAllowed [0] fsCore [0] sqlCore [0] invCfg [0]
3880  145c  06/30 08:46:21 ### PlatformInfoSingleton::startCCSDbStatusMonitor() -  [ CVDistributor.exe ]  CCSDb Event Monitoring Thread NOT allowed on configuration.
3880  145c  06/30 08:46:21 ### CCS_SupportedPackages::isCCSDbOperationAllowed() -  [ CVDistributor.exe ]  isCCSDbAllowed [0] fsCore [0] sqlCore [0] invCfg [0]
3880  145c  06/30 08:46:21 ### PlatformInfoSingleton::SetFSCoreLaptop() -  [ CVDistributor.exe ]  bIsFSCoreLaptop from [0] to [0]
3880  145c  06/30 08:46:21 ### PlatformInfoSingleton::SetCloudLaptop() -  [ CVDistributor.exe ]  bIsCloudLaptop from [0] to [0]
3880  145c  06/30 08:46:21 ### PlatformInfoSingleton::SetEnableCCSDB() -  [ CVDistributor.exe ]  isUseCCSDBEnabled from [0] to [0]
3880  145c  06/30 08:46:21 ### AppMgrSessionPoolSingleton::getSessionPoolInstance() -  [ CVDistributor.exe ]  serverName [cms01039c1us02.cvmscloud.commvault.com], clientName [cms01039c1us02].
7716  18e8  06/30 08:47:30 ### CCS_SupportedPackages::isCCSDbOperationAllowed() -  [ CVODS.exe ]  isCCSDbAllowed [0] fsCore [0] sqlCore [0] invCfg [0]
7716  18e8  06/30 08:47:30 ### PlatformInfoSingleton::startCCSDbStatusMonitor() -  [ CVODS.exe ]  CCSDb Event Monitoring Thread NOT allowed on configuration.
7716  18e8  06/30 08:47:30 ### CCS_SupportedPackages::isCCSDbOperationAllowed() -  [ CVODS.exe ]  isCCSDbAllowed [0] fsCore [0] sqlCore [0] invCfg [0]
7716  18e8  06/30 08:47:30 ### PlatformInfoSingleton::SetFSCoreLaptop() -  [ CVODS.exe ]  bIsFSCoreLaptop from [0] to [0]
7716  18e8  06/30 08:47:30 ### PlatformInfoSingleton::SetCloudLaptop() -  [ CVODS.exe ]  bIsCloudLaptop from [0] to [0]
7716  18e8  06/30 08:47:30 ### PlatformInfoSingleton::SetEnableCCSDB() -  [ CVODS.exe ]  isUseCCSDBEnabled from [0] to [0]
7716  18e8  06/30 08:47:30 ### AppMgrSessionPoolSingleton::getSessionPoolInstance() -  [ CVODS.exe ]  serverName [cms01039c1us02.cvmscloud.commvault.com], clientName [cms01039c1us02].
5356  1394  06/30 08:47:32 ### CCS_SupportedPackages::isCCSDbOperationAllowed() -  [ CVODS.exe ]  isCCSDbAllowed [0] fsCore [0] sqlCore [0] invCfg [0]
5356  1394  06/30 08:47:32 ### PlatformInfoSingleton::startCCSDbStatusMonitor() -  [ CVODS.exe ]  CCSDb Event Monitoring Thread NOT allowed on configuration.
5356  1394  06/30 08:47:32 ### CCS_SupportedPackages::isCCSDbOperationAllowed() -  [ CVODS.exe ]  isCCSDbAllowed [0] fsCore [0] sqlCore [0] invCfg [0]
5356  1394  06/30 08:47:32 ### PlatformInfoSingleton::SetFSCoreLaptop() -  [ CVODS.exe ]  bIsFSCoreLaptop from [0] to [0]
5356  1394  06/30 08:47:32 ### PlatformInfoSingleton::SetCloudLaptop() -  [ CVODS.exe ]  bIsCloudLaptop from [0] to [0]
5356  1394  06/30 08:47:32 ### PlatformInfoSingleton::SetEnableCCSDB() -  [ CVODS.exe ]  isUseCCSDBEnabled from [0] to [0]
5356  1394  06/30 08:47:32 ### AppMgrSessionPoolSingleton::getSessionPoolInstance() -  [ CVODS.exe ]  serverName [cms01039c1us02.cvmscloud.commvault.com], clientName [cms01039c1us02].
1304  1f48  06/30 08:51:16 ### AppMgrSessionPoolSingleton::getSessionPoolInstance() -  [ CVDistributor.exe ]  serverName [cms01039c1us02.cvmscloud.commvault.com], clientName [cms01039c1us02].
1304  1f48  06/30 08:51:16 ### CCS_SupportedPackages::isCCSDbOperationAllowed() -  [ CVDistributor.exe ]  isCCSDbAllowed [0] fsCore [0] sqlCore [0] invCfg [0]
1304  1f48  06/30 08:51:16 ### PlatformInfoSingleton::startCCSDbStatusMonitor() -  [ CVDistributor.exe ]  CCSDb Event Monitoring Thread NOT allowed on configuration.
1304  1f48  06/30 08:51:16 ### CCS_SupportedPackages::isCCSDbOperationAllowed() -  [ CVDistributor.exe ]  isCCSDbAllowed [0] fsCore [0] sqlCore [0] invCfg [0]
1304  1f48  06/30 08:51:16 ### PlatformInfoSingleton::SetFSCoreLaptop() -  [ CVDistributor.exe ]  bIsFSCoreLaptop from [0] to [0]
1304  1f48  06/30 08:51:16 ### PlatformInfoSingleton::SetCloudLaptop() -  [ CVDistributor.exe ]  bIsCloudLaptop from [0] to [0]
1304  1f48  06/30 08:51:16 ### PlatformInfoSingleton::SetEnableCCSDB() -  [ CVDistributor.exe ]  isUseCCSDBEnabled from [0] to [0]
7224  1d48  06/30 08:51:26 ### CCS_SupportedPackages::isCCSDbOperationAllowed() -  [ CVDistributor.exe ]  isCCSDbAllowed [0] fsCore [0] sqlCore [0] invCfg [0]
7224  1d48  06/30 08:51:26 ### PlatformInfoSingleton::startCCSDbStatusMonitor() -  [ CVDistributor.exe ]  CCSDb Event Monitoring Thread NOT allowed on configuration.
7224  1d48  06/30 08:51:26 ### CCS_SupportedPackages::isCCSDbOperationAllowed() -  [ CVDistributor.exe ]  isCCSDbAllowed [0] fsCore [0] sqlCore [0] invCfg [0]
7224  1d48  06/30 08:51:26 ### PlatformInfoSingleton::SetFSCoreLaptop() -  [ CVDistributor.exe ]  bIsFSCoreLaptop from [0] to [0]
7224  1d48  06/30 08:51:26 ### PlatformInfoSingleton::SetCloudLaptop() -  [ CVDistributor.exe ]  bIsCloudLaptop from [0] to [0]
7224  1d48  06/30 08:51:26 ### PlatformInfoSingleton::SetEnableCCSDB() -  [ CVDistributor.exe ]  isUseCCSDBEnabled from [0] to [0]
7224  1d48  06/30 08:51:26 ### AppMgrSessionPoolSingleton::getSessionPoolInstance() -  [ CVDistributor.exe ]  serverName [cms01039c1us02.cvmscloud.commvault.com], clientName [cms01039c1us02].
7096  1a60  06/30 08:51:29 ### CCS_SupportedPackages::isCCSDbOperationAllowed() -  [ clRestore.exe ]  isCCSDbAllowed [0] fsCore [0] sqlCore [0] invCfg [0]
7096  1a60  06/30 08:51:29 ### PlatformInfoSingleton::startCCSDbStatusMonitor() -  [ clRestore.exe ]  CCSDb Event Monitoring Thread NOT allowed on configuration.
5672  162c  06/30 08:51:29 ### CCS_SupportedPackages::isCCSDbOperationAllowed() -  [ clRestore.exe ]  isCCSDbAllowed [0] fsCore [0] sqlCore [0] invCfg [0]
7096  1a60  06/30 08:51:29 ### CCS_SupportedPackages::isCCSDbOperationAllowed() -  [ clRestore.exe ]  isCCSDbAllowed [0] fsCore [0] sqlCore [0] invCfg [0]
5672  162c  06/30 08:51:29 ### PlatformInfoSingleton::startCCSDbStatusMonitor() -  [ clRestore.exe ]  CCSDb Event Monitoring Thread NOT allowed on configuration.
7096  1a60  06/30 08:51:29 ### PlatformInfoSingleton::SetFSCoreLaptop() -  [ clRestore.exe ]  bIsFSCoreLaptop from [0] to [0]
5672  162c  06/30 08:51:29 ### CCS_SupportedPackages::isCCSDbOperationAllowed() -  [ clRestore.exe ]  isCCSDbAllowed [0] fsCore [0] sqlCore [0] invCfg [0]
7096  1a60  06/30 08:51:29 ### PlatformInfoSingleton::SetCloudLaptop() -  [ clRestore.exe ]  bIsCloudLaptop from [0] to [0]
5672  162c  06/30 08:51:29 ### PlatformInfoSingleton::SetFSCoreLaptop() -  [ clRestore.exe ]  bIsFSCoreLaptop from [0] to [0]
7096  1a60  06/30 08:51:29 ### PlatformInfoSingleton::SetEnableCCSDB() -  [ clRestore.exe ]  isUseCCSDBEnabled from [0] to [0]
5672  162c  06/30 08:51:29 ### PlatformInfoSingleton::SetCloudLaptop() -  [ clRestore.exe ]  bIsCloudLaptop from [0] to [0]
5672  162c  06/30 08:51:29 ### PlatformInfoSingleton::SetEnableCCSDB() -  [ clRestore.exe ]  isUseCCSDBEnabled from [0] to [0]
7096  1a60  06/30 08:51:29 ### AppMgrSessionPoolSingleton::getSessionPoolInstance() -  [ clRestore.exe ]  serverName [cms01039c1us02.cvmscloud.commvault.com], clientName [cms01039c1us02].
5672  162c  06/30 08:51:29 ### AppMgrSessionPoolSingleton::getSessionPoolInstance() -  [ clRestore.exe ]  serverName [cms01039c1us02.cvmscloud.commvault.com], clientName [cms01039c1us02].
7144  1d68  06/30 08:51:29 ### CCS_SupportedPackages::isCCSDbOperationAllowed() -  [ clRestore.exe ]  isCCSDbAllowed [0] fsCore [0] sqlCore [0] invCfg [0]
7144  1d68  06/30 08:51:29 ### PlatformInfoSingleton::startCCSDbStatusMonitor() -  [ clRestore.exe ]  CCSDb Event Monitoring Thread NOT allowed on configuration.
7144  1d68  06/30 08:51:29 ### CCS_SupportedPackages::isCCSDbOperationAllowed() -  [ clRestore.exe ]  isCCSDbAllowed [0] fsCore [0] sqlCore [0] invCfg [0]
7144  1d68  06/30 08:51:29 ### PlatformInfoSingleton::SetFSCoreLaptop() -  [ clRestore.exe ]  bIsFSCoreLaptop from [0] to [0]
7144  1d68  06/30 08:51:30 ### PlatformInfoSingleton::SetCloudLaptop() -  [ clRestore.exe ]  bIsCloudLaptop from [0] to [0]
7144  1d68  06/30 08:51:30 ### PlatformInfoSingleton::SetEnableCCSDB() -  [ clRestore.exe ]  isUseCCSDBEnabled from [0] to [0]
5928  3a0   06/30 08:51:30 ### CCS_SupportedPackages::isCCSDbOperationAllowed() -  [ clRestore.exe ]  isCCSDbAllowed [0] fsCore [0] sqlCore [0] invCfg [0]
5928  3a0   06/30 08:51:30 ### PlatformInfoSingleton::startCCSDbStatusMonitor() -  [ clRestore.exe ]  CCSDb Event Monitoring Thread NOT allowed on configuration.
5928  3a0   06/30 08:51:30 ### CCS_SupportedPackages::isCCSDbOperationAllowed() -  [ clRestore.exe ]  isCCSDbAllowed [0] fsCore [0] sqlCore [0] invCfg [0]
7144  1d68  06/30 08:51:30 ### AppMgrSessionPoolSingleton::getSessionPoolInstance() -  [ clRestore.exe ]  serverName [cms01039c1us02.cvmscloud.commvault.com], clientName [cms01039c1us02].
5928  3a0   06/30 08:51:30 ### PlatformInfoSingleton::SetFSCoreLaptop() -  [ clRestore.exe ]  bIsFSCoreLaptop from [0] to [0]
3864  7ac   06/30 08:51:30 ### CCS_SupportedPackages::isCCSDbOperationAllowed() -  [ clRestore.exe ]  isCCSDbAllowed [0] fsCore [0] sqlCore [0] invCfg [0]
5928  3a0   06/30 08:51:30 ### PlatformInfoSingleton::SetCloudLaptop() -  [ clRestore.exe ]  bIsCloudLaptop from [0] to [0]
3864  7ac   06/30 08:51:30 ### PlatformInfoSingleton::startCCSDbStatusMonitor() -  [ clRestore.exe ]  CCSDb Event Monitoring Thread NOT allowed on configuration.
5928  3a0   06/30 08:51:30 ### PlatformInfoSingleton::SetEnableCCSDB() -  [ clRestore.exe ]  isUseCCSDBEnabled from [0] to [0]
3864  7ac   06/30 08:51:30 ### CCS_SupportedPackages::isCCSDbOperationAllowed() -  [ clRestore.exe ]  isCCSDbAllowed [0] fsCore [0] sqlCore [0] invCfg [0]
5928  3a0   06/30 08:51:30 ### AppMgrSessionPoolSingleton::getSessionPoolInstance() -  [ clRestore.exe ]  serverName [cms01039c1us02.cvmscloud.commvault.com], clientName [cms01039c1us02].
3864  7ac   06/30 08:51:30 ### PlatformInfoSingleton::SetFSCoreLaptop() -  [ clRestore.exe ]  bIsFSCoreLaptop from [0] to [0]
3864  7ac   06/30 08:51:30 ### PlatformInfoSingleton::SetCloudLaptop() -  [ clRestore.exe ]  bIsCloudLaptop from [0] to [0]
3864  7ac   06/30 08:51:30 ### PlatformInfoSingleton::SetEnableCCSDB() -  [ clRestore.exe ]  isUseCCSDBEnabled from [0] to [0]
3864  7ac   06/30 08:51:30 ### AppMgrSessionPoolSingleton::getSessionPoolInstance() -  [ clRestore.exe ]  serverName [cms01039c1us02.cvmscloud.commvault.com], clientName [cms01039c1us02].
3796  fa4   06/30 08:51:39 ### CCS_SupportedPackages::isCCSDbOperationAllowed() -  [ CvDiagnostics.exe ]  isCCSDbAllowed [0] fsCore [0] sqlCore [0] invCfg [0]
3796  fa4   06/30 08:51:39 ### PlatformInfoSingleton::startCCSDbStatusMonitor() -  [ CvDiagnostics.exe ]  CCSDb Event Monitoring Thread NOT allowed on configuration.
3796  fa4   06/30 08:51:39 ### CCS_SupportedPackages::isCCSDbOperationAllowed() -  [ CvDiagnostics.exe ]  isCCSDbAllowed [0] fsCore [0] sqlCore [0] invCfg [0]
3796  fa4   06/30 08:51:39 ### PlatformInfoSingleton::SetFSCoreLaptop() -  [ CvDiagnostics.exe ]  bIsFSCoreLaptop from [0] to [0]
3796  fa4   06/30 08:51:39 ### PlatformInfoSingleton::SetCloudLaptop() -  [ CvDiagnostics.exe ]  bIsCloudLaptop from [0] to [0]
3796  fa4   06/30 08:51:39 ### PlatformInfoSingleton::SetEnableCCSDB() -  [ CvDiagnostics.exe ]  isUseCCSDBEnabled from [0] to [0]
3796  fa4   06/30 08:51:39 ### AppMgrSessionPoolSingleton::getSessionPoolInstance() -  [ CvDiagnostics.exe ]  serverName [cms01039c1us02.cvmscloud.commvault.com], clientName [cms01039c1us02].
6828  1320  06/30 08:54:19 ### CCS_SupportedPackages::isCCSDbOperationAllowed() -  [ CvDiagnostics.exe ]  isCCSDbAllowed [0] fsCore [0] sqlCore [0] invCfg [0]
6828  1320  06/30 08:54:19 ### PlatformInfoSingleton::startCCSDbStatusMonitor() -  [ CvDiagnostics.exe ]  CCSDb Event Monitoring Thread NOT allowed on configuration.
6828  1320  06/30 08:54:20 ### CCS_SupportedPackages::isCCSDbOperationAllowed() -  [ CvDiagnostics.exe ]  isCCSDbAllowed [0] fsCore [0] sqlCore [0] invCfg [0]
6828  1320  06/30 08:54:20 ### PlatformInfoSingleton::SetFSCoreLaptop() -  [ CvDiagnostics.exe ]  bIsFSCoreLaptop from [0] to [0]
6828  1320  06/30 08:54:20 ### PlatformInfoSingleton::SetCloudLaptop() -  [ CvDiagnostics.exe ]  bIsCloudLaptop from [0] to [0]
6828  1320  06/30 08:54:20 ### PlatformInfoSingleton::SetEnableCCSDB() -  [ CvDiagnostics.exe ]  isUseCCSDBEnabled from [0] to [0]
6828  1320  06/30 08:54:20 ### AppMgrSessionPoolSingleton::getSessionPoolInstance() -  [ CvDiagnostics.exe ]  serverName [cms01039c1us02.cvmscloud.commvault.com], clientName [cms01039c1us02].
