********************************************************************************************
* Machine    : sanbgw:SanBGW (SanBGW) (Instance001)                                        *
* IP Addrs   : 192.168.1.190                                                               *
* Module     : CVPerfMgrRestore                                                            *
* Commserver : cms01039c1us02:cms01039c1us02.cvmscloud.commvault.com                       *
* Version    : 11.2801.21                                                                  *
* Date       : 2022/06/30 (Pacific Standard Time GMT-08:00)                                *
* OS Type    : Windows Server 2019 DatacenterMajor.: 6, Minor.: 2 Server 4.0  (Build 9200) *
********************************************************************************************

4464  1bdc  06/30 08:51:43 1087963 *CVPERFLOG*|134|3|37|1656604298|1656633098|1656604301|1656633101|1656604300|1656633100|1656604303|1656633103|81|0|*CVCOUNTER*|200|200|0|0|0|0|0|0|sanbgw|0|0|*CVCOUNTER*|8007|200|0|0|0|2|0|0|*|0|0|*CVCOUNTER*|8008|200|0|0|0|8|0|0|*|0|0|*CVCOUNTER*|8006|200|0|0|0|1|0|0|*|65496|0|*CVCOUNTER*|8000|200|0|0|0|8|0|0|*|17186|0|*CVCOUNTER*|8009|200|0|0|0|0|0|0|*|0|0|*CVCOUNTER*|10002|8009|0|0|0|0|0|0|TagData [8]|0|0|*CVCOUNTER*|10002|8009|0|0|0|0|0|0|TagDataSize [9566]|0|0|*CVCOUNTER*|2001|505|1656633101|0|0|7|0|0|*|76221|0|*CVCOUNTER*|2008|505|1656633101|0|0|5|0|0|*|18357|0|*CVCOUNTER*|2006|505|1656633101|0|0|5|0|0|*|18357|0|*CVCOUNTER*|2059|505|1656633101|0|0|0|0|0|*|0|0|*CVCOUNTER*|10002|2059|1656633101|0|0|0|0|0|Compression : LZO|0|0|*CVCOUNTER*|10002|2059|1656633101|0|0|0|0|0|Buf size : 65536|0|0|*CVCOUNTER*|10002|2059|1656633101|0|0|0|0|0|Buf count : 90|0|0|*CVCOUNTER*|10002|2059|1656633101|0|0|0|0|0|SDT threads : 50|0|0|*CVCOUNTER*|10002|2059|1656633101|0|0|0|0|0|Processor count : 2|0|0|*CVCOUNTER*|10002|2059|1656633101|0|0|0|0|0|Thread per Connection : 25|0|0|*CVCOUNTER*|10002|508|1656633101|0|0|0|0|0|Stream target: sanbgw|0|0|*CVCOUNTER*|2056|508|1656633101|3|0|7|0|0|*|76221|0|*CVCOUNTER*|2055|508|1656633101|0|0|5|0|0|*|18589|0|*CVCOUNTER*|2050|508|1656633101|0|0|5|0|0|*|1237|0|*CVCOUNTER*|2057|508|1656633101|0|0|0|0|0|*|0|0|*CVCOUNTER*|1006|508|1656633103|8|0|0|0|0|*|0|0|*CVCOUNTER*|8024|1|1656633103|1|0|0|0|0|*|18613|0|*CVCOUNTER*|8025|1|1656633103|0|0|0|0|0|*|18613|0|*CVCOUNTER*|8010|1|1656633103|0|0|8|0|0|*|0|0|*CVCOUNTER*|8011|1|1656633103|0|0|8|0|0|*|0|0|*CVCOUNTER*|8012|1|1656633103|0|0|8|0|0|*|0|0|*CVCOUNTER*|8013|1|1656633103|0|0|3|0|0|*|0|0|*CVCOUNTER*|8015|1|1656633103|0|0|8|0|0|*|0|0|*CVCOUNTER*|8017|1|1656633103|0|0|8|0|0|*|0|0|*CVCOUNTER*|8018|1|1656633103|0|0|8|0|0|*|0|0|*CVCOUNTER*|8019|1|1656633103|0|0|8|0|0|*|0|0|*CVCOUNTER*|8020|1|1656633103|0|0|8|0|0|*|0|0|*CVCOUNTER*|8022|1|1656633103|0|0|8|0|0|*|0|0|*CVCOUNTER*|8023|1|1656633103|0|0|8|0|0|*|0|0|
4464  1bdc  06/30 08:51:43 1087963 
|*3*|*Perf*|1087963| =======================================================================================
|*3*|*Perf*|1087963| Job-ID: 1087963            [Pipe-ID: 3]            [App-Type: 134]            [Data-Type: 0]
|*3*|*Perf*|1087963| Restore Target:  sanbgw
|*3*|*Perf*|1087963| Network medium:   SDT
|*3*|*Perf*|1087963| Head duration (Local):  [30,June,22 08:51:38  ~  30,June,22 08:51:41] 00:00:03 (3)
|*3*|*Perf*|1087963| Tail duration (Local):  [30,June,22 08:51:40  ~  30,June,22 08:51:43] 00:00:03 (3)
|*3*|*Perf*|1087963| --------------------------------------------------------------------------------------------------------------------------------
|*3*|*Perf*|1087963|     Perf-Counter                                                             Time(seconds)              Size
|*3*|*Perf*|1087963| --------------------------------------------------------------------------------------------------------------------------------
|*3*|*Perf*|1087963| 
|*3*|*Perf*|1087963| Media Agent
|*3*|*Perf*|1087963|  |_Media Agent[sanbgw].....................................................         -                          
|*3*|*Perf*|1087963|  |_control channel Idle....................................................         -                            [Samples - 2] [Avg - 0.000000]
|*3*|*Perf*|1087963|  |_Restore Seek............................................................         -                            [Samples - 8] [Avg - 0.000000]
|*3*|*Perf*|1087963|  |_Buffer allocation.......................................................         1                     65496  [63.96 KB]  [Samples - 1] [Avg - 0.000000]
|*3*|*Perf*|1087963|  |_Restore READ............................................................         1                     17186  [16.78 KB]  [Samples - 8] [Avg - 0.000000]
|*3*|*Perf*|1087963|  |_Restore Statistics......................................................         -                          
|*3*|*Perf*|1087963|    |_[TagData [8]].........................................................         -                          
|*3*|*Perf*|1087963|    |_[TagDataSize [9566]]..................................................         -                          
|*3*|*Perf*|1087963| 
|*3*|*Perf*|1087963| Reader Pipeline Modules[MediaAgent]
|*3*|*Perf*|1087963|  |_SDT: Receive Data.......................................................         1                     76221  [74.43 KB]  [Samples - 7] [Avg - 0.000000]
|*3*|*Perf*|1087963|  |_SDT-Head: CRC32 update..................................................         1                     18357  [17.93 KB]  [Samples - 5] [Avg - 0.000000]
|*3*|*Perf*|1087963|  |_SDT-Head: Network transfer..............................................         1                     18357  [17.93 KB]  [Samples - 5] [Avg - 0.000000]
|*3*|*Perf*|1087963|  |_SDT:Stats...............................................................         -                          
|*3*|*Perf*|1087963|    |_[Compression : LZO]...................................................         -                          
|*3*|*Perf*|1087963|    |_[Buf size : 65536]....................................................         -                          
|*3*|*Perf*|1087963|    |_[Buf count : 90]......................................................         -                          
|*3*|*Perf*|1087963|    |_[SDT threads : 50]....................................................         -                          
|*3*|*Perf*|1087963|    |_[Processor count : 2].................................................         -                          
|*3*|*Perf*|1087963|    |_[Thread per Connection : 25]..........................................         -                          
|*3*|*Perf*|1087963| 
|*3*|*Perf*|1087963| Writer Pipeline Modules[Client]
|*3*|*Perf*|1087963|  |_[Stream target: sanbgw].................................................         -                          
|*3*|*Perf*|1087963|  |_SDT-Tail: Wait to receive data from source..............................         3                     76221  [74.43 KB]  [Samples - 7] [Avg - 0.428571] [0.09 GBPH]
|*3*|*Perf*|1087963|  |_SDT-Tail: Decryption....................................................         1                     18589  [18.15 KB]  [Samples - 5] [Avg - 0.000000]
|*3*|*Perf*|1087963|  |_SDT-Tail: Uncompression.................................................         1                      1237  [1.21 KB]  [Samples - 5] [Avg - 0.000000]
|*3*|*Perf*|1087963|  |_SDT-Tail: Writer Tasks..................................................         -                          
|*3*|*Perf*|1087963|  |_CVA Read idle time......................................................         8                          
|*3*|*Perf*|1087963| 
|*3*|*Perf*|1087963| Windows File System Agent
|*3*|*Perf*|1087963|  |_Read Pipeline buffer....................................................         1                     18613  [18.18 KB] [0.06 GBPH]
|*3*|*Perf*|1087963|  |_Media Write.............................................................         -                     18613  [18.18 KB]
|*3*|*Perf*|1087963|  |_PL_FS_HDR - Processing Header...........................................         -                            [Samples - 8] [Avg - 0.000000]
|*3*|*Perf*|1087963|  |_PL_FS_DATA - WriteDataBuffer............................................         -                            [Samples - 8] [Avg - 0.000000]
|*3*|*Perf*|1087963|  |_PL_FS_EOF - Processing End Of File......................................         -                            [Samples - 8] [Avg - 0.000000]
|*3*|*Perf*|1087963|  |_Job Progress Update.....................................................         -                            [Samples - 3] [Avg - 0.000000]
|*3*|*Perf*|1087963|  |_Open file...............................................................         -                            [Samples - 8] [Avg - 0.000000]
|*3*|*Perf*|1087963|  |_OpenObject..............................................................         -                            [Samples - 8] [Avg - 0.000000]
|*3*|*Perf*|1087963|  |_FindFirstFile...........................................................         -                            [Samples - 8] [Avg - 0.000000]
|*3*|*Perf*|1087963|  |_RemoveFile..............................................................         -                            [Samples - 8] [Avg - 0.000000]
|*3*|*Perf*|1087963|  |_GetFileAttributes.......................................................         -                            [Samples - 8] [Avg - 0.000000]
|*3*|*Perf*|1087963|  |_CloseHandle.............................................................         -                            [Samples - 8] [Avg - 0.000000]
|*3*|*Perf*|1087963|  |_SetFileTime.............................................................         -                            [Samples - 8] [Avg - 0.000000]
|*3*|*Perf*|1087963| 
|*3*|*Perf*|1087963| ----------------------------------------------------------------------------------------------------
4464  324   06/30 08:51:45 1087963 *CVPERFLOG*|134|4|39|1656604298|1656633098|1656604301|1656633101|1656604300|1656633100|1656604305|1656633105|81|0|*CVCOUNTER*|200|200|0|0|0|0|0|0|sanbgw|0|0|*CVCOUNTER*|8007|200|0|0|0|2|0|0|*|0|0|*CVCOUNTER*|8008|200|0|0|0|8|0|0|*|0|0|*CVCOUNTER*|8006|200|0|0|0|1|0|0|*|65496|0|*CVCOUNTER*|8000|200|0|0|0|8|0|0|*|7759|0|*CVCOUNTER*|8009|200|0|0|0|0|0|0|*|0|0|*CVCOUNTER*|10002|8009|0|0|0|0|0|0|TagData [4]|0|0|*CVCOUNTER*|10002|8009|0|0|0|0|0|0|TagDataSize [403]|0|0|*CVCOUNTER*|2001|505|1656633101|0|0|7|0|0|*|66781|0|*CVCOUNTER*|2008|505|1656633101|0|0|5|0|0|*|8917|0|*CVCOUNTER*|2006|505|1656633101|0|0|5|0|0|*|8917|0|*CVCOUNTER*|2059|505|1656633101|0|0|0|0|0|*|0|0|*CVCOUNTER*|10002|2059|1656633101|0|0|0|0|0|Compression : LZO|0|0|*CVCOUNTER*|10002|2059|1656633101|0|0|0|0|0|Buf size : 65536|0|0|*CVCOUNTER*|10002|2059|1656633101|0|0|0|0|0|Buf count : 90|0|0|*CVCOUNTER*|10002|2059|1656633101|0|0|0|0|0|SDT threads : 50|0|0|*CVCOUNTER*|10002|2059|1656633101|0|0|0|0|0|Processor count : 2|0|0|*CVCOUNTER*|10002|2059|1656633101|0|0|0|0|0|Thread per Connection : 25|0|0|*CVCOUNTER*|10002|508|1656633101|0|0|0|0|0|Stream target: sanbgw|0|0|*CVCOUNTER*|2056|508|1656633101|3|0|7|0|0|*|66781|0|*CVCOUNTER*|2055|508|1656633101|0|0|4|0|0|*|8917|0|*CVCOUNTER*|2050|508|1656633101|0|0|4|0|0|*|1005|0|*CVCOUNTER*|2057|508|1656633101|0|0|0|0|0|*|0|0|*CVCOUNTER*|1006|508|1656633105|8|0|0|0|0|*|0|0|*CVCOUNTER*|8024|1|1656633105|1|0|0|0|0|*|3659|0|*CVCOUNTER*|8025|1|1656633105|0|0|0|0|0|*|3659|0|*CVCOUNTER*|8010|1|1656633105|0|0|8|0|0|*|0|0|*CVCOUNTER*|8011|1|1656633105|0|0|4|0|0|*|0|0|*CVCOUNTER*|8012|1|1656633105|0|0|8|0|0|*|0|0|*CVCOUNTER*|8013|1|1656633105|0|0|3|0|0|*|0|0|*CVCOUNTER*|8014|1|1656633105|0|0|4|0|0|*|0|0|*CVCOUNTER*|8015|1|1656633105|0|0|4|0|0|*|0|0|*CVCOUNTER*|8017|1|1656633105|0|0|8|0|0|*|0|0|*CVCOUNTER*|8018|1|1656633105|0|0|12|0|0|*|0|0|*CVCOUNTER*|8019|1|1656633105|0|0|4|0|0|*|0|0|*CVCOUNTER*|8020|1|1656633105|0|0|8|0|0|*|0|0|*CVCOUNTER*|8022|1|1656633105|0|0|8|0|0|*|0|0|*CVCOUNTER*|8023|1|1656633105|0|0|8|0|0|*|0|0|*CVCOUNTER*|8026|1|1656633105|0|0|4|0|0|*|0|0|
4464  324   06/30 08:51:45 1087963 
|*4*|*Perf*|1087963| =======================================================================================
|*4*|*Perf*|1087963| Job-ID: 1087963            [Pipe-ID: 4]            [App-Type: 134]            [Data-Type: 0]
|*4*|*Perf*|1087963| Restore Target:  sanbgw
|*4*|*Perf*|1087963| Network medium:   SDT
|*4*|*Perf*|1087963| Head duration (Local):  [30,June,22 08:51:38  ~  30,June,22 08:51:41] 00:00:03 (3)
|*4*|*Perf*|1087963| Tail duration (Local):  [30,June,22 08:51:40  ~  30,June,22 08:51:45] 00:00:05 (5)
|*4*|*Perf*|1087963| --------------------------------------------------------------------------------------------------------------------------------
|*4*|*Perf*|1087963|     Perf-Counter                                                             Time(seconds)              Size
|*4*|*Perf*|1087963| --------------------------------------------------------------------------------------------------------------------------------
|*4*|*Perf*|1087963| 
|*4*|*Perf*|1087963| Media Agent
|*4*|*Perf*|1087963|  |_Media Agent[sanbgw].....................................................         -                          
|*4*|*Perf*|1087963|  |_control channel Idle....................................................         -                            [Samples - 2] [Avg - 0.000000]
|*4*|*Perf*|1087963|  |_Restore Seek............................................................         -                            [Samples - 8] [Avg - 0.000000]
|*4*|*Perf*|1087963|  |_Buffer allocation.......................................................         1                     65496  [63.96 KB]  [Samples - 1] [Avg - 0.000000]
|*4*|*Perf*|1087963|  |_Restore READ............................................................         1                      7759  [7.58 KB]  [Samples - 8] [Avg - 0.000000]
|*4*|*Perf*|1087963|  |_Restore Statistics......................................................         -                          
|*4*|*Perf*|1087963|    |_[TagData [4]].........................................................         -                          
|*4*|*Perf*|1087963|    |_[TagDataSize [403]]...................................................         -                          
|*4*|*Perf*|1087963| 
|*4*|*Perf*|1087963| Reader Pipeline Modules[MediaAgent]
|*4*|*Perf*|1087963|  |_SDT: Receive Data.......................................................         1                     66781  [65.22 KB]  [Samples - 7] [Avg - 0.000000]
|*4*|*Perf*|1087963|  |_SDT-Head: CRC32 update..................................................         1                      8917  [8.71 KB]  [Samples - 5] [Avg - 0.000000]
|*4*|*Perf*|1087963|  |_SDT-Head: Network transfer..............................................         1                      8917  [8.71 KB]  [Samples - 5] [Avg - 0.000000]
|*4*|*Perf*|1087963|  |_SDT:Stats...............................................................         -                          
|*4*|*Perf*|1087963|    |_[Compression : LZO]...................................................         -                          
|*4*|*Perf*|1087963|    |_[Buf size : 65536]....................................................         -                          
|*4*|*Perf*|1087963|    |_[Buf count : 90]......................................................         -                          
|*4*|*Perf*|1087963|    |_[SDT threads : 50]....................................................         -                          
|*4*|*Perf*|1087963|    |_[Processor count : 2].................................................         -                          
|*4*|*Perf*|1087963|    |_[Thread per Connection : 25]..........................................         -                          
|*4*|*Perf*|1087963| 
|*4*|*Perf*|1087963| Writer Pipeline Modules[Client]
|*4*|*Perf*|1087963|  |_[Stream target: sanbgw].................................................         -                          
|*4*|*Perf*|1087963|  |_SDT-Tail: Wait to receive data from source..............................         3                     66781  [65.22 KB]  [Samples - 7] [Avg - 0.428571] [0.07 GBPH]
|*4*|*Perf*|1087963|  |_SDT-Tail: Decryption....................................................         1                      8917  [8.71 KB]  [Samples - 4] [Avg - 0.000000]
|*4*|*Perf*|1087963|  |_SDT-Tail: Uncompression.................................................         1                      1005  [1 KB]  [Samples - 4] [Avg - 0.000000]
|*4*|*Perf*|1087963|  |_SDT-Tail: Writer Tasks..................................................         -                          
|*4*|*Perf*|1087963|  |_CVA Read idle time......................................................         8                          
|*4*|*Perf*|1087963| 
|*4*|*Perf*|1087963| Windows File System Agent
|*4*|*Perf*|1087963|  |_Read Pipeline buffer....................................................         1                      3659  [3.57 KB] [0.01 GBPH]
|*4*|*Perf*|1087963|  |_Media Write.............................................................         -                      3659  [3.57 KB]
|*4*|*Perf*|1087963|  |_PL_FS_HDR - Processing Header...........................................         -                            [Samples - 8] [Avg - 0.000000]
|*4*|*Perf*|1087963|  |_PL_FS_DATA - WriteDataBuffer............................................         -                            [Samples - 4] [Avg - 0.000000]
|*4*|*Perf*|1087963|  |_PL_FS_EOF - Processing End Of File......................................         -                            [Samples - 8] [Avg - 0.000000]
|*4*|*Perf*|1087963|  |_Job Progress Update.....................................................         -                            [Samples - 3] [Avg - 0.000000]
|*4*|*Perf*|1087963|  |_Open directory..........................................................         -                            [Samples - 4] [Avg - 0.000000]
|*4*|*Perf*|1087963|  |_Open file...............................................................         -                            [Samples - 4] [Avg - 0.000000]
|*4*|*Perf*|1087963|  |_OpenObject..............................................................         -                            [Samples - 8] [Avg - 0.000000]
|*4*|*Perf*|1087963|  |_FindFirstFile...........................................................         -                            [Samples - 12] [Avg - 0.000000]
|*4*|*Perf*|1087963|  |_RemoveFile..............................................................         -                            [Samples - 4] [Avg - 0.000000]
|*4*|*Perf*|1087963|  |_GetFileAttributes.......................................................         -                            [Samples - 8] [Avg - 0.000000]
|*4*|*Perf*|1087963|  |_CloseHandle.............................................................         -                            [Samples - 8] [Avg - 0.000000]
|*4*|*Perf*|1087963|  |_SetFileTime.............................................................         -                            [Samples - 8] [Avg - 0.000000]
|*4*|*Perf*|1087963|  |_Junction & mount info...................................................         -                            [Samples - 4] [Avg - 0.000000]
|*4*|*Perf*|1087963| 
|*4*|*Perf*|1087963| ----------------------------------------------------------------------------------------------------
4464  1950  06/30 08:51:47 1087963 *CVPERFLOG*|134|2|39|1656604298|1656633098|1656604301|1656633101|1656604299|1656633099|1656604307|1656633107|81|0|*CVCOUNTER*|200|200|0|0|0|0|0|0|sanbgw|0|0|*CVCOUNTER*|8007|200|0|0|0|2|0|0|*|0|0|*CVCOUNTER*|8008|200|0|0|0|8|0|0|*|0|0|*CVCOUNTER*|8006|200|0|0|0|1|0|0|*|65496|0|*CVCOUNTER*|8000|200|0|0|0|8|0|0|*|13431|0|*CVCOUNTER*|8009|200|0|0|0|0|0|0|*|0|0|*CVCOUNTER*|10002|8009|0|0|0|0|0|0|TagData [7]|0|0|*CVCOUNTER*|10002|8009|0|0|0|0|0|0|TagDataSize [5925]|0|0|*CVCOUNTER*|2001|505|1656633101|0|0|6|0|0|*|72237|0|*CVCOUNTER*|2008|505|1656633101|0|0|5|0|0|*|14605|0|*CVCOUNTER*|2006|505|1656633101|0|0|5|0|0|*|14605|0|*CVCOUNTER*|2059|505|1656633101|0|0|0|0|0|*|0|0|*CVCOUNTER*|10002|2059|1656633101|0|0|0|0|0|Compression : LZO|0|0|*CVCOUNTER*|10002|2059|1656633101|0|0|0|0|0|Buf size : 65536|0|0|*CVCOUNTER*|10002|2059|1656633101|0|0|0|0|0|Buf count : 90|0|0|*CVCOUNTER*|10002|2059|1656633101|0|0|0|0|0|SDT threads : 50|0|0|*CVCOUNTER*|10002|2059|1656633101|0|0|0|0|0|Processor count : 2|0|0|*CVCOUNTER*|10002|2059|1656633101|0|0|0|0|0|Thread per Connection : 25|0|0|*CVCOUNTER*|10002|508|1656633101|0|0|0|0|0|Stream target: sanbgw|0|0|*CVCOUNTER*|2056|508|1656633101|4|0|7|0|0|*|72469|0|*CVCOUNTER*|2055|508|1656633101|0|0|4|0|0|*|14605|0|*CVCOUNTER*|2050|508|1656633101|0|0|4|0|0|*|1005|0|*CVCOUNTER*|2057|508|1656633101|0|0|0|0|0|*|0|0|*CVCOUNTER*|1006|508|1656633107|8|0|0|0|0|*|0|0|*CVCOUNTER*|8024|1|1656633107|1|0|0|0|0|*|11989|0|*CVCOUNTER*|8025|1|1656633107|0|0|0|0|0|*|11989|0|*CVCOUNTER*|8010|1|1656633107|0|0|8|0|0|*|0|0|*CVCOUNTER*|8011|1|1656633107|0|0|7|0|0|*|0|0|*CVCOUNTER*|8012|1|1656633107|0|0|8|0|0|*|0|0|*CVCOUNTER*|8013|1|1656633107|0|0|3|0|0|*|0|0|*CVCOUNTER*|8014|1|1656633107|0|0|1|0|0|*|0|0|*CVCOUNTER*|8015|1|1656633107|0|0|7|0|0|*|0|0|*CVCOUNTER*|8017|1|1656633107|0|0|8|0|0|*|0|0|*CVCOUNTER*|8018|1|1656633107|0|0|9|0|0|*|0|0|*CVCOUNTER*|8019|1|1656633107|0|0|7|0|0|*|0|0|*CVCOUNTER*|8020|1|1656633107|0|0|8|0|0|*|0|0|*CVCOUNTER*|8022|1|1656633107|0|0|8|0|0|*|0|0|*CVCOUNTER*|8023|1|1656633107|0|0|8|0|0|*|0|0|*CVCOUNTER*|8026|1|1656633107|0|0|1|0|0|*|0|0|
4464  1950  06/30 08:51:47 1087963 
|*2*|*Perf*|1087963| =======================================================================================
|*2*|*Perf*|1087963| Job-ID: 1087963            [Pipe-ID: 2]            [App-Type: 134]            [Data-Type: 0]
|*2*|*Perf*|1087963| Restore Target:  sanbgw
|*2*|*Perf*|1087963| Network medium:   SDT
|*2*|*Perf*|1087963| Head duration (Local):  [30,June,22 08:51:38  ~  30,June,22 08:51:41] 00:00:03 (3)
|*2*|*Perf*|1087963| Tail duration (Local):  [30,June,22 08:51:39  ~  30,June,22 08:51:47] 00:00:08 (8)
|*2*|*Perf*|1087963| --------------------------------------------------------------------------------------------------------------------------------
|*2*|*Perf*|1087963|     Perf-Counter                                                             Time(seconds)              Size
|*2*|*Perf*|1087963| --------------------------------------------------------------------------------------------------------------------------------
|*2*|*Perf*|1087963| 
|*2*|*Perf*|1087963| Media Agent
|*2*|*Perf*|1087963|  |_Media Agent[sanbgw].....................................................         -                          
|*2*|*Perf*|1087963|  |_control channel Idle....................................................         -                            [Samples - 2] [Avg - 0.000000]
|*2*|*Perf*|1087963|  |_Restore Seek............................................................         -                            [Samples - 8] [Avg - 0.000000]
|*2*|*Perf*|1087963|  |_Buffer allocation.......................................................         1                     65496  [63.96 KB]  [Samples - 1] [Avg - 0.000000]
|*2*|*Perf*|1087963|  |_Restore READ............................................................         1                     13431  [13.12 KB]  [Samples - 8] [Avg - 0.000000]
|*2*|*Perf*|1087963|  |_Restore Statistics......................................................         -                          
|*2*|*Perf*|1087963|    |_[TagData [7]].........................................................         -                          
|*2*|*Perf*|1087963|    |_[TagDataSize [5925]]..................................................         -                          
|*2*|*Perf*|1087963| 
|*2*|*Perf*|1087963| Reader Pipeline Modules[MediaAgent]
|*2*|*Perf*|1087963|  |_SDT: Receive Data.......................................................         1                     72237  [70.54 KB]  [Samples - 6] [Avg - 0.000000]
|*2*|*Perf*|1087963|  |_SDT-Head: CRC32 update..................................................         1                     14605  [14.26 KB]  [Samples - 5] [Avg - 0.000000]
|*2*|*Perf*|1087963|  |_SDT-Head: Network transfer..............................................         1                     14605  [14.26 KB]  [Samples - 5] [Avg - 0.000000]
|*2*|*Perf*|1087963|  |_SDT:Stats...............................................................         -                          
|*2*|*Perf*|1087963|    |_[Compression : LZO]...................................................         -                          
|*2*|*Perf*|1087963|    |_[Buf size : 65536]....................................................         -                          
|*2*|*Perf*|1087963|    |_[Buf count : 90]......................................................         -                          
|*2*|*Perf*|1087963|    |_[SDT threads : 50]....................................................         -                          
|*2*|*Perf*|1087963|    |_[Processor count : 2].................................................         -                          
|*2*|*Perf*|1087963|    |_[Thread per Connection : 25]..........................................         -                          
|*2*|*Perf*|1087963| 
|*2*|*Perf*|1087963| Writer Pipeline Modules[Client]
|*2*|*Perf*|1087963|  |_[Stream target: sanbgw].................................................         -                          
|*2*|*Perf*|1087963|  |_SDT-Tail: Wait to receive data from source..............................         4                     72469  [70.77 KB]  [Samples - 7] [Avg - 0.571429] [0.06 GBPH]
|*2*|*Perf*|1087963|  |_SDT-Tail: Decryption....................................................         1                     14605  [14.26 KB]  [Samples - 4] [Avg - 0.000000]
|*2*|*Perf*|1087963|  |_SDT-Tail: Uncompression.................................................         1                      1005  [1 KB]  [Samples - 4] [Avg - 0.000000]
|*2*|*Perf*|1087963|  |_SDT-Tail: Writer Tasks..................................................         -                          
|*2*|*Perf*|1087963|  |_CVA Read idle time......................................................         8                          
|*2*|*Perf*|1087963| 
|*2*|*Perf*|1087963| Windows File System Agent
|*2*|*Perf*|1087963|  |_Read Pipeline buffer....................................................         1                     11989  [11.71 KB] [0.04 GBPH]
|*2*|*Perf*|1087963|  |_Media Write.............................................................         -                     11989  [11.71 KB]
|*2*|*Perf*|1087963|  |_PL_FS_HDR - Processing Header...........................................         -                            [Samples - 8] [Avg - 0.000000]
|*2*|*Perf*|1087963|  |_PL_FS_DATA - WriteDataBuffer............................................         -                            [Samples - 7] [Avg - 0.000000]
|*2*|*Perf*|1087963|  |_PL_FS_EOF - Processing End Of File......................................         -                            [Samples - 8] [Avg - 0.000000]
|*2*|*Perf*|1087963|  |_Job Progress Update.....................................................         -                            [Samples - 3] [Avg - 0.000000]
|*2*|*Perf*|1087963|  |_Open directory..........................................................         -                            [Samples - 1] [Avg - 0.000000]
|*2*|*Perf*|1087963|  |_Open file...............................................................         -                            [Samples - 7] [Avg - 0.000000]
|*2*|*Perf*|1087963|  |_OpenObject..............................................................         -                            [Samples - 8] [Avg - 0.000000]
|*2*|*Perf*|1087963|  |_FindFirstFile...........................................................         -                            [Samples - 9] [Avg - 0.000000]
|*2*|*Perf*|1087963|  |_RemoveFile..............................................................         -                            [Samples - 7] [Avg - 0.000000]
|*2*|*Perf*|1087963|  |_GetFileAttributes.......................................................         -                            [Samples - 8] [Avg - 0.000000]
|*2*|*Perf*|1087963|  |_CloseHandle.............................................................         -                            [Samples - 8] [Avg - 0.000000]
|*2*|*Perf*|1087963|  |_SetFileTime.............................................................         -                            [Samples - 8] [Avg - 0.000000]
|*2*|*Perf*|1087963|  |_Junction & mount info...................................................         -                            [Samples - 1] [Avg - 0.000000]
|*2*|*Perf*|1087963| 
|*2*|*Perf*|1087963| ----------------------------------------------------------------------------------------------------
4464  324   06/30 08:51:49 1087963 *CVPERFLOG*|134|5|39|1656604299|1656633099|1656604301|1656633101|1656604300|1656633100|1656604309|1656633109|81|0|*CVCOUNTER*|200|200|0|0|0|0|0|0|sanbgw|0|0|*CVCOUNTER*|8007|200|0|0|0|2|0|0|*|0|0|*CVCOUNTER*|8008|200|0|0|0|7|0|0|*|0|0|*CVCOUNTER*|8006|200|0|0|0|3|0|0|*|196488|0|*CVCOUNTER*|8000|200|0|0|0|9|0|0|*|85466|0|*CVCOUNTER*|8009|200|0|0|0|0|0|0|*|0|0|*CVCOUNTER*|10002|8009|0|0|0|0|0|0|TagData [2]|0|0|*CVCOUNTER*|10002|8009|0|0|0|0|0|0|TagDataSize [79080]|0|0|*CVCOUNTER*|2001|505|1656633101|0|0|9|0|0|*|144549|0|*CVCOUNTER*|2008|505|1656633101|0|0|7|0|0|*|86685|0|*CVCOUNTER*|2006|505|1656633101|0|0|7|0|0|*|86685|0|*CVCOUNTER*|2059|505|1656633101|0|0|0|0|0|*|0|0|*CVCOUNTER*|10002|2059|1656633101|0|0|0|0|0|Compression : LZO|0|0|*CVCOUNTER*|10002|2059|1656633101|0|0|0|0|0|Buf size : 65536|0|0|*CVCOUNTER*|10002|2059|1656633101|0|0|0|0|0|Buf count : 90|0|0|*CVCOUNTER*|10002|2059|1656633101|0|0|0|0|0|SDT threads : 50|0|0|*CVCOUNTER*|10002|2059|1656633101|0|0|0|0|0|Processor count : 2|0|0|*CVCOUNTER*|10002|2059|1656633101|0|0|0|0|0|Thread per Connection : 25|0|0|*CVCOUNTER*|10002|508|1656633101|0|0|0|0|0|Stream target: sanbgw|0|0|*CVCOUNTER*|2056|508|1656633101|4|0|9|0|0|*|144549|0|*CVCOUNTER*|2055|508|1656633101|0|0|5|0|0|*|86685|0|*CVCOUNTER*|2050|508|1656633101|0|0|5|0|0|*|6133|0|*CVCOUNTER*|2057|508|1656633101|0|0|0|0|0|*|0|0|*CVCOUNTER*|1006|508|1656633109|8|0|0|0|0|*|0|0|*CVCOUNTER*|8024|1|1656633109|1|0|0|0|0|*|82022|0|*CVCOUNTER*|8025|1|1656633109|0|0|0|0|0|*|82022|0|*CVCOUNTER*|8010|1|1656633109|0|0|7|0|0|*|0|0|*CVCOUNTER*|8011|1|1656633109|0|0|2|0|0|*|0|0|*CVCOUNTER*|8012|1|1656633109|0|0|7|0|0|*|0|0|*CVCOUNTER*|8013|1|1656633109|0|0|3|0|0|*|0|0|*CVCOUNTER*|8014|1|1656633109|0|0|6|0|0|*|0|0|*CVCOUNTER*|8015|1|1656633109|0|0|1|0|0|*|0|0|*CVCOUNTER*|8017|1|1656633109|0|0|7|0|0|*|0|0|*CVCOUNTER*|8018|1|1656633109|0|0|13|0|0|*|0|0|*CVCOUNTER*|8019|1|1656633109|0|0|1|0|0|*|0|0|*CVCOUNTER*|8020|1|1656633109|0|0|7|0|0|*|0|0|*CVCOUNTER*|8022|1|1656633109|0|0|7|0|0|*|0|0|*CVCOUNTER*|8023|1|1656633109|0|0|7|0|0|*|0|0|*CVCOUNTER*|8026|1|1656633109|0|0|6|0|0|*|0|0|
4464  324   06/30 08:51:49 1087963 
|*5*|*Perf*|1087963| =======================================================================================
|*5*|*Perf*|1087963| Job-ID: 1087963            [Pipe-ID: 5]            [App-Type: 134]            [Data-Type: 0]
|*5*|*Perf*|1087963| Restore Target:  sanbgw
|*5*|*Perf*|1087963| Network medium:   SDT
|*5*|*Perf*|1087963| Head duration (Local):  [30,June,22 08:51:39  ~  30,June,22 08:51:41] 00:00:02 (2)
|*5*|*Perf*|1087963| Tail duration (Local):  [30,June,22 08:51:40  ~  30,June,22 08:51:49] 00:00:09 (9)
|*5*|*Perf*|1087963| --------------------------------------------------------------------------------------------------------------------------------
|*5*|*Perf*|1087963|     Perf-Counter                                                             Time(seconds)              Size
|*5*|*Perf*|1087963| --------------------------------------------------------------------------------------------------------------------------------
|*5*|*Perf*|1087963| 
|*5*|*Perf*|1087963| Media Agent
|*5*|*Perf*|1087963|  |_Media Agent[sanbgw].....................................................         -                          
|*5*|*Perf*|1087963|  |_control channel Idle....................................................         -                            [Samples - 2] [Avg - 0.000000]
|*5*|*Perf*|1087963|  |_Restore Seek............................................................         -                            [Samples - 7] [Avg - 0.000000]
|*5*|*Perf*|1087963|  |_Buffer allocation.......................................................         1                    196488  [191.88 KB]  [Samples - 3] [Avg - 0.000000]
|*5*|*Perf*|1087963|  |_Restore READ............................................................         1                     85466  [83.46 KB]  [Samples - 9] [Avg - 0.000000]
|*5*|*Perf*|1087963|  |_Restore Statistics......................................................         -                          
|*5*|*Perf*|1087963|    |_[TagData [2]].........................................................         -                          
|*5*|*Perf*|1087963|    |_[TagDataSize [79080]].................................................         -                          
|*5*|*Perf*|1087963| 
|*5*|*Perf*|1087963| Reader Pipeline Modules[MediaAgent]
|*5*|*Perf*|1087963|  |_SDT: Receive Data.......................................................         1                    144549  [141.16 KB]  [Samples - 9] [Avg - 0.000000]
|*5*|*Perf*|1087963|  |_SDT-Head: CRC32 update..................................................         1                     86685  [84.65 KB]  [Samples - 7] [Avg - 0.000000]
|*5*|*Perf*|1087963|  |_SDT-Head: Network transfer..............................................         1                     86685  [84.65 KB]  [Samples - 7] [Avg - 0.000000]
|*5*|*Perf*|1087963|  |_SDT:Stats...............................................................         -                          
|*5*|*Perf*|1087963|    |_[Compression : LZO]...................................................         -                          
|*5*|*Perf*|1087963|    |_[Buf size : 65536]....................................................         -                          
|*5*|*Perf*|1087963|    |_[Buf count : 90]......................................................         -                          
|*5*|*Perf*|1087963|    |_[SDT threads : 50]....................................................         -                          
|*5*|*Perf*|1087963|    |_[Processor count : 2].................................................         -                          
|*5*|*Perf*|1087963|    |_[Thread per Connection : 25]..........................................         -                          
|*5*|*Perf*|1087963| 
|*5*|*Perf*|1087963| Writer Pipeline Modules[Client]
|*5*|*Perf*|1087963|  |_[Stream target: sanbgw].................................................         -                          
|*5*|*Perf*|1087963|  |_SDT-Tail: Wait to receive data from source..............................         4                    144549  [141.16 KB]  [Samples - 9] [Avg - 0.444444] [0.12 GBPH]
|*5*|*Perf*|1087963|  |_SDT-Tail: Decryption....................................................         1                     86685  [84.65 KB]  [Samples - 5] [Avg - 0.000000]
|*5*|*Perf*|1087963|  |_SDT-Tail: Uncompression.................................................         1                      6133  [5.99 KB]  [Samples - 5] [Avg - 0.000000]
|*5*|*Perf*|1087963|  |_SDT-Tail: Writer Tasks..................................................         -                          
|*5*|*Perf*|1087963|  |_CVA Read idle time......................................................         8                          
|*5*|*Perf*|1087963| 
|*5*|*Perf*|1087963| Windows File System Agent
|*5*|*Perf*|1087963|  |_Read Pipeline buffer....................................................         1                     82022  [80.10 KB] [0.28 GBPH]
|*5*|*Perf*|1087963|  |_Media Write.............................................................         -                     82022  [80.10 KB]
|*5*|*Perf*|1087963|  |_PL_FS_HDR - Processing Header...........................................         -                            [Samples - 7] [Avg - 0.000000]
|*5*|*Perf*|1087963|  |_PL_FS_DATA - WriteDataBuffer............................................         -                            [Samples - 2] [Avg - 0.000000]
|*5*|*Perf*|1087963|  |_PL_FS_EOF - Processing End Of File......................................         -                            [Samples - 7] [Avg - 0.000000]
|*5*|*Perf*|1087963|  |_Job Progress Update.....................................................         -                            [Samples - 3] [Avg - 0.000000]
|*5*|*Perf*|1087963|  |_Open directory..........................................................         -                            [Samples - 6] [Avg - 0.000000]
|*5*|*Perf*|1087963|  |_Open file...............................................................         -                            [Samples - 1] [Avg - 0.000000]
|*5*|*Perf*|1087963|  |_OpenObject..............................................................         -                            [Samples - 7] [Avg - 0.000000]
|*5*|*Perf*|1087963|  |_FindFirstFile...........................................................         -                            [Samples - 13] [Avg - 0.000000]
|*5*|*Perf*|1087963|  |_RemoveFile..............................................................         -                            [Samples - 1] [Avg - 0.000000]
|*5*|*Perf*|1087963|  |_GetFileAttributes.......................................................         -                            [Samples - 7] [Avg - 0.000000]
|*5*|*Perf*|1087963|  |_CloseHandle.............................................................         -                            [Samples - 7] [Avg - 0.000000]
|*5*|*Perf*|1087963|  |_SetFileTime.............................................................         -                            [Samples - 7] [Avg - 0.000000]
|*5*|*Perf*|1087963|  |_Junction & mount info...................................................         -                            [Samples - 6] [Avg - 0.000000]
|*5*|*Perf*|1087963| 
|*5*|*Perf*|1087963| ----------------------------------------------------------------------------------------------------
4464  1950  06/30 08:52:03 1087963 *CVPERFLOG*|134|1|37|1656604296|1656633096|1656604304|1656633104|1656604297|1656633097|1656604321|1656633121|81|0|*CVCOUNTER*|200|200|0|0|0|0|0|0|sanbgw|0|0|*CVCOUNTER*|8007|200|0|0|0|2|0|0|*|0|0|*CVCOUNTER*|8008|200|0|0|0|1|0|0|*|0|0|*CVCOUNTER*|8006|200|0|4|0|294|0|0|*|19255824|0|*CVCOUNTER*|8000|200|0|0|0|294|0|0|*|12873606|0|*CVCOUNTER*|8009|200|0|0|0|0|0|0|*|0|0|*CVCOUNTER*|10002|8009|0|0|0|0|0|0|TagData [295]|0|0|*CVCOUNTER*|10002|8009|0|0|0|0|0|0|TagDataSize [12844138]|0|0|*CVCOUNTER*|2001|505|1656633104|0|0|300|0|0|*|12944277|0|*CVCOUNTER*|2008|505|1656633104|0|0|298|0|0|*|12886413|0|*CVCOUNTER*|2006|505|1656633104|4|0|297|0|0|*|12886413|0|*CVCOUNTER*|2059|505|1656633104|0|0|0|0|0|*|0|0|*CVCOUNTER*|10002|2059|1656633104|0|0|0|0|0|Compression : LZO|0|0|*CVCOUNTER*|10002|2059|1656633104|0|0|0|0|0|Buf size : 65536|0|0|*CVCOUNTER*|10002|2059|1656633104|0|0|0|0|0|Buf count : 90|0|0|*CVCOUNTER*|10002|2059|1656633104|0|0|0|0|0|SDT threads : 50|0|0|*CVCOUNTER*|10002|2059|1656633104|0|0|0|0|0|Processor count : 2|0|0|*CVCOUNTER*|10002|2059|1656633104|0|0|0|0|0|Thread per Connection : 25|0|0|*CVCOUNTER*|10002|508|1656633104|0|0|0|0|0|Stream target: sanbgw|0|0|*CVCOUNTER*|2056|508|1656633104|3|0|300|0|0|*|12944277|0|*CVCOUNTER*|2055|508|1656633104|13|0|298|0|0|*|12886413|0|*CVCOUNTER*|2050|508|1656633104|0|0|298|0|0|*|12886413|0|*CVCOUNTER*|2057|508|1656633104|0|0|0|0|0|*|0|0|*CVCOUNTER*|1006|508|1656633121|8|0|0|0|0|*|0|0|*CVCOUNTER*|8024|1|1656633121|6|0|0|0|0|*|12846307|0|*CVCOUNTER*|8025|1|1656633121|0|0|0|0|0|*|12846307|0|*CVCOUNTER*|8010|1|1656633121|0|0|1|0|0|*|0|0|*CVCOUNTER*|8011|1|1656633121|0|0|295|0|0|*|0|0|*CVCOUNTER*|8012|1|1656633121|0|0|1|0|0|*|0|0|*CVCOUNTER*|8013|1|1656633121|0|0|3|0|0|*|0|0|*CVCOUNTER*|8015|1|1656633121|0|0|1|0|0|*|0|0|*CVCOUNTER*|8017|1|1656633121|0|0|1|0|0|*|0|0|*CVCOUNTER*|8018|1|1656633121|0|0|1|0|0|*|0|0|*CVCOUNTER*|8019|1|1656633121|0|0|1|0|0|*|0|0|*CVCOUNTER*|8020|1|1656633121|0|0|1|0|0|*|0|0|*CVCOUNTER*|8022|1|1656633121|0|0|1|0|0|*|0|0|*CVCOUNTER*|8023|1|1656633121|0|0|1|0|0|*|0|0|
4464  1950  06/30 08:52:03 1087963 
|*1*|*Perf*|1087963| =======================================================================================
|*1*|*Perf*|1087963| Job-ID: 1087963            [Pipe-ID: 1]            [App-Type: 134]            [Data-Type: 0]
|*1*|*Perf*|1087963| Restore Target:  sanbgw
|*1*|*Perf*|1087963| Network medium:   SDT
|*1*|*Perf*|1087963| Head duration (Local):  [30,June,22 08:51:36  ~  30,June,22 08:51:44] 00:00:08 (8)
|*1*|*Perf*|1087963| Tail duration (Local):  [30,June,22 08:51:37  ~  30,June,22 08:52:01] 00:00:24 (24)
|*1*|*Perf*|1087963| --------------------------------------------------------------------------------------------------------------------------------
|*1*|*Perf*|1087963|     Perf-Counter                                                             Time(seconds)              Size
|*1*|*Perf*|1087963| --------------------------------------------------------------------------------------------------------------------------------
|*1*|*Perf*|1087963| 
|*1*|*Perf*|1087963| Media Agent
|*1*|*Perf*|1087963|  |_Media Agent[sanbgw].....................................................         -                          
|*1*|*Perf*|1087963|  |_control channel Idle....................................................         -                            [Samples - 2] [Avg - 0.000000]
|*1*|*Perf*|1087963|  |_Restore Seek............................................................         -                            [Samples - 1] [Avg - 0.000000]
|*1*|*Perf*|1087963|  |_Buffer allocation.......................................................         4                  19255824  [18.36 MB]  [Samples - 294] [Avg - 0.013605] [16.14 GBPH]
|*1*|*Perf*|1087963|  |_Restore READ............................................................         1                  12873606  [12.28 MB]  [Samples - 294] [Avg - 0.000000]
|*1*|*Perf*|1087963|  |_Restore Statistics......................................................         -                          
|*1*|*Perf*|1087963|    |_[TagData [295]].......................................................         -                          
|*1*|*Perf*|1087963|    |_[TagDataSize [12844138]]..............................................         -                          
|*1*|*Perf*|1087963| 
|*1*|*Perf*|1087963| Reader Pipeline Modules[MediaAgent]
|*1*|*Perf*|1087963|  |_SDT: Receive Data.......................................................         1                  12944277  [12.34 MB]  [Samples - 300] [Avg - 0.000000]
|*1*|*Perf*|1087963|  |_SDT-Head: CRC32 update..................................................         1                  12886413  [12.29 MB]  [Samples - 298] [Avg - 0.000000]
|*1*|*Perf*|1087963|  |_SDT-Head: Network transfer..............................................         4                  12886413  [12.29 MB]  [Samples - 297] [Avg - 0.013468] [10.80 GBPH]
|*1*|*Perf*|1087963|  |_SDT:Stats...............................................................         -                          
|*1*|*Perf*|1087963|    |_[Compression : LZO]...................................................         -                          
|*1*|*Perf*|1087963|    |_[Buf size : 65536]....................................................         -                          
|*1*|*Perf*|1087963|    |_[Buf count : 90]......................................................         -                          
|*1*|*Perf*|1087963|    |_[SDT threads : 50]....................................................         -                          
|*1*|*Perf*|1087963|    |_[Processor count : 2].................................................         -                          
|*1*|*Perf*|1087963|    |_[Thread per Connection : 25]..........................................         -                          
|*1*|*Perf*|1087963| 
|*1*|*Perf*|1087963| Writer Pipeline Modules[Client]
|*1*|*Perf*|1087963|  |_[Stream target: sanbgw].................................................         -                          
|*1*|*Perf*|1087963|  |_SDT-Tail: Wait to receive data from source..............................         3                  12944277  [12.34 MB]  [Samples - 300] [Avg - 0.010000] [14.47 GBPH]
|*1*|*Perf*|1087963|  |_SDT-Tail: Decryption....................................................        13                  12886413  [12.29 MB]  [Samples - 298] [Avg - 0.043624] [3.32 GBPH]
|*1*|*Perf*|1087963|  |_SDT-Tail: Uncompression.................................................         1                  12886413  [12.29 MB]  [Samples - 298] [Avg - 0.000000]
|*1*|*Perf*|1087963|  |_SDT-Tail: Writer Tasks..................................................         -                          
|*1*|*Perf*|1087963|  |_CVA Read idle time......................................................         8                          
|*1*|*Perf*|1087963| 
|*1*|*Perf*|1087963| Windows File System Agent
|*1*|*Perf*|1087963|  |_Read Pipeline buffer....................................................         6                  12846307  [12.25 MB] [7.18 GBPH]
|*1*|*Perf*|1087963|  |_Media Write.............................................................         -                  12846307  [12.25 MB]
|*1*|*Perf*|1087963|  |_PL_FS_HDR - Processing Header...........................................         -                            [Samples - 1] [Avg - 0.000000]
|*1*|*Perf*|1087963|  |_PL_FS_DATA - WriteDataBuffer............................................         -                            [Samples - 295] [Avg - 0.000000]
|*1*|*Perf*|1087963|  |_PL_FS_EOF - Processing End Of File......................................         -                            [Samples - 1] [Avg - 0.000000]
|*1*|*Perf*|1087963|  |_Job Progress Update.....................................................         -                            [Samples - 3] [Avg - 0.000000]
|*1*|*Perf*|1087963|  |_Open file...............................................................         -                            [Samples - 1] [Avg - 0.000000]
|*1*|*Perf*|1087963|  |_OpenObject..............................................................         -                            [Samples - 1] [Avg - 0.000000]
|*1*|*Perf*|1087963|  |_FindFirstFile...........................................................         -                            [Samples - 1] [Avg - 0.000000]
|*1*|*Perf*|1087963|  |_RemoveFile..............................................................         -                            [Samples - 1] [Avg - 0.000000]
|*1*|*Perf*|1087963|  |_GetFileAttributes.......................................................         -                            [Samples - 1] [Avg - 0.000000]
|*1*|*Perf*|1087963|  |_CloseHandle.............................................................         -                            [Samples - 1] [Avg - 0.000000]
|*1*|*Perf*|1087963|  |_SetFileTime.............................................................         -                            [Samples - 1] [Avg - 0.000000]
|*1*|*Perf*|1087963| 
|*1*|*Perf*|1087963| ----------------------------------------------------------------------------------------------------
