********************************************************************************************
* Machine    : sanbgw:SanBGW (SanBGW) (Instance001)                                        *
* IP Addrs   : 192.168.1.190                                                               *
* Module     : CVPerfMgr                                                                   *
* Commserver : cms01039c1us02:cms01039c1us02.cvmscloud.commvault.com                       *
* Version    : 11.2801.21                                                                  *
* Date       : 2022/06/30 (Pacific Standard Time GMT-08:00)                                *
* OS Type    : Windows Server 2019 DatacenterMajor.: 6, Minor.: 2 Server 4.0  (Build 9200) *
********************************************************************************************

4464  1d5c  06/30 08:47:35 1087953 *CVPERFLOG*|134|2177326|38|1656603986|1656632786|1656604055|1656632855|1656603986|1656632786|1656604055|1656632855|49|1|*CVCOUNTER*|1004|505|1656632855|70|0|0|0|0|*|0|0|*CVCOUNTER*|1001|505|1656632855|0|0|0|0|0|*|0|0|*CVCOUNTER*|2001|505|1656632855|0|0|32|0|0|*|68276|0|*CVCOUNTER*|2002|505|1656632855|0|0|31|0|0|Reported : 0|10740|0|*CVCOUNTER*|2003|505|1656632855|1|0|31|0|0|*|8872|0|*CVCOUNTER*|2053|2003|1656632855|0|0|0|0|0|*|1951|0|*CVCOUNTER*|3001|2003|1656632855|0|0|0|0|0|*|0|0|*CVCOUNTER*|3006|3001|1656632855|0|0|0|0|0|*|0|0|*CVCOUNTER*|3003|3001|1656632855|0|0|0|0|0|*|0|0|*CVCOUNTER*|3002|3003|1656632855|0|0|0|0|0|*|0|0|*CVCOUNTER*|401|3003|1656632855|0|0|0|0|0|*|0|0|*CVCOUNTER*|400|3003|1656632855|0|0|0|0|0|*|0|0|*CVCOUNTER*|10002|400|1656632855|0|0|0|0|0|Signature Processed|0|0|*CVCOUNTER*|10002|400|1656632855|0|0|0|0|0|New Signatures|0|0|*CVCOUNTER*|10002|400|1656632855|0|0|0|0|0|Application Data size|0|0|*CVCOUNTER*|10002|400|1656632855|0|0|0|0|0|Processed Data size|0|0|*CVCOUNTER*|10002|400|1656632855|0|0|0|0|0|New Data size|0|0|*CVCOUNTER*|10002|400|1656632855|0|0|0|0|0|Dropped Data size (percent[-nan(ind)])|0|0|*CVCOUNTER*|10002|400|1656632855|0|0|0|0|0|Src-dedupe signature count|0|0|*CVCOUNTER*|10002|400|1656632855|0|0|0|0|0|Non-dedupable data size|5708|0|*CVCOUNTER*|2004|505|1656632855|0|0|29|0|0|*|8792|0|*CVCOUNTER*|2008|505|1656632855|0|0|29|0|0|*|8738|0|*CVCOUNTER*|2006|505|1656632855|0|0|29|0|0|*|8738|0|*CVCOUNTER*|2059|505|1656632855|0|0|0|0|0|*|0|0|*CVCOUNTER*|10002|2059|1656632855|0|0|0|0|0|Compression : LZO|0|0|*CVCOUNTER*|10002|2059|1656632855|0|0|0|0|0|Buf size : 65536|0|0|*CVCOUNTER*|10002|2059|1656632855|0|0|0|0|0|Buf count : 90|0|0|*CVCOUNTER*|10002|2059|1656632855|0|0|0|0|0|SDT threads : 16|0|0|*CVCOUNTER*|10002|2059|1656632855|0|0|0|0|0|Processor count : 2|0|0|*CVCOUNTER*|10002|2059|1656632855|0|0|0|0|0|Thread per Connection : 8|0|0|*CVCOUNTER*|10002|508|1656632855|0|0|0|0|0|Stream target: sanbgw|0|0|*CVCOUNTER*|2056|508|1656632855|69|0|31|0|0|*|66410|0|*CVCOUNTER*|2057|508|1656632855|4|0|29|0|0|*|8738|0|*CVCOUNTER*|5002|2057|1656632855|0|0|0|0|0|*|0|0|*CVCOUNTER*|5003|2057|1656632855|0|0|0|0|0|*|0|0|*CVCOUNTER*|5804|2057|1656632855|0|0|0|0|0|*|0|0|*CVCOUNTER*|5005|2057|1656632855|0|0|0|0|0|*|5746|0|*CVCOUNTER*|6014|5005|1656632855|0|0|0|0|0|*|136809|0|
4464  1d5c  06/30 08:47:35 1087953 
|*2177326*|*Perf*|1087953| =======================================================================================
|*2177326*|*Perf*|1087953| Job-ID: 1087953            [Pipe-ID: 2177326]            [App-Type: 134]            [Data-Type: 1]
|*2177326*|*Perf*|1087953| Stream Source:   sanbgw
|*2177326*|*Perf*|1087953| Network medium:   SDT
|*2177326*|*Perf*|1087953| Head duration (Local):  [30,June,22 08:46:26  ~  30,June,22 08:47:35] 00:01:09 (69)
|*2177326*|*Perf*|1087953| Tail duration (Local):  [30,June,22 08:46:26  ~  30,June,22 08:47:35] 00:01:09 (69)
|*2177326*|*Perf*|1087953| --------------------------------------------------------------------------------------------------------------------------------------------
|*2177326*|*Perf*|1087953|     Perf-Counter                                                                         Time(seconds)              Size
|*2177326*|*Perf*|1087953| --------------------------------------------------------------------------------------------------------------------------------------------
|*2177326*|*Perf*|1087953| 
|*2177326*|*Perf*|1087953| Reader Pipeline Modules[Client]
|*2177326*|*Perf*|1087953|  |_CVA Wait to received data from reader...............................................        70                          
|*2177326*|*Perf*|1087953|  |_CVA Buffer allocation...............................................................         -                          
|*2177326*|*Perf*|1087953|  |_SDT: Receive Data...................................................................         1                     68276  [66.68 KB]  [Samples - 32] [Avg - 0.000000]
|*2177326*|*Perf*|1087953|  |_SDT-Head: Compression[Reported : 0].................................................         1                     10740  [10.49 KB]  [Samples - 31] [Avg - 0.000000]
|*2177326*|*Perf*|1087953|  |_SDT-Head: Signature module..........................................................         1                      8872  [8.66 KB]  [Samples - 31] [Avg - 0.032258] [0.03 GBPH]
|*2177326*|*Perf*|1087953|    |_SDT-Head: Signature Compute.......................................................         -                      1951  [1.91 KB]
|*2177326*|*Perf*|1087953|    |_Src-side Dedup....................................................................         -                          
|*2177326*|*Perf*|1087953|      |_Buffer allocation...............................................................         -                          
|*2177326*|*Perf*|1087953|      |_Sig-lookup......................................................................         -                          
|*2177326*|*Perf*|1087953|        |_SIDB-Lookup...................................................................         -                          
|*2177326*|*Perf*|1087953|        |_SIDB Engine stats.............................................................         -                          
|*2177326*|*Perf*|1087953|        |_Source Side Dedupe stats......................................................         -                          
|*2177326*|*Perf*|1087953|          |_[Signature Processed].......................................................         -                          
|*2177326*|*Perf*|1087953|          |_[New Signatures]............................................................         -                          
|*2177326*|*Perf*|1087953|          |_[Application Data size].....................................................         -                          
|*2177326*|*Perf*|1087953|          |_[Processed Data size].......................................................         -                          
|*2177326*|*Perf*|1087953|          |_[New Data size].............................................................         -                          
|*2177326*|*Perf*|1087953|          |_[Dropped Data size (percent[-nan(ind)])]....................................         -                          
|*2177326*|*Perf*|1087953|          |_[Src-dedupe signature count]................................................         -                          
|*2177326*|*Perf*|1087953|          |_[Non-dedupable data size]...................................................         -                      5708  [5.57 KB]
|*2177326*|*Perf*|1087953|  |_SDT-Head: Encryption................................................................         1                      8792  [8.59 KB]  [Samples - 29] [Avg - 0.000000]
|*2177326*|*Perf*|1087953|  |_SDT-Head: CRC32 update..............................................................         1                      8738  [8.53 KB]  [Samples - 29] [Avg - 0.000000]
|*2177326*|*Perf*|1087953|  |_SDT-Head: Network transfer..........................................................         1                      8738  [8.53 KB]  [Samples - 29] [Avg - 0.000000]
|*2177326*|*Perf*|1087953|  |_SDT:Stats...........................................................................         -                          
|*2177326*|*Perf*|1087953|    |_[Compression : LZO]...............................................................         -                          
|*2177326*|*Perf*|1087953|    |_[Buf size : 65536]................................................................         -                          
|*2177326*|*Perf*|1087953|    |_[Buf count : 90]..................................................................         -                          
|*2177326*|*Perf*|1087953|    |_[SDT threads : 16]................................................................         -                          
|*2177326*|*Perf*|1087953|    |_[Processor count : 2].............................................................         -                          
|*2177326*|*Perf*|1087953|    |_[Thread per Connection : 8].......................................................         -                          
|*2177326*|*Perf*|1087953| 
|*2177326*|*Perf*|1087953| Writer Pipeline Modules[MediaAgent]
|*2177326*|*Perf*|1087953|  |_[Stream target: sanbgw].............................................................         -                          
|*2177326*|*Perf*|1087953|  |_SDT-Tail: Wait to receive data from source..........................................        69                     66410  [64.85 KB]  [Samples - 31] [Avg - 2.225806] [0.00 GBPH]
|*2177326*|*Perf*|1087953|  |_SDT-Tail: Writer Tasks..............................................................         4                      8738  [8.53 KB]  [Samples - 29] [Avg - 0.137931] [0.01 GBPH]
|*2177326*|*Perf*|1087953|    |_DSBackup: Update Restart Info.....................................................         -                          
|*2177326*|*Perf*|1087953|    |_DSBackup: Update Index............................................................         -                          
|*2177326*|*Perf*|1087953|    |_DSBackup: Update Restart Info Index...............................................         -                          
|*2177326*|*Perf*|1087953|    |_DSBackup: Media Write.............................................................         -                      5746  [5.61 KB]
|*2177326*|*Perf*|1087953|      |_Writer: DM: Physical Write......................................................         -                    136809  [133.60 KB]
|*2177326*|*Perf*|1087953| 
|*2177326*|*Perf*|1087953| ----------------------------------------------------------------------------------------------------
4464  10f8  06/30 08:47:48 1087953 *CVPERFLOG*|134|2177327|41|1656603986|1656632786|1656604068|1656632868|1656603986|1656632786|1656604068|1656632868|49|1|*CVCOUNTER*|1004|505|1656632868|55|0|0|0|0|*|0|0|*CVCOUNTER*|1001|505|1656632868|27|0|0|0|0|*|0|0|*CVCOUNTER*|2001|505|1656632868|0|0|512|0|0|*|13003226|0|*CVCOUNTER*|2002|505|1656632868|0|0|511|0|0|Reported : 0|12945690|0|*CVCOUNTER*|2003|505|1656632868|28|0|511|0|0|*|12937400|0|*CVCOUNTER*|2053|2003|1656632868|0|0|0|0|0|*|12852774|0|*CVCOUNTER*|3001|2003|1656632868|27|0|0|0|0|*|0|0|*CVCOUNTER*|3006|3001|1656632868|0|0|0|0|0|*|0|0|*CVCOUNTER*|3003|3001|1656632868|27|0|0|0|0|*|0|0|*CVCOUNTER*|3002|3003|1656632868|27|0|97|0|0|*|0|0|*CVCOUNTER*|6009|3002|1656632868|1|0|0|0|0|(1400314)sanbgw|0|0|*CVCOUNTER*|6009|3002|1656632868|0|0|0|0|0|(1400314)sanbgw|0|0|*CVCOUNTER*|401|3003|1656632868|0|0|0|0|0|*|0|0|*CVCOUNTER*|400|3003|1656632868|0|0|0|0|0|*|0|0|*CVCOUNTER*|10002|400|1656632868|0|0|0|0|0|Signature Processed|97|0|*CVCOUNTER*|10002|400|1656632868|0|0|0|0|0|New Signatures|97|0|*CVCOUNTER*|10002|400|1656632868|0|0|0|0|0|Application Data size|12845531|0|*CVCOUNTER*|10002|400|1656632868|0|0|0|0|0|Processed Data size|12844138|0|*CVCOUNTER*|10002|400|1656632868|0|0|0|0|0|New Data size|12844138|0|*CVCOUNTER*|10002|400|1656632868|0|0|0|0|0|Dropped Data size (percent[0.00])|0|0|*CVCOUNTER*|10002|400|1656632868|0|0|0|0|0|Src-dedupe signature count|97|0|*CVCOUNTER*|10002|400|1656632868|0|0|0|0|0|Non-dedupable data size|84526|0|*CVCOUNTER*|2004|505|1656632868|4|0|489|0|0|*|12969112|0|*CVCOUNTER*|2008|505|1656632868|0|0|489|0|0|*|12968664|0|*CVCOUNTER*|2006|505|1656632868|0|0|489|0|0|*|12968664|0|*CVCOUNTER*|2059|505|1656632868|0|0|0|0|0|*|0|0|*CVCOUNTER*|10002|2059|1656632868|0|0|0|0|0|Compression : LZO|0|0|*CVCOUNTER*|10002|2059|1656632868|0|0|0|0|0|Buf size : 65536|0|0|*CVCOUNTER*|10002|2059|1656632868|0|0|0|0|0|Buf count : 90|0|0|*CVCOUNTER*|10002|2059|1656632868|0|0|0|0|0|SDT threads : 16|0|0|*CVCOUNTER*|10002|2059|1656632868|0|0|0|0|0|Processor count : 2|0|0|*CVCOUNTER*|10002|2059|1656632868|0|0|0|0|0|Thread per Connection : 8|0|0|*CVCOUNTER*|10002|508|1656632868|0|0|0|0|0|Stream target: sanbgw|0|0|*CVCOUNTER*|2056|508|1656632868|83|0|490|0|0|*|13026200|0|*CVCOUNTER*|2057|508|1656632868|9|0|489|0|0|*|12968664|0|*CVCOUNTER*|5002|2057|1656632868|0|0|0|0|0|*|0|0|*CVCOUNTER*|5003|2057|1656632868|0|0|0|0|0|*|0|0|*CVCOUNTER*|5804|2057|1656632868|0|0|0|0|0|*|0|0|*CVCOUNTER*|5005|2057|1656632868|0|0|0|0|0|*|12944912|0|*CVCOUNTER*|6010|5005|1656632868|0|0|0|0|0|(1400314)sanbgw|0|0|*CVCOUNTER*|6014|5005|1656632868|0|0|0|0|0|*|13353568|0|
4464  10f8  06/30 08:47:48 1087953 
|*2177327*|*Perf*|1087953| =======================================================================================
|*2177327*|*Perf*|1087953| Job-ID: 1087953            [Pipe-ID: 2177327]            [App-Type: 134]            [Data-Type: 1]
|*2177327*|*Perf*|1087953| Stream Source:   sanbgw
|*2177327*|*Perf*|1087953| Network medium:   SDT
|*2177327*|*Perf*|1087953| Head duration (Local):  [30,June,22 08:46:26  ~  30,June,22 08:47:48] 00:01:22 (82)
|*2177327*|*Perf*|1087953| Tail duration (Local):  [30,June,22 08:46:26  ~  30,June,22 08:47:48] 00:01:22 (82)
|*2177327*|*Perf*|1087953| ---------------------------------------------------------------------------------------------------------------------------------------
|*2177327*|*Perf*|1087953|     Perf-Counter                                                                    Time(seconds)              Size
|*2177327*|*Perf*|1087953| ---------------------------------------------------------------------------------------------------------------------------------------
|*2177327*|*Perf*|1087953| 
|*2177327*|*Perf*|1087953| Reader Pipeline Modules[Client]
|*2177327*|*Perf*|1087953|  |_CVA Wait to received data from reader..........................................        55                          
|*2177327*|*Perf*|1087953|  |_CVA Buffer allocation..........................................................        27                          
|*2177327*|*Perf*|1087953|  |_SDT: Receive Data..............................................................         1                  13003226  [12.40 MB]  [Samples - 512] [Avg - 0.000000]
|*2177327*|*Perf*|1087953|  |_SDT-Head: Compression[Reported : 0]............................................         1                  12945690  [12.35 MB]  [Samples - 511] [Avg - 0.000000]
|*2177327*|*Perf*|1087953|  |_SDT-Head: Signature module.....................................................        28                  12937400  [12.34 MB]  [Samples - 511] [Avg - 0.054795] [1.55 GBPH]
|*2177327*|*Perf*|1087953|    |_SDT-Head: Signature Compute..................................................         -                  12852774  [12.26 MB]
|*2177327*|*Perf*|1087953|    |_Src-side Dedup...............................................................        27                          
|*2177327*|*Perf*|1087953|      |_Buffer allocation..........................................................         -                          
|*2177327*|*Perf*|1087953|      |_Sig-lookup.................................................................        27                          
|*2177327*|*Perf*|1087953|        |_SIDB-Lookup..............................................................        27                            [Samples - 97] [Avg - 0.278351]
|*2177327*|*Perf*|1087953|          |_SIDB:CL-QueryInsert[(1400314)sanbgw]...................................         1                          
|*2177327*|*Perf*|1087953|          |_SIDB:CL-QueryInsert[(1400314)sanbgw]...................................         -                          
|*2177327*|*Perf*|1087953|        |_SIDB Engine stats........................................................         -                          
|*2177327*|*Perf*|1087953|        |_Source Side Dedupe stats.................................................         -                          
|*2177327*|*Perf*|1087953|          |_[Signature Processed]..................................................         -                        97  [1 KB]
|*2177327*|*Perf*|1087953|          |_[New Signatures].......................................................         -                        97  [1 KB]
|*2177327*|*Perf*|1087953|          |_[Application Data size]................................................         -                  12845531  [12.25 MB]
|*2177327*|*Perf*|1087953|          |_[Processed Data size]..................................................         -                  12844138  [12.25 MB]
|*2177327*|*Perf*|1087953|          |_[New Data size]........................................................         -                  12844138  [12.25 MB]
|*2177327*|*Perf*|1087953|          |_[Dropped Data size (percent[0.00])]....................................         -                          
|*2177327*|*Perf*|1087953|          |_[Src-dedupe signature count]...........................................         -                        97  [1 KB]
|*2177327*|*Perf*|1087953|          |_[Non-dedupable data size]..............................................         -                     84526  [82.54 KB]
|*2177327*|*Perf*|1087953|  |_SDT-Head: Encryption...........................................................         4                  12969112  [12.37 MB]  [Samples - 489] [Avg - 0.008180] [10.87 GBPH]
|*2177327*|*Perf*|1087953|  |_SDT-Head: CRC32 update.........................................................         1                  12968664  [12.37 MB]  [Samples - 489] [Avg - 0.000000]
|*2177327*|*Perf*|1087953|  |_SDT-Head: Network transfer.....................................................         1                  12968664  [12.37 MB]  [Samples - 489] [Avg - 0.000000]
|*2177327*|*Perf*|1087953|  |_SDT:Stats......................................................................         -                          
|*2177327*|*Perf*|1087953|    |_[Compression : LZO]..........................................................         -                          
|*2177327*|*Perf*|1087953|    |_[Buf size : 65536]...........................................................         -                          
|*2177327*|*Perf*|1087953|    |_[Buf count : 90].............................................................         -                          
|*2177327*|*Perf*|1087953|    |_[SDT threads : 16]...........................................................         -                          
|*2177327*|*Perf*|1087953|    |_[Processor count : 2]........................................................         -                          
|*2177327*|*Perf*|1087953|    |_[Thread per Connection : 8]..................................................         -                          
|*2177327*|*Perf*|1087953| 
|*2177327*|*Perf*|1087953| Writer Pipeline Modules[MediaAgent]
|*2177327*|*Perf*|1087953|  |_[Stream target: sanbgw]........................................................         -                          
|*2177327*|*Perf*|1087953|  |_SDT-Tail: Wait to receive data from source.....................................        83                  13026200  [12.42 MB]  [Samples - 490] [Avg - 0.169388] [0.53 GBPH]
|*2177327*|*Perf*|1087953|  |_SDT-Tail: Writer Tasks.........................................................         9                  12968664  [12.37 MB]  [Samples - 489] [Avg - 0.018405] [4.83 GBPH]
|*2177327*|*Perf*|1087953|    |_DSBackup: Update Restart Info................................................         -                          
|*2177327*|*Perf*|1087953|    |_DSBackup: Update Index.......................................................         -                          
|*2177327*|*Perf*|1087953|    |_DSBackup: Update Restart Info Index..........................................         -                          
|*2177327*|*Perf*|1087953|    |_DSBackup: Media Write........................................................         -                  12944912  [12.35 MB]
|*2177327*|*Perf*|1087953|      |_SIDB:CommitAndUpdateRecs[(1400314)sanbgw]..................................         -                          
|*2177327*|*Perf*|1087953|      |_Writer: DM: Physical Write.................................................         -                  13353568  [12.73 MB]
|*2177327*|*Perf*|1087953| 
|*2177327*|*Perf*|1087953| ----------------------------------------------------------------------------------------------------
4464  1924  06/30 08:47:57 1087953 *CVPERFLOG*|134|2177329|40|1656603986|1656632786|1656604077|1656632877|1656603986|1656632786|1656604077|1656632877|49|1|*CVCOUNTER*|1004|505|1656632877|82|0|0|0|0|*|0|0|*CVCOUNTER*|1001|505|1656632877|0|0|0|0|0|*|0|0|*CVCOUNTER*|2001|505|1656632877|0|0|259|0|0|*|234261|0|*CVCOUNTER*|2002|505|1656632877|0|0|258|0|0|Reported : 0|176725|0|*CVCOUNTER*|2003|505|1656632877|33|0|258|0|0|*|158344|0|*CVCOUNTER*|2053|2003|1656632877|0|0|0|0|0|*|105263|0|*CVCOUNTER*|3001|2003|1656632877|32|0|0|0|0|*|0|0|*CVCOUNTER*|3006|3001|1656632877|0|0|0|0|0|*|0|0|*CVCOUNTER*|3003|3001|1656632877|32|0|0|0|0|*|0|0|*CVCOUNTER*|3002|3003|1656632877|32|0|1|0|0|*|0|0|*CVCOUNTER*|6009|3002|1656632877|0|0|0|0|0|(1400314)sanbgw|0|0|*CVCOUNTER*|401|3003|1656632877|0|0|0|0|0|*|0|0|*CVCOUNTER*|400|3003|1656632877|0|0|0|0|0|*|0|0|*CVCOUNTER*|10002|400|1656632877|0|0|0|0|0|Signature Processed|1|0|*CVCOUNTER*|10002|400|1656632877|0|0|0|0|0|New Signatures|1|0|*CVCOUNTER*|10002|400|1656632877|0|0|0|0|0|Application Data size|79080|0|*CVCOUNTER*|10002|400|1656632877|0|0|0|0|0|Processed Data size|79080|0|*CVCOUNTER*|10002|400|1656632877|0|0|0|0|0|New Data size|79080|0|*CVCOUNTER*|10002|400|1656632877|0|0|0|0|0|Dropped Data size (percent[0.00])|0|0|*CVCOUNTER*|10002|400|1656632877|0|0|0|0|0|Src-dedupe signature count|1|0|*CVCOUNTER*|10002|400|1656632877|0|0|0|0|0|Non-dedupable data size|63896|0|*CVCOUNTER*|2004|505|1656632877|1|0|232|0|0|*|157640|0|*CVCOUNTER*|2008|505|1656632877|0|0|232|0|0|*|157103|0|*CVCOUNTER*|2006|505|1656632877|0|0|232|0|0|*|157103|0|*CVCOUNTER*|2059|505|1656632877|0|0|0|0|0|*|0|0|*CVCOUNTER*|10002|2059|1656632877|0|0|0|0|0|Compression : LZO|0|0|*CVCOUNTER*|10002|2059|1656632877|0|0|0|0|0|Buf size : 65536|0|0|*CVCOUNTER*|10002|2059|1656632877|0|0|0|0|0|Buf count : 90|0|0|*CVCOUNTER*|10002|2059|1656632877|0|0|0|0|0|SDT threads : 16|0|0|*CVCOUNTER*|10002|2059|1656632877|0|0|0|0|0|Processor count : 2|0|0|*CVCOUNTER*|10002|2059|1656632877|0|0|0|0|0|Thread per Connection : 8|0|0|*CVCOUNTER*|10002|508|1656632877|0|0|0|0|0|Stream target: sanbgw|0|0|*CVCOUNTER*|2056|508|1656632877|92|0|233|0|0|*|214639|0|*CVCOUNTER*|2057|508|1656632877|8|0|232|0|0|*|157103|0|*CVCOUNTER*|5002|2057|1656632877|0|0|0|0|0|*|0|0|*CVCOUNTER*|5003|2057|1656632877|0|0|0|0|0|*|0|0|*CVCOUNTER*|5804|2057|1656632877|0|0|0|0|0|*|0|0|*CVCOUNTER*|5005|2057|1656632877|0|0|0|0|0|*|143527|0|*CVCOUNTER*|6010|5005|1656632877|0|0|0|0|0|(1400314)sanbgw|0|0|*CVCOUNTER*|6014|5005|1656632877|0|0|0|0|0|*|536838|0|
4464  1924  06/30 08:47:57 1087953 
|*2177329*|*Perf*|1087953| =======================================================================================
|*2177329*|*Perf*|1087953| Job-ID: 1087953            [Pipe-ID: 2177329]            [App-Type: 134]            [Data-Type: 1]
|*2177329*|*Perf*|1087953| Stream Source:   sanbgw
|*2177329*|*Perf*|1087953| Network medium:   SDT
|*2177329*|*Perf*|1087953| Head duration (Local):  [30,June,22 08:46:26  ~  30,June,22 08:47:57] 00:01:31 (91)
|*2177329*|*Perf*|1087953| Tail duration (Local):  [30,June,22 08:46:26  ~  30,June,22 08:47:57] 00:01:31 (91)
|*2177329*|*Perf*|1087953| ---------------------------------------------------------------------------------------------------------------------------------------
|*2177329*|*Perf*|1087953|     Perf-Counter                                                                    Time(seconds)              Size
|*2177329*|*Perf*|1087953| ---------------------------------------------------------------------------------------------------------------------------------------
|*2177329*|*Perf*|1087953| 
|*2177329*|*Perf*|1087953| Reader Pipeline Modules[Client]
|*2177329*|*Perf*|1087953|  |_CVA Wait to received data from reader..........................................        82                          
|*2177329*|*Perf*|1087953|  |_CVA Buffer allocation..........................................................         -                          
|*2177329*|*Perf*|1087953|  |_SDT: Receive Data..............................................................         1                    234261  [228.77 KB]  [Samples - 259] [Avg - 0.000000]
|*2177329*|*Perf*|1087953|  |_SDT-Head: Compression[Reported : 0]............................................         1                    176725  [172.58 KB]  [Samples - 258] [Avg - 0.000000]
|*2177329*|*Perf*|1087953|  |_SDT-Head: Signature module.....................................................        33                    158344  [154.63 KB]  [Samples - 258] [Avg - 0.127907] [0.02 GBPH]
|*2177329*|*Perf*|1087953|    |_SDT-Head: Signature Compute..................................................         -                    105263  [102.80 KB]
|*2177329*|*Perf*|1087953|    |_Src-side Dedup...............................................................        32                          
|*2177329*|*Perf*|1087953|      |_Buffer allocation..........................................................         -                          
|*2177329*|*Perf*|1087953|      |_Sig-lookup.................................................................        32                          
|*2177329*|*Perf*|1087953|        |_SIDB-Lookup..............................................................        32                            [Samples - 1] [Avg - 32.000000]
|*2177329*|*Perf*|1087953|          |_SIDB:CL-QueryInsert[(1400314)sanbgw]...................................         -                          
|*2177329*|*Perf*|1087953|        |_SIDB Engine stats........................................................         -                          
|*2177329*|*Perf*|1087953|        |_Source Side Dedupe stats.................................................         -                          
|*2177329*|*Perf*|1087953|          |_[Signature Processed]..................................................         -                         1  [1 KB]
|*2177329*|*Perf*|1087953|          |_[New Signatures].......................................................         -                         1  [1 KB]
|*2177329*|*Perf*|1087953|          |_[Application Data size]................................................         -                     79080  [77.23 KB]
|*2177329*|*Perf*|1087953|          |_[Processed Data size]..................................................         -                     79080  [77.23 KB]
|*2177329*|*Perf*|1087953|          |_[New Data size]........................................................         -                     79080  [77.23 KB]
|*2177329*|*Perf*|1087953|          |_[Dropped Data size (percent[0.00])]....................................         -                          
|*2177329*|*Perf*|1087953|          |_[Src-dedupe signature count]...........................................         -                         1  [1 KB]
|*2177329*|*Perf*|1087953|          |_[Non-dedupable data size]..............................................         -                     63896  [62.40 KB]
|*2177329*|*Perf*|1087953|  |_SDT-Head: Encryption...........................................................         1                    157640  [153.95 KB]  [Samples - 232] [Avg - 0.004310] [0.53 GBPH]
|*2177329*|*Perf*|1087953|  |_SDT-Head: CRC32 update.........................................................         1                    157103  [153.42 KB]  [Samples - 232] [Avg - 0.000000]
|*2177329*|*Perf*|1087953|  |_SDT-Head: Network transfer.....................................................         1                    157103  [153.42 KB]  [Samples - 232] [Avg - 0.000000]
|*2177329*|*Perf*|1087953|  |_SDT:Stats......................................................................         -                          
|*2177329*|*Perf*|1087953|    |_[Compression : LZO]..........................................................         -                          
|*2177329*|*Perf*|1087953|    |_[Buf size : 65536]...........................................................         -                          
|*2177329*|*Perf*|1087953|    |_[Buf count : 90].............................................................         -                          
|*2177329*|*Perf*|1087953|    |_[SDT threads : 16]...........................................................         -                          
|*2177329*|*Perf*|1087953|    |_[Processor count : 2]........................................................         -                          
|*2177329*|*Perf*|1087953|    |_[Thread per Connection : 8]..................................................         -                          
|*2177329*|*Perf*|1087953| 
|*2177329*|*Perf*|1087953| Writer Pipeline Modules[MediaAgent]
|*2177329*|*Perf*|1087953|  |_[Stream target: sanbgw]........................................................         -                          
|*2177329*|*Perf*|1087953|  |_SDT-Tail: Wait to receive data from source.....................................        92                    214639  [209.61 KB]  [Samples - 233] [Avg - 0.394850] [0.01 GBPH]
|*2177329*|*Perf*|1087953|  |_SDT-Tail: Writer Tasks.........................................................         8                    157103  [153.42 KB]  [Samples - 232] [Avg - 0.034483] [0.07 GBPH]
|*2177329*|*Perf*|1087953|    |_DSBackup: Update Restart Info................................................         -                          
|*2177329*|*Perf*|1087953|    |_DSBackup: Update Index.......................................................         -                          
|*2177329*|*Perf*|1087953|    |_DSBackup: Update Restart Info Index..........................................         -                          
|*2177329*|*Perf*|1087953|    |_DSBackup: Media Write........................................................         -                    143527  [140.16 KB]
|*2177329*|*Perf*|1087953|      |_SIDB:CommitAndUpdateRecs[(1400314)sanbgw]..................................         -                          
|*2177329*|*Perf*|1087953|      |_Writer: DM: Physical Write.................................................         -                    536838  [524.26 KB]
|*2177329*|*Perf*|1087953| 
|*2177329*|*Perf*|1087953| ----------------------------------------------------------------------------------------------------
4464  16a4  06/30 08:47:57 1087953 *CVPERFLOG*|134|2177328|38|1656603986|1656632786|1656604077|1656632877|1656603986|1656632786|1656604077|1656632877|49|1|*CVCOUNTER*|1004|505|1656632877|83|0|0|0|0|*|0|0|*CVCOUNTER*|1001|505|1656632877|0|0|0|0|0|*|0|0|*CVCOUNTER*|2001|505|1656632877|0|0|251|0|0|*|130905|0|*CVCOUNTER*|2002|505|1656632877|0|0|250|0|0|Reported : 0|73369|0|*CVCOUNTER*|2003|505|1656632877|1|0|250|0|0|*|65152|0|*CVCOUNTER*|2053|2003|1656632877|0|0|0|0|0|*|14719|0|*CVCOUNTER*|3001|2003|1656632877|0|0|0|0|0|*|0|0|*CVCOUNTER*|3006|3001|1656632877|0|0|0|0|0|*|0|0|*CVCOUNTER*|3003|3001|1656632877|0|0|0|0|0|*|0|0|*CVCOUNTER*|3002|3003|1656632877|0|0|0|0|0|*|0|0|*CVCOUNTER*|401|3003|1656632877|0|0|0|0|0|*|0|0|*CVCOUNTER*|400|3003|1656632877|0|0|0|0|0|*|0|0|*CVCOUNTER*|10002|400|1656632877|0|0|0|0|0|Signature Processed|0|0|*CVCOUNTER*|10002|400|1656632877|0|0|0|0|0|New Signatures|0|0|*CVCOUNTER*|10002|400|1656632877|0|0|0|0|0|Application Data size|0|0|*CVCOUNTER*|10002|400|1656632877|0|0|0|0|0|Processed Data size|0|0|*CVCOUNTER*|10002|400|1656632877|0|0|0|0|0|New Data size|0|0|*CVCOUNTER*|10002|400|1656632877|0|0|0|0|0|Dropped Data size (percent[-nan(ind)])|0|0|*CVCOUNTER*|10002|400|1656632877|0|0|0|0|0|Src-dedupe signature count|0|0|*CVCOUNTER*|10002|400|1656632877|0|0|0|0|0|Non-dedupable data size|50552|0|*CVCOUNTER*|2004|505|1656632877|1|0|223|0|0|*|64072|0|*CVCOUNTER*|2008|505|1656632877|0|0|223|0|0|*|63541|0|*CVCOUNTER*|2006|505|1656632877|0|0|223|0|0|*|63541|0|*CVCOUNTER*|2059|505|1656632877|0|0|0|0|0|*|0|0|*CVCOUNTER*|10002|2059|1656632877|0|0|0|0|0|Compression : LZO|0|0|*CVCOUNTER*|10002|2059|1656632877|0|0|0|0|0|Buf size : 65536|0|0|*CVCOUNTER*|10002|2059|1656632877|0|0|0|0|0|Buf count : 90|0|0|*CVCOUNTER*|10002|2059|1656632877|0|0|0|0|0|SDT threads : 16|0|0|*CVCOUNTER*|10002|2059|1656632877|0|0|0|0|0|Processor count : 2|0|0|*CVCOUNTER*|10002|2059|1656632877|0|0|0|0|0|Thread per Connection : 8|0|0|*CVCOUNTER*|10002|508|1656632877|0|0|0|0|0|Stream target: sanbgw|0|0|*CVCOUNTER*|2056|508|1656632877|91|0|224|0|0|*|121077|0|*CVCOUNTER*|2057|508|1656632877|5|0|223|0|0|*|63541|0|*CVCOUNTER*|5002|2057|1656632877|0|0|0|0|0|*|0|0|*CVCOUNTER*|5003|2057|1656632877|0|0|0|0|0|*|0|0|*CVCOUNTER*|5804|2057|1656632877|0|0|0|0|0|*|0|0|*CVCOUNTER*|5005|2057|1656632877|0|0|0|0|0|*|50933|0|*CVCOUNTER*|6014|5005|1656632877|0|0|0|0|0|*|312996|0|
4464  16a4  06/30 08:47:57 1087953 
|*2177328*|*Perf*|1087953| =======================================================================================
|*2177328*|*Perf*|1087953| Job-ID: 1087953            [Pipe-ID: 2177328]            [App-Type: 134]            [Data-Type: 1]
|*2177328*|*Perf*|1087953| Stream Source:   sanbgw
|*2177328*|*Perf*|1087953| Network medium:   SDT
|*2177328*|*Perf*|1087953| Head duration (Local):  [30,June,22 08:46:26  ~  30,June,22 08:47:57] 00:01:31 (91)
|*2177328*|*Perf*|1087953| Tail duration (Local):  [30,June,22 08:46:26  ~  30,June,22 08:47:57] 00:01:31 (91)
|*2177328*|*Perf*|1087953| --------------------------------------------------------------------------------------------------------------------------------------------
|*2177328*|*Perf*|1087953|     Perf-Counter                                                                         Time(seconds)              Size
|*2177328*|*Perf*|1087953| --------------------------------------------------------------------------------------------------------------------------------------------
|*2177328*|*Perf*|1087953| 
|*2177328*|*Perf*|1087953| Reader Pipeline Modules[Client]
|*2177328*|*Perf*|1087953|  |_CVA Wait to received data from reader...............................................        83                          
|*2177328*|*Perf*|1087953|  |_CVA Buffer allocation...............................................................         -                          
|*2177328*|*Perf*|1087953|  |_SDT: Receive Data...................................................................         1                    130905  [127.84 KB]  [Samples - 251] [Avg - 0.000000]
|*2177328*|*Perf*|1087953|  |_SDT-Head: Compression[Reported : 0].................................................         1                     73369  [71.65 KB]  [Samples - 250] [Avg - 0.000000]
|*2177328*|*Perf*|1087953|  |_SDT-Head: Signature module..........................................................         1                     65152  [63.63 KB]  [Samples - 250] [Avg - 0.004000] [0.22 GBPH]
|*2177328*|*Perf*|1087953|    |_SDT-Head: Signature Compute.......................................................         -                     14719  [14.37 KB]
|*2177328*|*Perf*|1087953|    |_Src-side Dedup....................................................................         -                          
|*2177328*|*Perf*|1087953|      |_Buffer allocation...............................................................         -                          
|*2177328*|*Perf*|1087953|      |_Sig-lookup......................................................................         -                          
|*2177328*|*Perf*|1087953|        |_SIDB-Lookup...................................................................         -                          
|*2177328*|*Perf*|1087953|        |_SIDB Engine stats.............................................................         -                          
|*2177328*|*Perf*|1087953|        |_Source Side Dedupe stats......................................................         -                          
|*2177328*|*Perf*|1087953|          |_[Signature Processed].......................................................         -                          
|*2177328*|*Perf*|1087953|          |_[New Signatures]............................................................         -                          
|*2177328*|*Perf*|1087953|          |_[Application Data size].....................................................         -                          
|*2177328*|*Perf*|1087953|          |_[Processed Data size].......................................................         -                          
|*2177328*|*Perf*|1087953|          |_[New Data size].............................................................         -                          
|*2177328*|*Perf*|1087953|          |_[Dropped Data size (percent[-nan(ind)])]....................................         -                          
|*2177328*|*Perf*|1087953|          |_[Src-dedupe signature count]................................................         -                          
|*2177328*|*Perf*|1087953|          |_[Non-dedupable data size]...................................................         -                     50552  [49.37 KB]
|*2177328*|*Perf*|1087953|  |_SDT-Head: Encryption................................................................         1                     64072  [62.57 KB]  [Samples - 223] [Avg - 0.004484] [0.21 GBPH]
|*2177328*|*Perf*|1087953|  |_SDT-Head: CRC32 update..............................................................         1                     63541  [62.05 KB]  [Samples - 223] [Avg - 0.000000]
|*2177328*|*Perf*|1087953|  |_SDT-Head: Network transfer..........................................................         1                     63541  [62.05 KB]  [Samples - 223] [Avg - 0.000000]
|*2177328*|*Perf*|1087953|  |_SDT:Stats...........................................................................         -                          
|*2177328*|*Perf*|1087953|    |_[Compression : LZO]...............................................................         -                          
|*2177328*|*Perf*|1087953|    |_[Buf size : 65536]................................................................         -                          
|*2177328*|*Perf*|1087953|    |_[Buf count : 90]..................................................................         -                          
|*2177328*|*Perf*|1087953|    |_[SDT threads : 16]................................................................         -                          
|*2177328*|*Perf*|1087953|    |_[Processor count : 2].............................................................         -                          
|*2177328*|*Perf*|1087953|    |_[Thread per Connection : 8].......................................................         -                          
|*2177328*|*Perf*|1087953| 
|*2177328*|*Perf*|1087953| Writer Pipeline Modules[MediaAgent]
|*2177328*|*Perf*|1087953|  |_[Stream target: sanbgw].............................................................         -                          
|*2177328*|*Perf*|1087953|  |_SDT-Tail: Wait to receive data from source..........................................        91                    121077  [118.24 KB]  [Samples - 224] [Avg - 0.406250] [0.00 GBPH]
|*2177328*|*Perf*|1087953|  |_SDT-Tail: Writer Tasks..............................................................         5                     63541  [62.05 KB]  [Samples - 223] [Avg - 0.022422] [0.04 GBPH]
|*2177328*|*Perf*|1087953|    |_DSBackup: Update Restart Info.....................................................         -                          
|*2177328*|*Perf*|1087953|    |_DSBackup: Update Index............................................................         -                          
|*2177328*|*Perf*|1087953|    |_DSBackup: Update Restart Info Index...............................................         -                          
|*2177328*|*Perf*|1087953|    |_DSBackup: Media Write.............................................................         -                     50933  [49.74 KB]
|*2177328*|*Perf*|1087953|      |_Writer: DM: Physical Write......................................................         -                    312996  [305.66 KB]
|*2177328*|*Perf*|1087953| 
|*2177328*|*Perf*|1087953| ----------------------------------------------------------------------------------------------------
