***********************************************************************************************
* Machine    : [Unknown Client]:[Unknown Host] ([Unknown Physical Host]) ([Unknown Instance]) *
* IP Addrs   : [Unknown]                                                                      *
* Module     : DriverInstaller                                                                *
* Commserver : [Unknown CS Client]:[Unknown CS Host]                                          *
* Version    : [Unknown]                                                                      *
* Date       : 2022/06/30 (Pacific Standard Time GMT-08:00)                                   *
* OS Type    : [Unknown]                                                                      *
***********************************************************************************************

0     11c0  06/30 06:42:32 ### CDriverInstaller::Initialize(34) - [ ] +++ 
0     11c0  06/30 06:42:32 ### CDriver::Initialize(37) - [ ] +++ 
0     11c0  06/30 06:42:32 ### CDriver::Initialize(47) - [ ]  Operation : [update]
0     11c0  06/30 06:42:32 ### CDriver::Initialize(37) - [ ] --- 0:00.000134 
0     11c0  06/30 06:42:32 ### CDriverInstaller::Initialize(34) - [ ] --- 0:00.045002 
0     11c0  06/30 06:42:32 ### CDriverInstaller::Run(111) - [ ] +++ 
0     11c0  06/30 06:42:32 ### CDriver::Run(81) - [ ] +++ 
0     11c0  06/30 06:42:32 ### CDriver::Update(148) - [ ] +++ 
0     11c0  06/30 06:42:32 ### CDriver::Update(148) - [ ] --- 0:00.107147 
0     11c0  06/30 06:42:32 ### CDriver::Run(81) - [ ] --- 0:00.107271 
0     11c0  06/30 06:42:32 ### CDriverInstaller::Run(111) - [ ] --- 0:00.107341 
0     11c0  06/30 06:42:32 ### wmain(106) - [ ] The requested driver can not be found. Error : [0x80070424:{CDriverInstaller::Run(114)} + {CDriver::Run(95)} + {CDriver::Update(154)} + {CCVDLPDriver::PreUpdateDriverSpecificTask(201)} + {CDriver::IsServiceInstalled(475)} + {CDriver::IsServiceInstalled(463)/W32.1060.(The specified service does not exist as an installed service. (1060))-Driver not installed, Driver=CVDLP}]
