********************************************************************************************
* Machine    : sanbgw:SanBGW (SanBGW) (Instance001)                                        *
* IP Addrs   : 192.168.1.190                                                               *
* Module     : GitBackup                                                                   *
* Commserver : cms01039c1us02:cms01039c1us02.cvmscloud.commvault.com                       *
* Version    : 11.2801.21                                                                  *
* Date       : 2022/06/30 (Pacific Standard Time GMT-08:00)                                *
* OS Type    : Windows Server 2019 DatacenterMajor.: 6, Minor.: 2 Server 4.0  (Build 9200) *
********************************************************************************************

4448  1608  06/30 08:20:13 1087893 DistributedIDA::CMaster::InitializeEvEvent(328) - =======================
4448  1608  06/30 08:20:13 1087893 DistributedIDA::CMaster::InitializeEvEvent(329) - STARTING DistributedIDA
4448  1608  06/30 08:20:13 1087893 DistributedIDA::CMaster::InitializeEvEvent(330) - -----------------------
4448  1608  06/30 08:20:13 1087893 CVDC_FileSystem::CFSClientConfig::parseArguments(65) - +++ 
4448  1608  06/30 08:20:13 1087893 isCCSDbEnabled() - Use CCSDb Enabled [0] IsCloudLaptop [0] IsFSCoreLaptop [0]
4448  1608  06/30 08:20:14 1087893 Cvcl::init() - CVCL: Running in FIPS Mode
4448  1608  06/30 08:20:14 1087893 GetSubclientFolderByAppType() - Building generic JobResults directory, AppTypeId=134
4448  1608  06/30 08:20:14 1087893 CVDC_FileSystem::CFSClientConfig::parseArguments(87) - UseIncrementalImageMode=0
4448  1608  06/30 08:20:14 1087893 CVDC_FileSystem::CFSClientConfig::parseArguments(123) - Reference time = 0
4448  1608  06/30 08:20:14 1087893 CVDC_FileSystem::CFSClientConfig::parseArguments(146) - numWorkers is not set in argument, using the default value= 2
4448  1608  06/30 08:20:14 1087893 CVDC_FileSystem::CFSClientConfig::parseArguments(160) - numstreams is found in argument, value = 4
4448  1608  06/30 08:20:14 1087893 CVDC_FileSystem::CFSClientConfig::parseArguments(165) - earlyStubBackup=0
4448  1608  06/30 08:20:14 1087893 CVDC_FileSystem::CFSClientConfig::parseArguments(169) - ScanError=0
4448  1608  06/30 08:20:14 1087893 GetSubclientFolderByAppType() - Building generic JobResults directory, AppTypeId=134
4448  1608  06/30 08:20:14 1087893 CVDC_FileSystem::CFSClientConfig::readResgistryParams(234) - +++ 
4448  1608  06/30 08:20:14 1087893 CVDC_FileSystem::CFSClientConfig::readResgistryParams(234) - --- 0:00.008090 
4448  1608  06/30 08:20:14 1087893 CVDC_FileSystem::CFSClientConfig::parseArguments(65) - --- 0:00.648411 
4448  1608  06/30 08:20:14 1087893 DistributedIDA::CMaster::registerWithJM(856) - Use jm control role [1]
4448  1608  06/30 08:20:14 1087893 Init() - Initializing job control [token=1087893:4:1:0:0:60912,cn=sanbgw], serverName [cms01039c1us02.cvmscloud.commvault.com], ControlFlag [1], Job Id [1087893]
4448  1608  06/30 08:20:14 1087893 CVJobCtrlLog::registerProcess(): successfully created file [C:\Program Files\Metallic\ContentStore\Base\JobControl\4.448]
4448  1608  06/30 08:20:14 1087893 JM Client  CVJobClient::initialize(): Got remote host [cms01039c1us02.cvmscloud.commvault.com].
4448  1608  06/30 08:20:14 1087893 JM Client  CVBkpJobClient::init(): Initializing job object with token [1087893:4:1:0:0:60912].
4448  1608  06/30 08:20:14 1087893 CVGit::GitBackupCoordinator::loadNodeConfiguration(682) - adding access node [sanbgw]
4448  1608  06/30 08:20:14 1087893 AutoStreamHandler::GetMaxNumberOfStreamsInternal(41) - Backup nodes: 1, Optimal number of Data Readers: 4
4448  1608  06/30 08:20:14 1087893 DistributedIDA::ICoordinator::UpdateSubclientDirectory(572) - Subclient directory distribution is not enabled.
4448  1608  06/30 08:20:15 1087893 CVDC_FileSystem::CFSClientConfig::parseArguments(65) - +++ 
4448  1608  06/30 08:20:15 1087893 GetSubclientFolderByAppType() - Building generic JobResults directory, AppTypeId=134
4448  1608  06/30 08:20:15 1087893 CVDC_FileSystem::CFSClientConfig::parseArguments(87) - UseIncrementalImageMode=0
4448  1608  06/30 08:20:15 1087893 CVDC_FileSystem::CFSClientConfig::parseArguments(123) - Reference time = 0
4448  1608  06/30 08:20:15 1087893 CVDC_FileSystem::CFSClientConfig::parseArguments(146) - numWorkers is not set in argument, using the default value= 2
4448  1608  06/30 08:20:15 1087893 CVDC_FileSystem::CFSClientConfig::parseArguments(160) - numstreams is found in argument, value = 4
4448  1608  06/30 08:20:15 1087893 CVDC_FileSystem::CFSClientConfig::parseArguments(165) - earlyStubBackup=0
4448  1608  06/30 08:20:15 1087893 CVDC_FileSystem::CFSClientConfig::parseArguments(169) - ScanError=0
4448  1608  06/30 08:20:15 1087893 GetSubclientFolderByAppType() - Building generic JobResults directory, AppTypeId=134
4448  1608  06/30 08:20:15 1087893 CVDC_FileSystem::CFSClientConfig::readResgistryParams(234) - +++ 
4448  1608  06/30 08:20:15 1087893 CVDC_FileSystem::CFSClientConfig::readResgistryParams(234) - --- 0:00.014063 
4448  1608  06/30 08:20:15 1087893 CVDC_FileSystem::CFSClientConfig::parseArguments(65) - --- 0:00.295650 
4448  1608  06/30 08:20:15 1087893 CVDumpAndSweep::DumpAndSweepCoordinatorClientConfig::parseArguments(50) -  commcell id [2] app id [23674]
4448  1608  06/30 08:20:15 1087893 CVDumpAndSweep::DumpAndSweepCoordinatorClientConfig::parseArguments(63) -  Jobresult directory C:\Program Files\Metallic\ContentStore\iDataAgent\JobResults\CV_JobResults\2\0\1087893 
4448  1608  06/30 08:20:15 1087893 CVGit::GitBackupCoordinator::ReadFromContentFile(1755) - File [C:\Program Files\Metallic\ContentStore\iDataAgent\JobResults\2\23674\GitContentInfo.cvf] not found
4448  1608  06/30 08:20:16 1087893 CvJson::GetStringValue() - Exception getting value [id] - value type is 4 not 2
4448  1608  06/30 08:20:16 1087893 CvJson::GetStringValue() - Exception getting value [id] - value type is 4 not 2
4448  1608  06/30 08:20:16 1087893 CvJson::GetStringValue() - Exception getting value [id] - value type is 4 not 2
4448  1608  06/30 08:20:16 1087893 DistributedIDA::CMaster::handleEventError(1083) - 0x80070306:{DistributedIDA::CMaster::initialize(453)} + {CVGit::GitBackupCoordinator::initialize(122)} + {CVGit::GitBackupCoordinator::initializeInternal(236)} + {CVGit::GitBackupCoordinator::GetRepoDetailsFromSubClientForGitHub(314)/W32.774.(One or more errors occurred while processing the request. (ERROR_ERRORS_ENCOUNTERED.774))-Failed to get repository list. Please verify access token and organization details are correct.}
4448  1608  06/30 08:20:16 1087893 DistributedIDA::CMaster::endPhaseTasks(3848) - Make sure all streams are released now.
4448  1608  06/30 08:20:16 1087893 DistributedIDA::CMaster::endPhaseTasks(3870) - m_jsStatus:2 m_jsStatusFor:2 m_jsPendingCause:4
4448  1608  06/30 08:20:16 1087893 BKP CALLED COMPLETE (JOB Status::FAIL), 1087893. Token [1087893:4:1:0:0:60912]
4448  1d80  06/30 08:20:17 1087893 CVJobCtrlLog::unregisterProcess(): successfully removed file [C:\Program Files\Metallic\ContentStore\Base\JobControl\4.448]
4448  1608  06/30 08:20:17 1087893 CVGit::GitBackupCoordinator::~GitBackupCoordinator(87) - Get Project List: 0:00.000000, 0 samples, 0:00.000000 average, 0/second
4448  1608  06/30 08:20:17 1087893 CVGit::GitBackupCoordinator::~GitBackupCoordinator(88) - Get Repository List: 0:00.264140, 1 samples, 0:00.264140 average, 3/second
4448  1608  06/30 08:20:17 1087893 CVGit::GitBackupCoordinator::~GitBackupCoordinator(89) - Get Project Info: 0:00.000000, 0 samples, 0:00.000000 average, 0/second
4448  1608  06/30 08:20:17 1087893 main(152) - 0x80070306:{DistributedIDA::CMaster::initialize(453)} + {CVGit::GitBackupCoordinator::initialize(122)} + {CVGit::GitBackupCoordinator::initializeInternal(236)} + {CVGit::GitBackupCoordinator::GetRepoDetailsFromSubClientForGitHub(314)/W32.774.(One or more errors occurred while processing the request. (ERROR_ERRORS_ENCOUNTERED.774))-Failed to get repository list. Please verify access token and organization details are correct.}
4448  1608  06/30 08:20:17 1087893 main(160) - ---------------------
4448  1608  06/30 08:20:17 1087893 main(161) - ENDING DistributedIDA
4448  1608  06/30 08:20:17 1087893 main(162) - =====================
6884  1104  06/30 08:31:46 1087923 DistributedIDA::CMaster::InitializeEvEvent(328) - =======================
6884  1104  06/30 08:31:46 1087923 DistributedIDA::CMaster::InitializeEvEvent(329) - STARTING DistributedIDA
6884  1104  06/30 08:31:46 1087923 DistributedIDA::CMaster::InitializeEvEvent(330) - -----------------------
6884  1104  06/30 08:31:46 1087923 CVDC_FileSystem::CFSClientConfig::parseArguments(65) - +++ 
6884  1104  06/30 08:31:46 1087923 isCCSDbEnabled() - Use CCSDb Enabled [0] IsCloudLaptop [0] IsFSCoreLaptop [0]
6884  1104  06/30 08:31:46 1087923 Cvcl::init() - CVCL: Running in FIPS Mode
6884  1104  06/30 08:31:46 1087923 GetSubclientFolderByAppType() - Building generic JobResults directory, AppTypeId=134
6884  1104  06/30 08:31:46 1087923 CVDC_FileSystem::CFSClientConfig::parseArguments(87) - UseIncrementalImageMode=0
6884  1104  06/30 08:31:46 1087923 CVDC_FileSystem::CFSClientConfig::parseArguments(123) - Reference time = 0
6884  1104  06/30 08:31:46 1087923 CVDC_FileSystem::CFSClientConfig::parseArguments(146) - numWorkers is not set in argument, using the default value= 2
6884  1104  06/30 08:31:46 1087923 CVDC_FileSystem::CFSClientConfig::parseArguments(160) - numstreams is found in argument, value = 4
6884  1104  06/30 08:31:46 1087923 CVDC_FileSystem::CFSClientConfig::parseArguments(165) - earlyStubBackup=0
6884  1104  06/30 08:31:46 1087923 CVDC_FileSystem::CFSClientConfig::parseArguments(169) - ScanError=0
6884  1104  06/30 08:31:46 1087923 GetSubclientFolderByAppType() - Building generic JobResults directory, AppTypeId=134
6884  1104  06/30 08:31:46 1087923 CVDC_FileSystem::CFSClientConfig::readResgistryParams(234) - +++ 
6884  1104  06/30 08:31:46 1087923 CVDC_FileSystem::CFSClientConfig::readResgistryParams(234) - --- 0:00.014980 
6884  1104  06/30 08:31:46 1087923 CVDC_FileSystem::CFSClientConfig::parseArguments(65) - --- 0:00.691814 
6884  1104  06/30 08:31:46 1087923 DistributedIDA::CMaster::registerWithJM(856) - Use jm control role [1]
6884  1104  06/30 08:31:46 1087923 Init() - Initializing job control [token=1087923:4:1:0:0:57231,cn=sanbgw], serverName [cms01039c1us02.cvmscloud.commvault.com], ControlFlag [1], Job Id [1087923]
6884  1104  06/30 08:31:47 1087923 CVJobCtrlLog::registerProcess(): successfully created file [C:\Program Files\Metallic\ContentStore\Base\JobControl\6.884]
6884  1104  06/30 08:31:47 1087923 JM Client  CVJobClient::initialize(): Got remote host [cms01039c1us02.cvmscloud.commvault.com].
6884  1104  06/30 08:31:47 1087923 JM Client  CVBkpJobClient::init(): Initializing job object with token [1087923:4:1:0:0:57231].
6884  1104  06/30 08:31:47 1087923 CVGit::GitBackupCoordinator::loadNodeConfiguration(682) - adding access node [sanbgw]
6884  1104  06/30 08:31:47 1087923 AutoStreamHandler::GetMaxNumberOfStreamsInternal(41) - Backup nodes: 1, Optimal number of Data Readers: 4
6884  1104  06/30 08:31:47 1087923 DistributedIDA::ICoordinator::UpdateSubclientDirectory(572) - Subclient directory distribution is not enabled.
6884  1104  06/30 08:31:47 1087923 CVDC_FileSystem::CFSClientConfig::parseArguments(65) - +++ 
6884  1104  06/30 08:31:47 1087923 GetSubclientFolderByAppType() - Building generic JobResults directory, AppTypeId=134
6884  1104  06/30 08:31:47 1087923 CVDC_FileSystem::CFSClientConfig::parseArguments(87) - UseIncrementalImageMode=0
6884  1104  06/30 08:31:47 1087923 CVDC_FileSystem::CFSClientConfig::parseArguments(123) - Reference time = 0
6884  1104  06/30 08:31:47 1087923 CVDC_FileSystem::CFSClientConfig::parseArguments(146) - numWorkers is not set in argument, using the default value= 2
6884  1104  06/30 08:31:47 1087923 CVDC_FileSystem::CFSClientConfig::parseArguments(160) - numstreams is found in argument, value = 4
6884  1104  06/30 08:31:47 1087923 CVDC_FileSystem::CFSClientConfig::parseArguments(165) - earlyStubBackup=0
6884  1104  06/30 08:31:47 1087923 CVDC_FileSystem::CFSClientConfig::parseArguments(169) - ScanError=0
6884  1104  06/30 08:31:47 1087923 GetSubclientFolderByAppType() - Building generic JobResults directory, AppTypeId=134
6884  1104  06/30 08:31:47 1087923 CVDC_FileSystem::CFSClientConfig::readResgistryParams(234) - +++ 
6884  1104  06/30 08:31:47 1087923 CVDC_FileSystem::CFSClientConfig::readResgistryParams(234) - --- 0:00.017920 
6884  1104  06/30 08:31:47 1087923 CVDC_FileSystem::CFSClientConfig::parseArguments(65) - --- 0:00.263374 
6884  1104  06/30 08:31:47 1087923 CVDumpAndSweep::DumpAndSweepCoordinatorClientConfig::parseArguments(50) -  commcell id [2] app id [23674]
6884  1104  06/30 08:31:47 1087923 CVDumpAndSweep::DumpAndSweepCoordinatorClientConfig::parseArguments(63) -  Jobresult directory C:\Program Files\Metallic\ContentStore\iDataAgent\JobResults\CV_JobResults\2\0\1087923 
6884  1104  06/30 08:31:48 1087923 CVGit::GitBackupCoordinator::ReadFromContentFile(1755) - File [C:\Program Files\Metallic\ContentStore\iDataAgent\JobResults\2\23674\GitContentInfo.cvf] not found
6884  1104  06/30 08:31:48 1087923 CvJson::GetStringValue() - Exception getting value [id] - value type is 4 not 2
6884  1104  06/30 08:31:48 1087923 CvJson::GetStringValue() - Exception getting value [id] - value type is 4 not 2
6884  1104  06/30 08:31:48 1087923 CvJson::GetStringValue() - Exception getting value [id] - value type is 4 not 2
6884  1104  06/30 08:31:48 1087923 DistributedIDA::CMaster::handleEventError(1083) - 0x80070306:{DistributedIDA::CMaster::initialize(453)} + {CVGit::GitBackupCoordinator::initialize(122)} + {CVGit::GitBackupCoordinator::initializeInternal(236)} + {CVGit::GitBackupCoordinator::GetRepoDetailsFromSubClientForGitHub(314)/W32.774.(One or more errors occurred while processing the request. (ERROR_ERRORS_ENCOUNTERED.774))-Failed to get repository list. Please verify access token and organization details are correct.}
6884  1104  06/30 08:31:48 1087923 DistributedIDA::CMaster::endPhaseTasks(3848) - Make sure all streams are released now.
6884  1104  06/30 08:31:48 1087923 DistributedIDA::CMaster::endPhaseTasks(3870) - m_jsStatus:2 m_jsStatusFor:2 m_jsPendingCause:4
6884  1104  06/30 08:31:48 1087923 BKP CALLED COMPLETE (JOB Status::FAIL), 1087923. Token [1087923:4:1:0:0:57231]
6884  560   06/30 08:31:51 1087923 CVJobCtrlLog::unregisterProcess(): successfully removed file [C:\Program Files\Metallic\ContentStore\Base\JobControl\6.884]
6884  1104  06/30 08:31:51 1087923 CVGit::GitBackupCoordinator::~GitBackupCoordinator(87) - Get Project List: 0:00.000000, 0 samples, 0:00.000000 average, 0/second
6884  1104  06/30 08:31:51 1087923 CVGit::GitBackupCoordinator::~GitBackupCoordinator(88) - Get Repository List: 0:00.297361, 1 samples, 0:00.297361 average, 3/second
6884  1104  06/30 08:31:51 1087923 CVGit::GitBackupCoordinator::~GitBackupCoordinator(89) - Get Project Info: 0:00.000000, 0 samples, 0:00.000000 average, 0/second
6884  1104  06/30 08:31:51 1087923 main(152) - 0x80070306:{DistributedIDA::CMaster::initialize(453)} + {CVGit::GitBackupCoordinator::initialize(122)} + {CVGit::GitBackupCoordinator::initializeInternal(236)} + {CVGit::GitBackupCoordinator::GetRepoDetailsFromSubClientForGitHub(314)/W32.774.(One or more errors occurred while processing the request. (ERROR_ERRORS_ENCOUNTERED.774))-Failed to get repository list. Please verify access token and organization details are correct.}
6884  1104  06/30 08:31:51 1087923 main(160) - ---------------------
6884  1104  06/30 08:31:51 1087923 main(161) - ENDING DistributedIDA
6884  1104  06/30 08:31:51 1087923 main(162) - =====================
4712  63c   06/30 08:46:17 1087953 DistributedIDA::CMaster::InitializeEvEvent(328) - =======================
4712  63c   06/30 08:46:17 1087953 DistributedIDA::CMaster::InitializeEvEvent(329) - STARTING DistributedIDA
4712  63c   06/30 08:46:17 1087953 DistributedIDA::CMaster::InitializeEvEvent(330) - -----------------------
4712  63c   06/30 08:46:17 1087953 CVDC_FileSystem::CFSClientConfig::parseArguments(65) - +++ 
4712  63c   06/30 08:46:17 1087953 isCCSDbEnabled() - Use CCSDb Enabled [0] IsCloudLaptop [0] IsFSCoreLaptop [0]
4712  63c   06/30 08:46:17 1087953 Cvcl::init() - CVCL: Running in FIPS Mode
4712  63c   06/30 08:46:17 1087953 GetSubclientFolderByAppType() - Building generic JobResults directory, AppTypeId=134
4712  63c   06/30 08:46:17 1087953 CVDC_FileSystem::CFSClientConfig::parseArguments(87) - UseIncrementalImageMode=0
4712  63c   06/30 08:46:17 1087953 CVDC_FileSystem::CFSClientConfig::parseArguments(123) - Reference time = 0
4712  63c   06/30 08:46:17 1087953 CVDC_FileSystem::CFSClientConfig::parseArguments(146) - numWorkers is not set in argument, using the default value= 2
4712  63c   06/30 08:46:17 1087953 CVDC_FileSystem::CFSClientConfig::parseArguments(160) - numstreams is found in argument, value = 4
4712  63c   06/30 08:46:17 1087953 CVDC_FileSystem::CFSClientConfig::parseArguments(165) - earlyStubBackup=0
4712  63c   06/30 08:46:17 1087953 CVDC_FileSystem::CFSClientConfig::parseArguments(169) - ScanError=0
4712  63c   06/30 08:46:17 1087953 GetSubclientFolderByAppType() - Building generic JobResults directory, AppTypeId=134
4712  63c   06/30 08:46:17 1087953 CVDC_FileSystem::CFSClientConfig::readResgistryParams(234) - +++ 
4712  63c   06/30 08:46:17 1087953 CVDC_FileSystem::CFSClientConfig::readResgistryParams(234) - --- 0:00.019745 
4712  63c   06/30 08:46:17 1087953 CVDC_FileSystem::CFSClientConfig::parseArguments(65) - --- 0:00.697891 
4712  63c   06/30 08:46:17 1087953 DistributedIDA::CMaster::registerWithJM(856) - Use jm control role [1]
4712  63c   06/30 08:46:17 1087953 Init() - Initializing job control [token=1087953:4:1:0:0:32808,cn=sanbgw], serverName [cms01039c1us02.cvmscloud.commvault.com], ControlFlag [1], Job Id [1087953]
4712  63c   06/30 08:46:18 1087953 CVJobCtrlLog::registerProcess(): successfully created file [C:\Program Files\Metallic\ContentStore\Base\JobControl\4.712]
4712  63c   06/30 08:46:18 1087953 JM Client  CVJobClient::initialize(): Got remote host [cms01039c1us02.cvmscloud.commvault.com].
4712  63c   06/30 08:46:18 1087953 JM Client  CVBkpJobClient::init(): Initializing job object with token [1087953:4:1:0:0:32808].
4712  63c   06/30 08:46:18 1087953 CVGit::GitBackupCoordinator::loadNodeConfiguration(682) - adding access node [sanbgw]
4712  63c   06/30 08:46:18 1087953 AutoStreamHandler::GetMaxNumberOfStreamsInternal(41) - Backup nodes: 1, Optimal number of Data Readers: 4
4712  63c   06/30 08:46:18 1087953 DistributedIDA::ICoordinator::UpdateSubclientDirectory(572) - Subclient directory distribution is not enabled.
4712  63c   06/30 08:46:18 1087953 CVDC_FileSystem::CFSClientConfig::parseArguments(65) - +++ 
4712  63c   06/30 08:46:18 1087953 GetSubclientFolderByAppType() - Building generic JobResults directory, AppTypeId=134
4712  63c   06/30 08:46:18 1087953 CVDC_FileSystem::CFSClientConfig::parseArguments(87) - UseIncrementalImageMode=0
4712  63c   06/30 08:46:18 1087953 CVDC_FileSystem::CFSClientConfig::parseArguments(123) - Reference time = 0
4712  63c   06/30 08:46:18 1087953 CVDC_FileSystem::CFSClientConfig::parseArguments(146) - numWorkers is not set in argument, using the default value= 2
4712  63c   06/30 08:46:18 1087953 CVDC_FileSystem::CFSClientConfig::parseArguments(160) - numstreams is found in argument, value = 4
4712  63c   06/30 08:46:18 1087953 CVDC_FileSystem::CFSClientConfig::parseArguments(165) - earlyStubBackup=0
4712  63c   06/30 08:46:18 1087953 CVDC_FileSystem::CFSClientConfig::parseArguments(169) - ScanError=0
4712  63c   06/30 08:46:18 1087953 GetSubclientFolderByAppType() - Building generic JobResults directory, AppTypeId=134
4712  63c   06/30 08:46:18 1087953 CVDC_FileSystem::CFSClientConfig::readResgistryParams(234) - +++ 
4712  63c   06/30 08:46:18 1087953 CVDC_FileSystem::CFSClientConfig::readResgistryParams(234) - --- 0:00.014822 
4712  63c   06/30 08:46:18 1087953 CVDC_FileSystem::CFSClientConfig::parseArguments(65) - --- 0:00.247882 
4712  63c   06/30 08:46:18 1087953 CVDumpAndSweep::DumpAndSweepCoordinatorClientConfig::parseArguments(50) -  commcell id [2] app id [23682]
4712  63c   06/30 08:46:18 1087953 CVDumpAndSweep::DumpAndSweepCoordinatorClientConfig::parseArguments(63) -  Jobresult directory C:\Program Files\Metallic\ContentStore\iDataAgent\JobResults\CV_JobResults\2\0\1087953 
4712  63c   06/30 08:46:18 1087953 CVGit::GitBackupCoordinator::ReadFromContentFile(1755) - File [C:\Program Files\Metallic\ContentStore\iDataAgent\JobResults\2\23682\GitContentInfo.cvf] not found
4712  63c   06/30 08:46:19 1087953 CvJson::GetStringValue() - Exception getting value [id] - value type is 4 not 2
4712  63c   06/30 08:46:19 1087953 CvJson::GetStringValue() - Exception getting value [id] - value type is 4 not 2
4712  63c   06/30 08:46:19 1087953 CvJson::GetStringValue() - Exception getting value [id] - value type is 4 not 2
4712  63c   06/30 08:46:19 1087953 CvJson::GetStringValue() - Exception getting value [id] - value type is 4 not 2
4712  63c   06/30 08:46:19 1087953 CVGit::GitBackupRepoNodeInfo::Log(48) - m_strUserName [TestingMetallic], m_strAccountName [rrskumar4], m_strRepoName [PowerCLI-Example-Scripts], m_strRepoURL [https://github.com/rrskumar4/PowerCLI-Example-Scripts.git] 
4712  63c   06/30 08:46:19 1087953 CvJson::GetStringValue() - Exception getting value [id] - value type is 4 not 2
4712  63c   06/30 08:46:19 1087953 CVGit::GitBackupRepoNodeInfo::Log(48) - m_strUserName [TestingMetallic], m_strAccountName [rrskumar4], m_strRepoName [TestMetallicRepo], m_strRepoURL [https://github.com/rrskumar4/TestMetallicRepo.git] 
4712  63c   06/30 08:46:19 1087953 CvJson::GetStringValue() - Exception getting value [id] - value type is 4 not 2
4712  63c   06/30 08:46:19 1087953 CVGit::GitBackupRepoNodeInfo::Log(48) - m_strUserName [TestingMetallic], m_strAccountName [rrskumar4], m_strRepoName [san2], m_strRepoURL [https://github.com/rrskumar4/san2.git] 
4712  63c   06/30 08:46:19 1087953 DistributedIDA::CMaster::UpdateJMMisc(489) - Updating client list [8426] to JM Misc table
4712  1ca4  06/30 08:46:20 1087953 DistributedIDA::CCoordinatorReports::Run(147) - Reports are printed every 300 seconds
4712  1e98  06/30 08:46:20 1087953 DistributedIDA::CMaster::streamRefresh(3534) - Started
4712  63c   06/30 08:46:20 1087953 DistributedIDA::CMaster::checkAdditionalStreams(1252) - for type 1 required streams:4 tasks:3 streams available:4
4712  63c   06/30 08:46:20 1087953 DistributedIDA::CMaster::registerNodes(1006) - common agents arguments:-j 1087953 -backup -a 2:23682 -t 1 -at 134 -i 2 -d SanBGW*sanbgw*8400 -io 1 -r 0 -jt 1087953:4:1:0:0:32808 -idxma SanBGW*sanbgw*8400 -numstreams 4 -pkg Git -startTime 1656603954 -lf 0 -li 0 -ls 0 -attrEx 0 -cn sanbgw -vm Instance001 -controller -phase backup
4712  63c   06/30 08:46:20 1087953 DistributedIDA::CMaster::registerNodes(1009) - common agents arguments:-j 1087953 -backup -a 2:23682 -t 1 -at 134 -i 2 -d SanBGW*sanbgw*8400 -io 1 -r 0 -jt 1087953:4:1:0:0:32808 -idxma SanBGW*sanbgw*8400 -numstreams 4 -pkg Git -startTime 1656603954 -lf 0 -li 0 -ls 0 -attrEx 0 -vm Instance001 -controller -phase backup
4712  63c   06/30 08:46:20 1087953 DistributedIDA::CMaster::registerNodes(1012) - common agents arguments:-j 1087953 -backup -a 2:23682 -t 1 -at 134 -i 2 -d SanBGW*sanbgw*8400 -io 1 -r 0 -jt 1087953:4:1:0:0:32808 -idxma SanBGW*sanbgw*8400 -numstreams 4 -pkg Git -startTime 1656603954 -lf 0 -li 0 -ls 0 -attrEx 0 -controller -phase backup
4712  63c   06/30 08:46:20 1087953 DistributedIDA::CMaster::registerNodes(1064) - for sanbgw: -numstreams 4 
4712  63c   06/30 08:46:20 1087953 CVRemoteAgentServer::AddAgent() - Added Agent [sanbgw]
4712  63c   06/30 08:46:20 1087953 CVRemoteAgentServer::StartRemoteAgent() - Starting Remote Agent [sanbgw]
4712  63c   06/30 08:46:20 1087953 CVRemoteAgentServer::StartRemoteAgent() - Launching agent executable [CVDistributor.exe] on [SanBGW*sanbgw*8400] with args [-j 1087953 -backup -a 2:23682 -t 1 -at 134 -i 2 -d SanBGW*sanbgw*8400 -io 1 -r 0 -jt 1087953:4:1:0:0:32808 -idxma SanBGW*sanbgw*8400 -pkg Git -startTime 1656603954 -lf 0 -li 0 -ls 0 -attrEx 0 -controller -phase backup -numstreams 4 ]
4712  63c   06/30 08:46:21 1087953 CVRemoteAgentServer::StartRemoteAgent() - Started Agent [sanbgw]
4712  63c   06/30 08:46:21 1087953 DistributedIDA::CMaster::OnAgentStarted(2024) - Got AgentStarted for sanbgw
4712  63c   06/30 08:46:21 1087953 DistributedIDA::CMaster::StreamRequest(2940) - StreamRequest from sanbgw of type 1 requestId=1
4712  63c   06/30 08:46:22 1087953 DistributedIDA::CMaster::DispatchStreams(1294) - IDA failed create advisor object. Will use default implementation.
4712  63c   06/30 08:46:22 1087953 DistributedIDA::CStreamAssignmentAdvisor::assignStreamToNode(101) - considering task 1 with status 1
4712  63c   06/30 08:46:22 1087953 DistributedIDA::CStreamAssignmentAdvisor::assignStreamToNode(101) - considering task 2 with status 1
4712  63c   06/30 08:46:22 1087953 DistributedIDA::CStreamAssignmentAdvisor::assignStreamToNode(101) - considering task 3 with status 1
4712  63c   06/30 08:46:22 1087953 DistributedIDA::CStreamAssignmentAdvisor::assignStreamToNode(203) - added stream 2 running on sanbgw(8426) with MA ID:8426
4712  63c   06/30 08:46:22 1087953 DistributedIDA::CStreamAssignmentAdvisor::assignStreamToNode(203) - added stream 3 running on sanbgw(8426) with MA ID:8426
4712  63c   06/30 08:46:22 1087953 DistributedIDA::CStreamAssignmentAdvisor::assignStreamToNode(203) - added stream 4 running on sanbgw(8426) with MA ID:8426
4712  63c   06/30 08:46:22 1087953 DistributedIDA::CStreamAssignmentAdvisor::assignStreamToNode(203) - added stream 5 running on sanbgw(8426) with MA ID:8426
4712  63c   06/30 08:46:22 1087953 DistributedIDA::ICoordinator::updateNodeWithStream(481) - will update node sanbgw counters accourding to new state 2
4712  63c   06/30 08:46:22 1087953 DistributedIDA::CMaster::sendStreamToNode(3682) - node [sanbgw] platform:6 (2) MA id:8426 Node id:8426 isMAExchangeAllowed:1 node.isExchangeReservations:1, rcId:2177329 streamId:5
4712  63c   06/30 08:46:22 1087953 DistributedIDA::CMaster::StreamRequest(2940) - StreamRequest from sanbgw of type 1 requestId=2
4712  63c   06/30 08:46:22 1087953 DistributedIDA::CStreamAssignmentAdvisor::assignStreamToNode(101) - considering task 1 with status 1
4712  63c   06/30 08:46:22 1087953 DistributedIDA::CStreamAssignmentAdvisor::assignStreamToNode(101) - considering task 2 with status 1
4712  63c   06/30 08:46:22 1087953 DistributedIDA::CStreamAssignmentAdvisor::assignStreamToNode(101) - considering task 3 with status 1
4712  63c   06/30 08:46:22 1087953 DistributedIDA::CStreamAssignmentAdvisor::assignStreamToNode(203) - added stream 2 running on sanbgw(8426) with MA ID:8426
4712  63c   06/30 08:46:22 1087953 DistributedIDA::CStreamAssignmentAdvisor::assignStreamToNode(203) - added stream 3 running on sanbgw(8426) with MA ID:8426
4712  63c   06/30 08:46:22 1087953 DistributedIDA::CStreamAssignmentAdvisor::assignStreamToNode(203) - added stream 4 running on sanbgw(8426) with MA ID:8426
4712  63c   06/30 08:46:22 1087953 DistributedIDA::ICoordinator::updateNodeWithStream(481) - will update node sanbgw counters accourding to new state 2
4712  63c   06/30 08:46:22 1087953 DistributedIDA::CMaster::sendStreamToNode(3682) - node [sanbgw] platform:6 (2) MA id:8426 Node id:8426 isMAExchangeAllowed:1 node.isExchangeReservations:1, rcId:2177328 streamId:4
4712  63c   06/30 08:46:22 1087953 DistributedIDA::CMaster::StreamRequest(2940) - StreamRequest from sanbgw of type 1 requestId=3
4712  63c   06/30 08:46:22 1087953 DistributedIDA::CStreamAssignmentAdvisor::assignStreamToNode(101) - considering task 1 with status 1
4712  63c   06/30 08:46:22 1087953 DistributedIDA::CStreamAssignmentAdvisor::assignStreamToNode(101) - considering task 2 with status 1
4712  63c   06/30 08:46:22 1087953 DistributedIDA::CStreamAssignmentAdvisor::assignStreamToNode(101) - considering task 3 with status 1
4712  63c   06/30 08:46:22 1087953 DistributedIDA::CStreamAssignmentAdvisor::assignStreamToNode(203) - added stream 2 running on sanbgw(8426) with MA ID:8426
4712  63c   06/30 08:46:22 1087953 DistributedIDA::CStreamAssignmentAdvisor::assignStreamToNode(203) - added stream 3 running on sanbgw(8426) with MA ID:8426
4712  63c   06/30 08:46:22 1087953 DistributedIDA::ICoordinator::updateNodeWithStream(481) - will update node sanbgw counters accourding to new state 2
4712  63c   06/30 08:46:22 1087953 DistributedIDA::CMaster::sendStreamToNode(3682) - node [sanbgw] platform:6 (2) MA id:8426 Node id:8426 isMAExchangeAllowed:1 node.isExchangeReservations:1, rcId:2177327 streamId:3
4712  63c   06/30 08:46:22 1087953 DistributedIDA::CMaster::StreamRequest(2940) - StreamRequest from sanbgw of type 1 requestId=4
4712  63c   06/30 08:46:22 1087953 DistributedIDA::CStreamAssignmentAdvisor::assignStreamToNode(101) - considering task 1 with status 1
4712  63c   06/30 08:46:23 1087953 DistributedIDA::CStreamAssignmentAdvisor::assignStreamToNode(101) - considering task 2 with status 1
4712  63c   06/30 08:46:23 1087953 DistributedIDA::CStreamAssignmentAdvisor::assignStreamToNode(101) - considering task 3 with status 1
4712  63c   06/30 08:46:23 1087953 DistributedIDA::CStreamAssignmentAdvisor::assignStreamToNode(203) - added stream 2 running on sanbgw(8426) with MA ID:8426
4712  63c   06/30 08:46:23 1087953 DistributedIDA::ICoordinator::updateNodeWithStream(481) - will update node sanbgw counters accourding to new state 2
4712  63c   06/30 08:46:23 1087953 DistributedIDA::CMaster::sendStreamToNode(3682) - node [sanbgw] platform:6 (2) MA id:8426 Node id:8426 isMAExchangeAllowed:1 node.isExchangeReservations:1, rcId:2177326 streamId:2
4712  63c   06/30 08:46:32 1087953 DistributedIDA::CMaster::TaskRequest(3323) - marking rcId 2177329, stream 5 as StreamStatus_ACTIVE
4712  63c   06/30 08:46:32 1087953 DistributedIDA::ICoordinator::updateNodeWithStream(481) - will update node sanbgw counters accourding to new state 4
4712  63c   06/30 08:46:32 1087953 DistributedIDA::CMaster::TaskRequest(3338) - Adding task request to rcId 2177329, stream 5
4712  63c   06/30 08:46:32 1087953 CVDumpAndSweep::DumpAndSweepBackupCoordinator::GetTaskForNodeNonSharedStaging(689) - Allocating download repo task [1] for node sanbgw
4712  63c   06/30 08:46:32 1087953 DistributedIDA::CMaster::DispatchTasks(1478) - task refID:1 assigned to rcId 2177329, stream 5 on node sanbgw
4712  63c   06/30 08:46:32 1087953 DistributedIDA::CMaster::DispatchTasks(1494) - will update task with m_iReferenceId 1
4712  63c   06/30 08:46:32 1087953 DistributedIDA::CMaster::DispatchTasks(1502) - task 1 started on stream 5[RcID :2177329]
4712  63c   06/30 08:46:32 1087953 DistributedIDA::CMaster::TaskRequest(3323) - marking rcId 2177327, stream 3 as StreamStatus_ACTIVE
4712  63c   06/30 08:46:32 1087953 DistributedIDA::ICoordinator::updateNodeWithStream(481) - will update node sanbgw counters accourding to new state 4
4712  63c   06/30 08:46:32 1087953 DistributedIDA::CMaster::TaskRequest(3338) - Adding task request to rcId 2177327, stream 3
4712  63c   06/30 08:46:32 1087953 CVDumpAndSweep::DumpAndSweepBackupCoordinator::GetTaskForNodeNonSharedStaging(654) - Sending Wait task. Active task [1]
4712  63c   06/30 08:46:32 1087953 DistributedIDA::CMaster::DispatchTasks(1494) - will update task with m_iReferenceId -1
4712  63c   06/30 08:46:32 1087953 DistributedIDA::CMaster::TaskRequest(3323) - marking rcId 2177326, stream 2 as StreamStatus_ACTIVE
4712  63c   06/30 08:46:32 1087953 DistributedIDA::ICoordinator::updateNodeWithStream(481) - will update node sanbgw counters accourding to new state 4
4712  63c   06/30 08:46:32 1087953 DistributedIDA::CMaster::TaskRequest(3338) - Adding task request to rcId 2177326, stream 2
4712  63c   06/30 08:46:32 1087953 CVDumpAndSweep::DumpAndSweepBackupCoordinator::GetTaskForNodeNonSharedStaging(654) - Sending Wait task. Active task [1]
4712  63c   06/30 08:46:32 1087953 DistributedIDA::CMaster::DispatchTasks(1494) - will update task with m_iReferenceId -1
4712  63c   06/30 08:46:32 1087953 DistributedIDA::CMaster::TaskRequest(3323) - marking rcId 2177328, stream 4 as StreamStatus_ACTIVE
4712  63c   06/30 08:46:32 1087953 DistributedIDA::ICoordinator::updateNodeWithStream(481) - will update node sanbgw counters accourding to new state 4
4712  63c   06/30 08:46:32 1087953 DistributedIDA::CMaster::TaskRequest(3338) - Adding task request to rcId 2177328, stream 4
4712  63c   06/30 08:46:32 1087953 CVDumpAndSweep::DumpAndSweepBackupCoordinator::GetTaskForNodeNonSharedStaging(654) - Sending Wait task. Active task [1]
4712  63c   06/30 08:46:32 1087953 DistributedIDA::CMaster::DispatchTasks(1494) - will update task with m_iReferenceId -1
4712  63c   06/30 08:46:42 1087953 DistributedIDA::CMaster::TaskRequest(3338) - Adding task request to rcId 2177327, stream 3
4712  63c   06/30 08:46:42 1087953 CVDumpAndSweep::DumpAndSweepBackupCoordinator::GetTaskForNodeNonSharedStaging(654) - Sending Wait task. Active task [1]
4712  63c   06/30 08:46:42 1087953 DistributedIDA::CMaster::DispatchTasks(1494) - will update task with m_iReferenceId -1
4712  63c   06/30 08:46:42 1087953 DistributedIDA::CMaster::TaskRequest(3338) - Adding task request to rcId 2177326, stream 2
4712  63c   06/30 08:46:42 1087953 CVDumpAndSweep::DumpAndSweepBackupCoordinator::GetTaskForNodeNonSharedStaging(654) - Sending Wait task. Active task [1]
4712  63c   06/30 08:46:42 1087953 DistributedIDA::CMaster::DispatchTasks(1494) - will update task with m_iReferenceId -1
4712  63c   06/30 08:46:42 1087953 DistributedIDA::CMaster::TaskRequest(3338) - Adding task request to rcId 2177328, stream 4
4712  63c   06/30 08:46:42 1087953 CVDumpAndSweep::DumpAndSweepBackupCoordinator::GetTaskForNodeNonSharedStaging(654) - Sending Wait task. Active task [1]
4712  63c   06/30 08:46:42 1087953 DistributedIDA::CMaster::DispatchTasks(1494) - will update task with m_iReferenceId -1
4712  63c   06/30 08:46:44 1087953 CVGit::GitBackupCoordinator::OnTaskComplete(751) - Task Completed for the node=[sanbgw] 
4712  63c   06/30 08:46:44 1087953 CVGit::GitBackupCollectFileNodeInfo::Log(62) - m_strAccountName [rrskumar4], m_strRepoName [PowerCLI-Example-Scripts]
4712  63c   06/30 08:46:44 1087953 CVGit::GitBackupCoordinator::CreateCollectFileAndCleanUpTask(874) - Added task for ref id 4 and collect file 4 for node sanbgw
4712  63c   06/30 08:46:44 1087953 CVGit::GitBackupCollectFileNodeInfo::Log(62) - m_strAccountName [rrskumar4], m_strRepoName [PowerCLI-Example-Scripts]
4712  63c   06/30 08:46:44 1087953 CVGit::GitBackupCoordinator::CreateCollectFileAndCleanUpTask(874) - Added task for ref id 5 and collect file 5 for node sanbgw
4712  63c   06/30 08:46:44 1087953 CVGit::GitBackupCleanUpNodeInfo::Log(39) -  m_strRepoPath [C:\Program Files\Metallic\ContentStore\iDataAgent\JobResults\2\23682\Backup_23682\rrskumar4\PowerCLI-Example-Scripts]
4712  63c   06/30 08:46:44 1087953 CVGit::GitBackupCoordinator::CreateCollectFileAndCleanUpTask(918) - Added cleanup task for ref id 6 for node sanbgw
4712  63c   06/30 08:46:44 1087953 DistributedIDA::CMaster::TaskComplete(3402) - task 1 status reported : 5
4712  63c   06/30 08:46:44 1087953 DistributedIDA::CMaster::TaskRequest(3338) - Adding task request to rcId 2177329, stream 5
4712  63c   06/30 08:46:44 1087953 CVDumpAndSweep::DumpAndSweepBackupCoordinator::GetTaskForNodeNonSharedStaging(620) - got task 4 reserved for node sanbgw
4712  63c   06/30 08:46:44 1087953 DistributedIDA::CMaster::DispatchTasks(1478) - task refID:4 assigned to rcId 2177329, stream 5 on node sanbgw
4712  63c   06/30 08:46:44 1087953 DistributedIDA::CMaster::DispatchTasks(1494) - will update task with m_iReferenceId 4
4712  63c   06/30 08:46:44 1087953 DistributedIDA::CMaster::DispatchTasks(1502) - task 4 started on stream 5[RcID :2177329]
4712  63c   06/30 08:46:52 1087953 DistributedIDA::CMaster::TaskRequest(3338) - Adding task request to rcId 2177327, stream 3
4712  63c   06/30 08:46:52 1087953 CVDumpAndSweep::DumpAndSweepBackupCoordinator::GetTaskForNodeNonSharedStaging(620) - got task 5 reserved for node sanbgw
4712  63c   06/30 08:46:52 1087953 DistributedIDA::CMaster::DispatchTasks(1478) - task refID:5 assigned to rcId 2177327, stream 3 on node sanbgw
4712  63c   06/30 08:46:52 1087953 DistributedIDA::CMaster::DispatchTasks(1494) - will update task with m_iReferenceId 5
4712  63c   06/30 08:46:52 1087953 DistributedIDA::CMaster::DispatchTasks(1502) - task 5 started on stream 3[RcID :2177327]
4712  63c   06/30 08:46:52 1087953 DistributedIDA::CMaster::TaskRequest(3338) - Adding task request to rcId 2177326, stream 2
4712  63c   06/30 08:46:52 1087953 CVDumpAndSweep::DumpAndSweepBackupCoordinator::GetTaskForNodeNonSharedStaging(632) - Sending Wait task. Active task [6]
4712  63c   06/30 08:46:52 1087953 DistributedIDA::CMaster::DispatchTasks(1494) - will update task with m_iReferenceId -1
4712  63c   06/30 08:46:52 1087953 DistributedIDA::CMaster::TaskRequest(3338) - Adding task request to rcId 2177328, stream 4
4712  63c   06/30 08:46:52 1087953 CVDumpAndSweep::DumpAndSweepBackupCoordinator::GetTaskForNodeNonSharedStaging(632) - Sending Wait task. Active task [6]
4712  63c   06/30 08:46:52 1087953 DistributedIDA::CMaster::DispatchTasks(1494) - will update task with m_iReferenceId -1
4712  63c   06/30 08:47:02 1087953 DistributedIDA::CMaster::TaskRequest(3338) - Adding task request to rcId 2177326, stream 2
4712  63c   06/30 08:47:02 1087953 CVDumpAndSweep::DumpAndSweepBackupCoordinator::GetTaskForNodeNonSharedStaging(632) - Sending Wait task. Active task [6]
4712  63c   06/30 08:47:02 1087953 DistributedIDA::CMaster::DispatchTasks(1494) - will update task with m_iReferenceId -1
4712  63c   06/30 08:47:02 1087953 DistributedIDA::CMaster::TaskRequest(3338) - Adding task request to rcId 2177328, stream 4
4712  63c   06/30 08:47:03 1087953 CVDumpAndSweep::DumpAndSweepBackupCoordinator::GetTaskForNodeNonSharedStaging(632) - Sending Wait task. Active task [6]
4712  63c   06/30 08:47:03 1087953 DistributedIDA::CMaster::DispatchTasks(1494) - will update task with m_iReferenceId -1
4712  63c   06/30 08:47:12 1087953 DistributedIDA::CMaster::TaskRequest(3338) - Adding task request to rcId 2177326, stream 2
4712  63c   06/30 08:47:12 1087953 CVDumpAndSweep::DumpAndSweepBackupCoordinator::GetTaskForNodeNonSharedStaging(632) - Sending Wait task. Active task [6]
4712  63c   06/30 08:47:12 1087953 DistributedIDA::CMaster::DispatchTasks(1494) - will update task with m_iReferenceId -1
4712  63c   06/30 08:47:13 1087953 DistributedIDA::CMaster::TaskRequest(3338) - Adding task request to rcId 2177328, stream 4
4712  63c   06/30 08:47:13 1087953 CVDumpAndSweep::DumpAndSweepBackupCoordinator::GetTaskForNodeNonSharedStaging(632) - Sending Wait task. Active task [6]
4712  63c   06/30 08:47:13 1087953 DistributedIDA::CMaster::DispatchTasks(1494) - will update task with m_iReferenceId -1
4712  63c   06/30 08:47:18 1087953 CVGit::GitBackupCoordinator::OnTaskComplete(751) - Task Completed for the node=[sanbgw] 
4712  63c   06/30 08:47:18 1087953 DistributedIDA::CMaster::TaskComplete(3402) - task 4 status reported : 5
4712  63c   06/30 08:47:18 1087953 DistributedIDA::CMaster::TaskRequest(3338) - Adding task request to rcId 2177329, stream 5
4712  63c   06/30 08:47:18 1087953 CVDumpAndSweep::DumpAndSweepBackupCoordinator::GetTaskForNodeNonSharedStaging(632) - Sending Wait task. Active task [6]
4712  63c   06/30 08:47:18 1087953 DistributedIDA::CMaster::DispatchTasks(1494) - will update task with m_iReferenceId -1
4712  63c   06/30 08:47:20 1087953 CVGit::GitBackupCoordinator::OnTaskComplete(751) - Task Completed for the node=[sanbgw] 
4712  63c   06/30 08:47:20 1087953 DistributedIDA::CMaster::TaskComplete(3402) - task 5 status reported : 5
4712  63c   06/30 08:47:20 1087953 DistributedIDA::CMaster::TaskRequest(3338) - Adding task request to rcId 2177327, stream 3
4712  63c   06/30 08:47:20 1087953 CVDumpAndSweep::DumpAndSweepBackupCoordinator::GetTaskForNodeNonSharedStaging(640) - Allocating cleanup task [6] for node sanbgw
4712  63c   06/30 08:47:20 1087953 DistributedIDA::CMaster::DispatchTasks(1478) - task refID:6 assigned to rcId 2177327, stream 3 on node sanbgw
4712  63c   06/30 08:47:20 1087953 DistributedIDA::CMaster::DispatchTasks(1494) - will update task with m_iReferenceId 6
4712  63c   06/30 08:47:20 1087953 DistributedIDA::CMaster::DispatchTasks(1502) - task 6 started on stream 3[RcID :2177327]
4712  63c   06/30 08:47:20 1087953 CVGit::GitBackupCoordinator::OnTaskComplete(751) - Task Completed for the node=[sanbgw] 
4712  63c   06/30 08:47:20 1087953 DistributedIDA::CMaster::TaskComplete(3402) - task 6 status reported : 5
4712  63c   06/30 08:47:20 1087953 DistributedIDA::CMaster::TaskRequest(3338) - Adding task request to rcId 2177327, stream 3
4712  63c   06/30 08:47:20 1087953 CVDumpAndSweep::DumpAndSweepBackupCoordinator::GetTaskForNodeNonSharedStaging(689) - Allocating download repo task [2] for node sanbgw
4712  63c   06/30 08:47:20 1087953 DistributedIDA::CMaster::DispatchTasks(1478) - task refID:2 assigned to rcId 2177327, stream 3 on node sanbgw
4712  63c   06/30 08:47:20 1087953 DistributedIDA::CMaster::DispatchTasks(1494) - will update task with m_iReferenceId 2
4712  63c   06/30 08:47:20 1087953 DistributedIDA::CMaster::DispatchTasks(1502) - task 2 started on stream 3[RcID :2177327]
4712  63c   06/30 08:47:23 1087953 DistributedIDA::CMaster::TaskRequest(3338) - Adding task request to rcId 2177326, stream 2
4712  63c   06/30 08:47:23 1087953 CVDumpAndSweep::DumpAndSweepBackupCoordinator::GetTaskForNodeNonSharedStaging(654) - Sending Wait task. Active task [2]
4712  63c   06/30 08:47:23 1087953 DistributedIDA::CMaster::DispatchTasks(1494) - will update task with m_iReferenceId -1
4712  63c   06/30 08:47:23 1087953 DistributedIDA::CMaster::TaskRequest(3338) - Adding task request to rcId 2177328, stream 4
4712  63c   06/30 08:47:23 1087953 CVDumpAndSweep::DumpAndSweepBackupCoordinator::GetTaskForNodeNonSharedStaging(654) - Sending Wait task. Active task [2]
4712  63c   06/30 08:47:23 1087953 DistributedIDA::CMaster::DispatchTasks(1494) - will update task with m_iReferenceId -1
4712  63c   06/30 08:47:28 1087953 CVGit::GitBackupCoordinator::OnTaskComplete(751) - Task Completed for the node=[sanbgw] 
4712  63c   06/30 08:47:28 1087953 CVGit::GitBackupCollectFileNodeInfo::Log(62) - m_strAccountName [rrskumar4], m_strRepoName [TestMetallicRepo]
4712  63c   06/30 08:47:28 1087953 CVGit::GitBackupCoordinator::CreateCollectFileAndCleanUpTask(874) - Added task for ref id 13 and collect file 13 for node sanbgw
4712  63c   06/30 08:47:28 1087953 CVGit::GitBackupCollectFileNodeInfo::Log(62) - m_strAccountName [rrskumar4], m_strRepoName [TestMetallicRepo]
4712  63c   06/30 08:47:28 1087953 CVGit::GitBackupCoordinator::CreateCollectFileAndCleanUpTask(874) - Added task for ref id 14 and collect file 14 for node sanbgw
4712  63c   06/30 08:47:28 1087953 CVGit::GitBackupCollectFileNodeInfo::Log(62) - m_strAccountName [rrskumar4], m_strRepoName [TestMetallicRepo]
4712  63c   06/30 08:47:28 1087953 CVGit::GitBackupCoordinator::CreateCollectFileAndCleanUpTask(874) - Added task for ref id 15 and collect file 15 for node sanbgw
4712  63c   06/30 08:47:28 1087953 CVGit::GitBackupCollectFileNodeInfo::Log(62) - m_strAccountName [rrskumar4], m_strRepoName [TestMetallicRepo]
4712  63c   06/30 08:47:28 1087953 CVGit::GitBackupCoordinator::CreateCollectFileAndCleanUpTask(874) - Added task for ref id 16 and collect file 16 for node sanbgw
4712  63c   06/30 08:47:28 1087953 CVGit::GitBackupCollectFileNodeInfo::Log(62) - m_strAccountName [rrskumar4], m_strRepoName [TestMetallicRepo]
4712  63c   06/30 08:47:28 1087953 CVGit::GitBackupCoordinator::CreateCollectFileAndCleanUpTask(874) - Added task for ref id 17 and collect file 17 for node sanbgw
4712  63c   06/30 08:47:28 1087953 CVGit::GitBackupCollectFileNodeInfo::Log(62) - m_strAccountName [rrskumar4], m_strRepoName [TestMetallicRepo]
4712  63c   06/30 08:47:28 1087953 CVGit::GitBackupCoordinator::CreateCollectFileAndCleanUpTask(874) - Added task for ref id 18 and collect file 18 for node sanbgw
4712  63c   06/30 08:47:28 1087953 CVGit::GitBackupCollectFileNodeInfo::Log(62) - m_strAccountName [rrskumar4], m_strRepoName [TestMetallicRepo]
4712  63c   06/30 08:47:28 1087953 CVGit::GitBackupCoordinator::CreateCollectFileAndCleanUpTask(874) - Added task for ref id 19 and collect file 19 for node sanbgw
4712  63c   06/30 08:47:28 1087953 CVGit::GitBackupCollectFileNodeInfo::Log(62) - m_strAccountName [rrskumar4], m_strRepoName [TestMetallicRepo]
4712  63c   06/30 08:47:28 1087953 CVGit::GitBackupCoordinator::CreateCollectFileAndCleanUpTask(874) - Added task for ref id 20 and collect file 20 for node sanbgw
4712  63c   06/30 08:47:28 1087953 CVGit::GitBackupCleanUpNodeInfo::Log(39) -  m_strRepoPath [C:\Program Files\Metallic\ContentStore\iDataAgent\JobResults\2\23682\Backup_23682\rrskumar4\TestMetallicRepo]
4712  63c   06/30 08:47:28 1087953 CVGit::GitBackupCoordinator::CreateCollectFileAndCleanUpTask(918) - Added cleanup task for ref id 21 for node sanbgw
4712  63c   06/30 08:47:28 1087953 DistributedIDA::CMaster::TaskComplete(3402) - task 2 status reported : 5
4712  63c   06/30 08:47:28 1087953 DistributedIDA::CMaster::TaskRequest(3338) - Adding task request to rcId 2177327, stream 3
4712  63c   06/30 08:47:28 1087953 CVDumpAndSweep::DumpAndSweepBackupCoordinator::GetTaskForNodeNonSharedStaging(620) - got task 13 reserved for node sanbgw
4712  63c   06/30 08:47:28 1087953 DistributedIDA::CMaster::DispatchTasks(1478) - task refID:13 assigned to rcId 2177327, stream 3 on node sanbgw
4712  63c   06/30 08:47:28 1087953 DistributedIDA::CMaster::DispatchTasks(1494) - will update task with m_iReferenceId 13
4712  63c   06/30 08:47:28 1087953 DistributedIDA::CMaster::DispatchTasks(1502) - task 13 started on stream 3[RcID :2177327]
4712  63c   06/30 08:47:28 1087953 DistributedIDA::CMaster::TaskRequest(3338) - Adding task request to rcId 2177329, stream 5
4712  63c   06/30 08:47:28 1087953 CVDumpAndSweep::DumpAndSweepBackupCoordinator::GetTaskForNodeNonSharedStaging(620) - got task 14 reserved for node sanbgw
4712  63c   06/30 08:47:28 1087953 DistributedIDA::CMaster::DispatchTasks(1478) - task refID:14 assigned to rcId 2177329, stream 5 on node sanbgw
4712  63c   06/30 08:47:28 1087953 DistributedIDA::CMaster::DispatchTasks(1494) - will update task with m_iReferenceId 14
4712  63c   06/30 08:47:28 1087953 DistributedIDA::CMaster::DispatchTasks(1502) - task 14 started on stream 5[RcID :2177329]
4712  63c   06/30 08:47:31 1087953 CVGit::GitBackupCoordinator::OnTaskComplete(751) - Task Completed for the node=[sanbgw] 
4712  63c   06/30 08:47:31 1087953 DistributedIDA::CMaster::TaskComplete(3402) - task 14 status reported : 5
4712  63c   06/30 08:47:32 1087953 DistributedIDA::CMaster::TaskRequest(3338) - Adding task request to rcId 2177329, stream 5
4712  63c   06/30 08:47:32 1087953 CVDumpAndSweep::DumpAndSweepBackupCoordinator::GetTaskForNodeNonSharedStaging(620) - got task 15 reserved for node sanbgw
4712  63c   06/30 08:47:32 1087953 DistributedIDA::CMaster::DispatchTasks(1478) - task refID:15 assigned to rcId 2177329, stream 5 on node sanbgw
4712  63c   06/30 08:47:32 1087953 DistributedIDA::CMaster::DispatchTasks(1494) - will update task with m_iReferenceId 15
4712  63c   06/30 08:47:32 1087953 DistributedIDA::CMaster::DispatchTasks(1502) - task 15 started on stream 5[RcID :2177329]
4712  63c   06/30 08:47:32 1087953 CVGit::GitBackupCoordinator::OnTaskComplete(751) - Task Completed for the node=[sanbgw] 
4712  63c   06/30 08:47:32 1087953 DistributedIDA::CMaster::TaskComplete(3402) - task 13 status reported : 5
4712  63c   06/30 08:47:32 1087953 DistributedIDA::CMaster::TaskRequest(3338) - Adding task request to rcId 2177327, stream 3
4712  63c   06/30 08:47:32 1087953 CVDumpAndSweep::DumpAndSweepBackupCoordinator::GetTaskForNodeNonSharedStaging(620) - got task 16 reserved for node sanbgw
4712  63c   06/30 08:47:32 1087953 DistributedIDA::CMaster::DispatchTasks(1478) - task refID:16 assigned to rcId 2177327, stream 3 on node sanbgw
4712  63c   06/30 08:47:32 1087953 DistributedIDA::CMaster::DispatchTasks(1494) - will update task with m_iReferenceId 16
4712  63c   06/30 08:47:32 1087953 DistributedIDA::CMaster::DispatchTasks(1502) - task 16 started on stream 3[RcID :2177327]
4712  63c   06/30 08:47:32 1087953 CVGit::GitBackupCoordinator::OnTaskComplete(751) - Task Completed for the node=[sanbgw] 
4712  63c   06/30 08:47:32 1087953 DistributedIDA::CMaster::TaskComplete(3402) - task 15 status reported : 5
4712  63c   06/30 08:47:32 1087953 DistributedIDA::CMaster::TaskRequest(3338) - Adding task request to rcId 2177329, stream 5
4712  63c   06/30 08:47:32 1087953 CVDumpAndSweep::DumpAndSweepBackupCoordinator::GetTaskForNodeNonSharedStaging(620) - got task 17 reserved for node sanbgw
4712  63c   06/30 08:47:32 1087953 DistributedIDA::CMaster::DispatchTasks(1478) - task refID:17 assigned to rcId 2177329, stream 5 on node sanbgw
4712  63c   06/30 08:47:32 1087953 DistributedIDA::CMaster::DispatchTasks(1494) - will update task with m_iReferenceId 17
4712  63c   06/30 08:47:32 1087953 DistributedIDA::CMaster::DispatchTasks(1502) - task 17 started on stream 5[RcID :2177329]
4712  63c   06/30 08:47:33 1087953 DistributedIDA::CMaster::TaskRequest(3338) - Adding task request to rcId 2177328, stream 4
4712  63c   06/30 08:47:33 1087953 CVDumpAndSweep::DumpAndSweepBackupCoordinator::GetTaskForNodeNonSharedStaging(620) - got task 18 reserved for node sanbgw
4712  63c   06/30 08:47:33 1087953 DistributedIDA::CMaster::DispatchTasks(1478) - task refID:18 assigned to rcId 2177328, stream 4 on node sanbgw
4712  63c   06/30 08:47:33 1087953 DistributedIDA::CMaster::DispatchTasks(1494) - will update task with m_iReferenceId 18
4712  63c   06/30 08:47:33 1087953 DistributedIDA::CMaster::DispatchTasks(1502) - task 18 started on stream 4[RcID :2177328]
4712  63c   06/30 08:47:33 1087953 DistributedIDA::CMaster::TaskRequest(3338) - Adding task request to rcId 2177326, stream 2
4712  63c   06/30 08:47:33 1087953 CVDumpAndSweep::DumpAndSweepBackupCoordinator::GetTaskForNodeNonSharedStaging(620) - got task 19 reserved for node sanbgw
4712  63c   06/30 08:47:33 1087953 DistributedIDA::CMaster::DispatchTasks(1478) - task refID:19 assigned to rcId 2177326, stream 2 on node sanbgw
4712  63c   06/30 08:47:33 1087953 DistributedIDA::CMaster::DispatchTasks(1494) - will update task with m_iReferenceId 19
4712  63c   06/30 08:47:33 1087953 DistributedIDA::CMaster::DispatchTasks(1502) - task 19 started on stream 2[RcID :2177326]
4712  63c   06/30 08:47:33 1087953 CVGit::GitBackupCoordinator::OnTaskComplete(751) - Task Completed for the node=[sanbgw] 
4712  63c   06/30 08:47:33 1087953 DistributedIDA::CMaster::TaskComplete(3402) - task 16 status reported : 5
4712  63c   06/30 08:47:33 1087953 DistributedIDA::CMaster::TaskRequest(3338) - Adding task request to rcId 2177327, stream 3
4712  63c   06/30 08:47:33 1087953 CVDumpAndSweep::DumpAndSweepBackupCoordinator::GetTaskForNodeNonSharedStaging(620) - got task 20 reserved for node sanbgw
4712  63c   06/30 08:47:33 1087953 DistributedIDA::CMaster::DispatchTasks(1478) - task refID:20 assigned to rcId 2177327, stream 3 on node sanbgw
4712  63c   06/30 08:47:33 1087953 DistributedIDA::CMaster::DispatchTasks(1494) - will update task with m_iReferenceId 20
4712  63c   06/30 08:47:33 1087953 DistributedIDA::CMaster::DispatchTasks(1502) - task 20 started on stream 3[RcID :2177327]
4712  63c   06/30 08:47:33 1087953 CVGit::GitBackupCoordinator::OnTaskComplete(751) - Task Completed for the node=[sanbgw] 
4712  63c   06/30 08:47:33 1087953 DistributedIDA::CMaster::TaskComplete(3402) - task 17 status reported : 5
4712  63c   06/30 08:47:33 1087953 DistributedIDA::CMaster::TaskRequest(3338) - Adding task request to rcId 2177329, stream 5
4712  63c   06/30 08:47:33 1087953 CVDumpAndSweep::DumpAndSweepBackupCoordinator::GetTaskForNodeNonSharedStaging(632) - Sending Wait task. Active task [21]
4712  63c   06/30 08:47:33 1087953 DistributedIDA::CMaster::DispatchTasks(1494) - will update task with m_iReferenceId -1
4712  63c   06/30 08:47:34 1087953 CVGit::GitBackupCoordinator::OnTaskComplete(751) - Task Completed for the node=[sanbgw] 
4712  63c   06/30 08:47:34 1087953 DistributedIDA::CMaster::TaskComplete(3402) - task 20 status reported : 5
4712  63c   06/30 08:47:34 1087953 DistributedIDA::CMaster::TaskRequest(3338) - Adding task request to rcId 2177327, stream 3
4712  63c   06/30 08:47:34 1087953 CVDumpAndSweep::DumpAndSweepBackupCoordinator::GetTaskForNodeNonSharedStaging(632) - Sending Wait task. Active task [21]
4712  63c   06/30 08:47:34 1087953 DistributedIDA::CMaster::DispatchTasks(1494) - will update task with m_iReferenceId -1
4712  63c   06/30 08:47:34 1087953 CVGit::GitBackupCoordinator::OnTaskComplete(751) - Task Completed for the node=[sanbgw] 
4712  63c   06/30 08:47:34 1087953 DistributedIDA::CMaster::TaskComplete(3402) - task 18 status reported : 5
4712  63c   06/30 08:47:34 1087953 CVGit::GitBackupCoordinator::OnTaskComplete(751) - Task Completed for the node=[sanbgw] 
4712  63c   06/30 08:47:34 1087953 DistributedIDA::CMaster::TaskComplete(3402) - task 19 status reported : 5
4712  63c   06/30 08:47:34 1087953 DistributedIDA::CMaster::TaskRequest(3338) - Adding task request to rcId 2177328, stream 4
4712  63c   06/30 08:47:34 1087953 CVDumpAndSweep::DumpAndSweepBackupCoordinator::GetTaskForNodeNonSharedStaging(640) - Allocating cleanup task [21] for node sanbgw
4712  63c   06/30 08:47:34 1087953 DistributedIDA::CMaster::DispatchTasks(1478) - task refID:21 assigned to rcId 2177328, stream 4 on node sanbgw
4712  63c   06/30 08:47:34 1087953 DistributedIDA::CMaster::DispatchTasks(1494) - will update task with m_iReferenceId 21
4712  63c   06/30 08:47:34 1087953 DistributedIDA::CMaster::DispatchTasks(1502) - task 21 started on stream 4[RcID :2177328]
4712  63c   06/30 08:47:34 1087953 DistributedIDA::CMaster::TaskRequest(3338) - Adding task request to rcId 2177326, stream 2
4712  63c   06/30 08:47:34 1087953 CVDumpAndSweep::DumpAndSweepBackupCoordinator::GetTaskForNodeNonSharedStaging(670) - no more task found
4712  63c   06/30 08:47:34 1087953 CVGit::GitBackupCoordinator::OnTaskComplete(751) - Task Completed for the node=[sanbgw] 
4712  63c   06/30 08:47:34 1087953 DistributedIDA::CMaster::TaskComplete(3402) - task 21 status reported : 5
4712  63c   06/30 08:47:34 1087953 DistributedIDA::CMaster::TaskRequest(3338) - Adding task request to rcId 2177328, stream 4
4712  63c   06/30 08:47:34 1087953 CVDumpAndSweep::DumpAndSweepBackupCoordinator::GetTaskForNodeNonSharedStaging(689) - Allocating download repo task [3] for node sanbgw
4712  63c   06/30 08:47:34 1087953 DistributedIDA::CMaster::DispatchTasks(1478) - task refID:3 assigned to rcId 2177328, stream 4 on node sanbgw
4712  63c   06/30 08:47:34 1087953 DistributedIDA::CMaster::DispatchTasks(1494) - will update task with m_iReferenceId 3
4712  63c   06/30 08:47:34 1087953 DistributedIDA::CMaster::DispatchTasks(1502) - task 3 started on stream 4[RcID :2177328]
4712  63c   06/30 08:47:41 1087953 CVGit::GitBackupCoordinator::OnTaskComplete(751) - Task Completed for the node=[sanbgw] 
4712  63c   06/30 08:47:41 1087953 CVGit::GitBackupCollectFileNodeInfo::Log(62) - m_strAccountName [rrskumar4], m_strRepoName [san2]
4712  63c   06/30 08:47:41 1087953 CVGit::GitBackupCoordinator::CreateCollectFileAndCleanUpTask(874) - Added task for ref id 22 and collect file 22 for node sanbgw
4712  63c   06/30 08:47:41 1087953 CVGit::GitBackupCollectFileNodeInfo::Log(62) - m_strAccountName [rrskumar4], m_strRepoName [san2]
4712  63c   06/30 08:47:41 1087953 CVGit::GitBackupCoordinator::CreateCollectFileAndCleanUpTask(874) - Added task for ref id 23 and collect file 23 for node sanbgw
4712  63c   06/30 08:47:41 1087953 CVGit::GitBackupCollectFileNodeInfo::Log(62) - m_strAccountName [rrskumar4], m_strRepoName [san2]
4712  63c   06/30 08:47:41 1087953 CVGit::GitBackupCoordinator::CreateCollectFileAndCleanUpTask(874) - Added task for ref id 24 and collect file 24 for node sanbgw
4712  63c   06/30 08:47:41 1087953 CVGit::GitBackupCollectFileNodeInfo::Log(62) - m_strAccountName [rrskumar4], m_strRepoName [san2]
4712  63c   06/30 08:47:41 1087953 CVGit::GitBackupCoordinator::CreateCollectFileAndCleanUpTask(874) - Added task for ref id 25 and collect file 25 for node sanbgw
4712  63c   06/30 08:47:41 1087953 CVGit::GitBackupCollectFileNodeInfo::Log(62) - m_strAccountName [rrskumar4], m_strRepoName [san2]
4712  63c   06/30 08:47:41 1087953 CVGit::GitBackupCoordinator::CreateCollectFileAndCleanUpTask(874) - Added task for ref id 26 and collect file 26 for node sanbgw
4712  63c   06/30 08:47:41 1087953 CVGit::GitBackupCollectFileNodeInfo::Log(62) - m_strAccountName [rrskumar4], m_strRepoName [san2]
4712  63c   06/30 08:47:41 1087953 CVGit::GitBackupCoordinator::CreateCollectFileAndCleanUpTask(874) - Added task for ref id 27 and collect file 27 for node sanbgw
4712  63c   06/30 08:47:41 1087953 CVGit::GitBackupCollectFileNodeInfo::Log(62) - m_strAccountName [rrskumar4], m_strRepoName [san2]
4712  63c   06/30 08:47:41 1087953 CVGit::GitBackupCoordinator::CreateCollectFileAndCleanUpTask(874) - Added task for ref id 28 and collect file 28 for node sanbgw
4712  63c   06/30 08:47:41 1087953 CVGit::GitBackupCollectFileNodeInfo::Log(62) - m_strAccountName [rrskumar4], m_strRepoName [san2]
4712  63c   06/30 08:47:41 1087953 CVGit::GitBackupCoordinator::CreateCollectFileAndCleanUpTask(874) - Added task for ref id 29 and collect file 29 for node sanbgw
4712  63c   06/30 08:47:41 1087953 CVGit::GitBackupCleanUpNodeInfo::Log(39) -  m_strRepoPath [C:\Program Files\Metallic\ContentStore\iDataAgent\JobResults\2\23682\Backup_23682\rrskumar4\san2]
4712  63c   06/30 08:47:42 1087953 CVGit::GitBackupCoordinator::CreateCollectFileAndCleanUpTask(918) - Added cleanup task for ref id 30 for node sanbgw
4712  63c   06/30 08:47:42 1087953 DistributedIDA::CMaster::TaskComplete(3402) - task 3 status reported : 5
4712  63c   06/30 08:47:42 1087953 DistributedIDA::CMaster::TaskRequest(3338) - Adding task request to rcId 2177328, stream 4
4712  63c   06/30 08:47:42 1087953 CVDumpAndSweep::DumpAndSweepBackupCoordinator::GetTaskForNodeNonSharedStaging(620) - got task 22 reserved for node sanbgw
4712  63c   06/30 08:47:42 1087953 DistributedIDA::CMaster::DispatchTasks(1478) - task refID:22 assigned to rcId 2177328, stream 4 on node sanbgw
4712  63c   06/30 08:47:42 1087953 DistributedIDA::CMaster::DispatchTasks(1494) - will update task with m_iReferenceId 22
4712  63c   06/30 08:47:42 1087953 DistributedIDA::CMaster::DispatchTasks(1502) - task 22 started on stream 4[RcID :2177328]
4712  63c   06/30 08:47:43 1087953 DistributedIDA::CMaster::TaskRequest(3338) - Adding task request to rcId 2177329, stream 5
4712  63c   06/30 08:47:43 1087953 CVDumpAndSweep::DumpAndSweepBackupCoordinator::GetTaskForNodeNonSharedStaging(620) - got task 23 reserved for node sanbgw
4712  63c   06/30 08:47:43 1087953 DistributedIDA::CMaster::DispatchTasks(1478) - task refID:23 assigned to rcId 2177329, stream 5 on node sanbgw
4712  63c   06/30 08:47:43 1087953 DistributedIDA::CMaster::DispatchTasks(1494) - will update task with m_iReferenceId 23
4712  63c   06/30 08:47:43 1087953 DistributedIDA::CMaster::DispatchTasks(1502) - task 23 started on stream 5[RcID :2177329]
4712  63c   06/30 08:47:44 1087953 CVGit::GitBackupCoordinator::OnTaskComplete(751) - Task Completed for the node=[sanbgw] 
4712  63c   06/30 08:47:44 1087953 DistributedIDA::CMaster::TaskComplete(3402) - task 22 status reported : 5
4712  63c   06/30 08:47:44 1087953 DistributedIDA::CMaster::TaskRequest(3338) - Adding task request to rcId 2177328, stream 4
4712  63c   06/30 08:47:44 1087953 CVDumpAndSweep::DumpAndSweepBackupCoordinator::GetTaskForNodeNonSharedStaging(620) - got task 24 reserved for node sanbgw
4712  63c   06/30 08:47:44 1087953 DistributedIDA::CMaster::DispatchTasks(1478) - task refID:24 assigned to rcId 2177328, stream 4 on node sanbgw
4712  63c   06/30 08:47:44 1087953 DistributedIDA::CMaster::DispatchTasks(1494) - will update task with m_iReferenceId 24
4712  63c   06/30 08:47:44 1087953 DistributedIDA::CMaster::DispatchTasks(1502) - task 24 started on stream 4[RcID :2177328]
4712  63c   06/30 08:47:44 1087953 DistributedIDA::CMaster::TaskRequest(3338) - Adding task request to rcId 2177327, stream 3
4712  63c   06/30 08:47:44 1087953 CVDumpAndSweep::DumpAndSweepBackupCoordinator::GetTaskForNodeNonSharedStaging(620) - got task 25 reserved for node sanbgw
4712  63c   06/30 08:47:44 1087953 DistributedIDA::CMaster::DispatchTasks(1478) - task refID:25 assigned to rcId 2177327, stream 3 on node sanbgw
4712  63c   06/30 08:47:44 1087953 DistributedIDA::CMaster::DispatchTasks(1494) - will update task with m_iReferenceId 25
4712  63c   06/30 08:47:44 1087953 DistributedIDA::CMaster::DispatchTasks(1502) - task 25 started on stream 3[RcID :2177327]
4712  63c   06/30 08:47:44 1087953 CVGit::GitBackupCoordinator::OnTaskComplete(751) - Task Completed for the node=[sanbgw] 
4712  63c   06/30 08:47:44 1087953 DistributedIDA::CMaster::TaskComplete(3402) - task 24 status reported : 5
4712  63c   06/30 08:47:44 1087953 DistributedIDA::CMaster::TaskRequest(3338) - Adding task request to rcId 2177328, stream 4
4712  63c   06/30 08:47:44 1087953 CVDumpAndSweep::DumpAndSweepBackupCoordinator::GetTaskForNodeNonSharedStaging(620) - got task 26 reserved for node sanbgw
4712  63c   06/30 08:47:44 1087953 DistributedIDA::CMaster::DispatchTasks(1478) - task refID:26 assigned to rcId 2177328, stream 4 on node sanbgw
4712  63c   06/30 08:47:44 1087953 DistributedIDA::CMaster::DispatchTasks(1494) - will update task with m_iReferenceId 26
4712  63c   06/30 08:47:45 1087953 DistributedIDA::CMaster::DispatchTasks(1502) - task 26 started on stream 4[RcID :2177328]
4712  63c   06/30 08:47:45 1087953 CVGit::GitBackupCoordinator::OnTaskComplete(751) - Task Completed for the node=[sanbgw] 
4712  63c   06/30 08:47:45 1087953 DistributedIDA::CMaster::TaskComplete(3402) - task 26 status reported : 5
4712  63c   06/30 08:47:45 1087953 CVGit::GitBackupCoordinator::OnTaskComplete(751) - Task Completed for the node=[sanbgw] 
4712  63c   06/30 08:47:45 1087953 DistributedIDA::CMaster::TaskComplete(3402) - task 23 status reported : 5
4712  63c   06/30 08:47:45 1087953 DistributedIDA::CMaster::TaskRequest(3338) - Adding task request to rcId 2177328, stream 4
4712  63c   06/30 08:47:45 1087953 CVDumpAndSweep::DumpAndSweepBackupCoordinator::GetTaskForNodeNonSharedStaging(620) - got task 27 reserved for node sanbgw
4712  63c   06/30 08:47:45 1087953 DistributedIDA::CMaster::DispatchTasks(1478) - task refID:27 assigned to rcId 2177328, stream 4 on node sanbgw
4712  63c   06/30 08:47:45 1087953 DistributedIDA::CMaster::DispatchTasks(1494) - will update task with m_iReferenceId 27
4712  63c   06/30 08:47:45 1087953 DistributedIDA::CMaster::DispatchTasks(1502) - task 27 started on stream 4[RcID :2177328]
4712  63c   06/30 08:47:45 1087953 DistributedIDA::CMaster::TaskRequest(3338) - Adding task request to rcId 2177329, stream 5
4712  63c   06/30 08:47:45 1087953 CVDumpAndSweep::DumpAndSweepBackupCoordinator::GetTaskForNodeNonSharedStaging(620) - got task 28 reserved for node sanbgw
4712  63c   06/30 08:47:45 1087953 DistributedIDA::CMaster::DispatchTasks(1478) - task refID:28 assigned to rcId 2177329, stream 5 on node sanbgw
4712  63c   06/30 08:47:45 1087953 DistributedIDA::CMaster::DispatchTasks(1494) - will update task with m_iReferenceId 28
4712  63c   06/30 08:47:45 1087953 DistributedIDA::CMaster::DispatchTasks(1502) - task 28 started on stream 5[RcID :2177329]
4712  63c   06/30 08:47:46 1087953 CVGit::GitBackupCoordinator::OnTaskComplete(751) - Task Completed for the node=[sanbgw] 
4712  63c   06/30 08:47:46 1087953 DistributedIDA::CMaster::TaskComplete(3402) - task 27 status reported : 5
4712  63c   06/30 08:47:46 1087953 DistributedIDA::CMaster::TaskRequest(3338) - Adding task request to rcId 2177328, stream 4
4712  63c   06/30 08:47:46 1087953 CVDumpAndSweep::DumpAndSweepBackupCoordinator::GetTaskForNodeNonSharedStaging(620) - got task 29 reserved for node sanbgw
4712  63c   06/30 08:47:46 1087953 DistributedIDA::CMaster::DispatchTasks(1478) - task refID:29 assigned to rcId 2177328, stream 4 on node sanbgw
4712  63c   06/30 08:47:46 1087953 DistributedIDA::CMaster::DispatchTasks(1494) - will update task with m_iReferenceId 29
4712  63c   06/30 08:47:46 1087953 DistributedIDA::CMaster::DispatchTasks(1502) - task 29 started on stream 4[RcID :2177328]
4712  63c   06/30 08:47:46 1087953 CVGit::GitBackupCoordinator::OnTaskComplete(751) - Task Completed for the node=[sanbgw] 
4712  63c   06/30 08:47:46 1087953 DistributedIDA::CMaster::TaskComplete(3402) - task 28 status reported : 5
4712  63c   06/30 08:47:46 1087953 DistributedIDA::CMaster::TaskRequest(3338) - Adding task request to rcId 2177329, stream 5
4712  63c   06/30 08:47:46 1087953 CVDumpAndSweep::DumpAndSweepBackupCoordinator::GetTaskForNodeNonSharedStaging(632) - Sending Wait task. Active task [30]
4712  63c   06/30 08:47:46 1087953 DistributedIDA::CMaster::DispatchTasks(1494) - will update task with m_iReferenceId -1
4712  63c   06/30 08:47:46 1087953 CVGit::GitBackupCoordinator::OnTaskComplete(751) - Task Completed for the node=[sanbgw] 
4712  63c   06/30 08:47:46 1087953 DistributedIDA::CMaster::TaskComplete(3402) - task 29 status reported : 5
4712  63c   06/30 08:47:46 1087953 DistributedIDA::CMaster::TaskRequest(3338) - Adding task request to rcId 2177328, stream 4
4712  63c   06/30 08:47:46 1087953 CVDumpAndSweep::DumpAndSweepBackupCoordinator::GetTaskForNodeNonSharedStaging(632) - Sending Wait task. Active task [30]
4712  63c   06/30 08:47:46 1087953 DistributedIDA::CMaster::DispatchTasks(1494) - will update task with m_iReferenceId -1
4712  63c   06/30 08:47:46 1087953 CVGit::GitBackupCoordinator::OnTaskComplete(751) - Task Completed for the node=[sanbgw] 
4712  63c   06/30 08:47:46 1087953 DistributedIDA::CMaster::TaskComplete(3402) - task 25 status reported : 5
4712  63c   06/30 08:47:46 1087953 DistributedIDA::CMaster::TaskRequest(3338) - Adding task request to rcId 2177327, stream 3
4712  63c   06/30 08:47:46 1087953 CVDumpAndSweep::DumpAndSweepBackupCoordinator::GetTaskForNodeNonSharedStaging(640) - Allocating cleanup task [30] for node sanbgw
4712  63c   06/30 08:47:46 1087953 DistributedIDA::CMaster::DispatchTasks(1478) - task refID:30 assigned to rcId 2177327, stream 3 on node sanbgw
4712  63c   06/30 08:47:46 1087953 DistributedIDA::CMaster::DispatchTasks(1494) - will update task with m_iReferenceId 30
4712  63c   06/30 08:47:47 1087953 DistributedIDA::CMaster::DispatchTasks(1502) - task 30 started on stream 3[RcID :2177327]
4712  63c   06/30 08:47:47 1087953 CVGit::GitBackupCoordinator::OnTaskComplete(751) - Task Completed for the node=[sanbgw] 
4712  63c   06/30 08:47:47 1087953 DistributedIDA::CMaster::TaskComplete(3402) - task 30 status reported : 5
4712  63c   06/30 08:47:47 1087953 CVDumpAndSweep::DumpAndSweepBackupCoordinator::OnIdle(915) - node sanbgw has 4 running streams. 
4712  63c   06/30 08:47:47 1087953 DistributedIDA::CMaster::TaskRequest(3338) - Adding task request to rcId 2177327, stream 3
4712  63c   06/30 08:47:47 1087953 CVDumpAndSweep::DumpAndSweepBackupCoordinator::GetTaskForNodeNonSharedStaging(703) - no more task found
4712  63c   06/30 08:47:47 1087953 CVDumpAndSweep::DumpAndSweepBackupCoordinator::OnIdle(915) - node sanbgw has 4 running streams. 
4712  63c   06/30 08:47:49 1087953 CVDumpAndSweep::DumpAndSweepBackupCoordinator::OnIdle(915) - node sanbgw has 4 running streams. 
4712  63c   06/30 08:47:51 1087953 CVDumpAndSweep::DumpAndSweepBackupCoordinator::OnIdle(915) - node sanbgw has 4 running streams. 
4712  63c   06/30 08:47:51 1087953 DistributedIDA::CMaster::StreamComplete(2984) - msg.RCID:2177327 stream.RCID:2177326 status:RELEASED
4712  63c   06/30 08:47:51 1087953 DistributedIDA::CMaster::StreamComplete(2984) - msg.RCID:2177327 stream.RCID:2177327 status:RELEASED
4712  63c   06/30 08:47:51 1087953 DistributedIDA::ICoordinator::updateNodeWithStream(481) - will update node sanbgw counters accourding to new state 0
4712  63c   06/30 08:47:51 1087953 DistributedIDA::ICoordinator::updateNodeWithStream(486) - Node 'sanbgw' returning a stream, current count [4] of type 1
4712  63c   06/30 08:47:51 1087953 CVDumpAndSweep::DumpAndSweepBackupCoordinator::OnIdle(915) - node sanbgw has 3 running streams. 
4712  63c   06/30 08:47:53 1087953 CVDumpAndSweep::DumpAndSweepBackupCoordinator::OnIdle(915) - node sanbgw has 3 running streams. 
4712  63c   06/30 08:47:55 1087953 CVDumpAndSweep::DumpAndSweepBackupCoordinator::OnIdle(915) - node sanbgw has 3 running streams. 
4712  63c   06/30 08:47:56 1087953 DistributedIDA::CMaster::TaskRequest(3338) - Adding task request to rcId 2177329, stream 5
4712  63c   06/30 08:47:56 1087953 CVDumpAndSweep::DumpAndSweepBackupCoordinator::GetTaskForNodeNonSharedStaging(703) - no more task found
4712  63c   06/30 08:47:56 1087953 CVDumpAndSweep::DumpAndSweepBackupCoordinator::OnIdle(915) - node sanbgw has 3 running streams. 
4712  63c   06/30 08:47:56 1087953 DistributedIDA::CMaster::TaskRequest(3338) - Adding task request to rcId 2177328, stream 4
4712  63c   06/30 08:47:56 1087953 CVDumpAndSweep::DumpAndSweepBackupCoordinator::GetTaskForNodeNonSharedStaging(703) - no more task found
4712  63c   06/30 08:47:56 1087953 CVDumpAndSweep::DumpAndSweepBackupCoordinator::OnIdle(915) - node sanbgw has 3 running streams. 
4712  63c   06/30 08:47:58 1087953 DistributedIDA::CMaster::StreamComplete(2984) - msg.RCID:2177326 stream.RCID:2177326 status:RELEASED
4712  63c   06/30 08:47:58 1087953 DistributedIDA::ICoordinator::updateNodeWithStream(481) - will update node sanbgw counters accourding to new state 0
4712  63c   06/30 08:47:58 1087953 DistributedIDA::ICoordinator::updateNodeWithStream(486) - Node 'sanbgw' returning a stream, current count [3] of type 1
4712  63c   06/30 08:47:58 1087953 CVDumpAndSweep::DumpAndSweepBackupCoordinator::OnIdle(915) - node sanbgw has 2 running streams. 
4712  63c   06/30 08:48:00 1087953 CVDumpAndSweep::DumpAndSweepBackupCoordinator::OnIdle(915) - node sanbgw has 2 running streams. 
4712  63c   06/30 08:48:02 1087953 CVDumpAndSweep::DumpAndSweepBackupCoordinator::OnIdle(915) - node sanbgw has 2 running streams. 
4712  63c   06/30 08:48:04 1087953 CVDumpAndSweep::DumpAndSweepBackupCoordinator::OnIdle(915) - node sanbgw has 2 running streams. 
4712  63c   06/30 08:48:06 1087953 CVDumpAndSweep::DumpAndSweepBackupCoordinator::OnIdle(915) - node sanbgw has 2 running streams. 
4712  63c   06/30 08:48:08 1087953 CVDumpAndSweep::DumpAndSweepBackupCoordinator::OnIdle(915) - node sanbgw has 2 running streams. 
4712  63c   06/30 08:48:08 1087953 DistributedIDA::CMaster::StreamComplete(2984) - msg.RCID:2177329 stream.RCID:2177326 status:RELEASED
4712  63c   06/30 08:48:08 1087953 DistributedIDA::CMaster::StreamComplete(2984) - msg.RCID:2177329 stream.RCID:2177327 status:RELEASED
4712  63c   06/30 08:48:08 1087953 DistributedIDA::CMaster::StreamComplete(2984) - msg.RCID:2177329 stream.RCID:2177328 status:RELEASED
4712  63c   06/30 08:48:08 1087953 DistributedIDA::CMaster::StreamComplete(2984) - msg.RCID:2177329 stream.RCID:2177329 status:RELEASED
4712  63c   06/30 08:48:08 1087953 DistributedIDA::ICoordinator::updateNodeWithStream(481) - will update node sanbgw counters accourding to new state 0
4712  63c   06/30 08:48:08 1087953 DistributedIDA::ICoordinator::updateNodeWithStream(486) - Node 'sanbgw' returning a stream, current count [2] of type 1
4712  63c   06/30 08:48:08 1087953 CVDumpAndSweep::DumpAndSweepBackupCoordinator::OnIdle(915) - node sanbgw has 1 running streams. 
4712  63c   06/30 08:48:08 1087953 DistributedIDA::CMaster::StreamComplete(2984) - msg.RCID:2177328 stream.RCID:2177326 status:RELEASED
4712  63c   06/30 08:48:09 1087953 DistributedIDA::CMaster::StreamComplete(2984) - msg.RCID:2177328 stream.RCID:2177327 status:RELEASED
4712  63c   06/30 08:48:09 1087953 DistributedIDA::CMaster::StreamComplete(2984) - msg.RCID:2177328 stream.RCID:2177328 status:RELEASED
4712  63c   06/30 08:48:09 1087953 DistributedIDA::ICoordinator::updateNodeWithStream(481) - will update node sanbgw counters accourding to new state 0
4712  63c   06/30 08:48:09 1087953 DistributedIDA::ICoordinator::updateNodeWithStream(486) - Node 'sanbgw' returning a stream, current count [1] of type 1
4712  63c   06/30 08:48:09 1087953 CVDumpAndSweep::DumpAndSweepBackupCoordinator::OnStreamChange(548) - sending NodeStop to sanbgw
4712  63c   06/30 08:48:10 1087953 DistributedIDA::CMaster::ControllerDone(2872) - Node sanbgw reported complete status:0
4712  63c   06/30 08:48:11 1087953 DistributedIDA::ICoordinator::processMessage(349) - Unprocessed message CNSession_Disconnect
4712  63c   06/30 08:48:11 1087953 DistributedIDA::CMaster::OnAgentStopped(2034) - Got AgentStopped for sanbgw
4712  63c   06/30 08:48:11 1087953 DistributedIDA::CMaster::OnAgentStopped(2262) - no active nodes left. Will release streams.
4712  63c   06/30 08:48:11 1087953 DistributedIDA::CMaster::releaseStreamReservation(3657) - release stream 2177326
4712  63c   06/30 08:48:11 1087953 JM Client  Freeing rcid [2177326]
4712  63c   06/30 08:48:11 1087953 DistributedIDA::ICoordinator::updateNodeWithStream(481) - will update node sanbgw counters accourding to new state 6
4712  63c   06/30 08:48:11 1087953 DistributedIDA::CMaster::releaseStreamReservation(3657) - release stream 2177327
4712  63c   06/30 08:48:11 1087953 JM Client  Freeing rcid [2177327]
4712  63c   06/30 08:48:11 1087953 DistributedIDA::ICoordinator::updateNodeWithStream(481) - will update node sanbgw counters accourding to new state 6
4712  63c   06/30 08:48:11 1087953 DistributedIDA::CMaster::releaseStreamReservation(3657) - release stream 2177328
4712  63c   06/30 08:48:11 1087953 JM Client  Freeing rcid [2177328]
4712  63c   06/30 08:48:11 1087953 DistributedIDA::ICoordinator::updateNodeWithStream(481) - will update node sanbgw counters accourding to new state 6
4712  63c   06/30 08:48:11 1087953 CVRemoteAgentServer::MonitorAgents() - There are no running agents
4712  1ca4  06/30 08:48:11 1087953 DistributedIDA::CCoordinatorReportsPrivate::printReport(388) - 
REPORT:--- Progress Report ----------------------------------------------------------------------------------------
REPORT:                            |Status  |Rst| Objects | Success | Failed  | Skipped | Data GB |  GB/h
REPORT:  Node:sanbgw               |Complete|  0|         |         |         |         |         |         
REPORT:Stream:5 RcID:2177329       |Complete|  0|         |         |         |         |         |         
REPORT: Stream:2177329|Running:0 Failed:0 Complete:7
REPORT:Stream:3 RcID:2177327       |Complete|  0|         |         |         |         |         |         
REPORT: Stream:2177327|Running:0 Failed:0 Complete:8
REPORT:Stream:4 RcID:2177328       |Complete|  0|         |         |         |         |         |         
REPORT: Stream:2177328|Running:0 Failed:0 Complete:8
REPORT:Stream:2 RcID:2177326       |Complete|  0|         |         |         |         |         |         
REPORT: Stream:2177326|Running:0 Failed:0 Complete:1
REPORT:-----------------------------------------------------------------------------------------------------------
REPORT:                            |TOTAL   |  0|         |         |         |         |         |         
4712  1ca4  06/30 08:48:11 1087953 DistributedIDA::CCoordinatorReports::Run(208) - report thread finished
4712  1e98  06/30 08:48:11 1087953 DistributedIDA::CMaster::streamRefresh(3614) - done
4712  63c   06/30 08:48:11 1087953 DistributedIDA::CMaster::endPhaseTasks(3848) - Make sure all streams are released now.
4712  63c   06/30 08:48:11 1087953 DistributedIDA::CMaster::endPhaseTasks(3870) - m_jsStatus:1 m_jsStatusFor:1 m_jsPendingCause:4
4712  63c   06/30 08:48:11 1087953 BKP CALLED COMPLETE (PHASE Status::SUCCESS), 1087953. Token [1087953:4:1:0:0:32808]
4712  2e4   06/30 08:48:12 1087953 CVJobCtrlLog::unregisterProcess(): successfully removed file [C:\Program Files\Metallic\ContentStore\Base\JobControl\4.712]
4712  63c   06/30 08:48:12 1087953 CVGit::GitBackupCoordinator::~GitBackupCoordinator(87) - Get Project List: 0:00.000000, 0 samples, 0:00.000000 average, 0/second
4712  63c   06/30 08:48:12 1087953 CVGit::GitBackupCoordinator::~GitBackupCoordinator(88) - Get Repository List: 0:00.282190, 1 samples, 0:00.282190 average, 3/second
4712  63c   06/30 08:48:12 1087953 CVGit::GitBackupCoordinator::~GitBackupCoordinator(89) - Get Project Info: 0:00.611778, 3 samples, 0:00.203926 average, 4/second
4712  63c   06/30 08:48:12 1087953 main(160) - ---------------------
4712  63c   06/30 08:48:12 1087953 main(161) - ENDING DistributedIDA
4712  63c   06/30 08:48:12 1087953 main(162) - =====================
