*******************************************************************
  Machine        	: SANBGW
  Module         	: Install.log
  Commserver     	: @@COMMSERVE@@
  Product Version	: 11.2801.0
  OS Version     	: Microsoft Windows NT 6.3.9600.0
  Date           	: 6/30/2022
*******************************************************************
1692  4     06/30 06:36:47 ###  ManagedLogger::SetCLRThreadPoolMaxThreads - CLR ThreadPool's max threads is already set by another thread in the process. maxWorkerThreads = [1000], maxIOThreads = [1000], PID = [1692], ProcessName = [Setup].
1692  4     06/30 06:36:47 ### ### ### - The setup is running in non-bootstrap mode
1692  4     06/30 06:36:49 ### ### ### - ##########################################################################
1692  4     06/30 06:36:49 ### ### ### - ##                         Installation STARTED                         ##
1692  4     06/30 06:36:49 ### ### ### - ##########################################################################
1692  4     06/30 06:36:49 ### ### ### - Media Version:[11.2801.0], Feature Release:[2801], TransactionId:[4268002]
1692  4     06/30 06:36:50 ### ### ### - CommandLine: "C:\Program Files\Metallic\installer\Setup.exe"  -burn.unelevated BurnPipe.{3454F144-5840-48E6-9D4A-55B1261159AB} {C2D599F9-2D46-4969-8682-5D8E243BFA4E} 4044
1692  4     06/30 06:36:51 ### ### ### - User input file location: [C:\Program Files\Metallic\installer\install.xml]
1692  4     06/30 06:36:53 ### ### ### - The setup is launched by SANBGW\Administrator with Administrator privilege
1692  4     06/30 06:36:53 ### ### ### - Showing dialog : CheckLaunchRequirementViewModel .......
1692  10    06/30 06:36:54 ### ### ### - Machine is running windows OS version 10.0.17763
1692  4     06/30 06:36:54 ### ### ### - Showing dialog : LanguageSelectionViewModel .......
1692  4     06/30 06:36:54 ### ### ### - Skip [LanguageSelectionViewModel] in silent install mode
1692  4     06/30 06:36:54 ### ### ### - Showing dialog : LicenseAgreementViewModel .......
1692  4     06/30 06:36:54 ### ### ### - Skip [LicenseAgreementViewModel] in silent install mode
1692  4     06/30 06:36:54 ### ### ### - Showing dialog : InstallTypeViewModel .......
1692  4     06/30 06:36:54 ### ### ### - Showing dialog : InstanceSelectionViewModel .......
1692  4     06/30 06:36:54 ### ### ### - Instance name from input request: [New].
1692  4     06/30 06:36:54 ### ### ### - Selected instance: [Instance001].
1692  4     06/30 06:36:54 ### ### ### - Cumulative update CU20 found in the media.
1692  4     06/30 06:36:54 ### ### ### - Showing dialog : PackageOptionViewModel .......
1692  4     06/30 06:36:54 ### ### ### - Skip [PackageOptionViewModel] in silent install mode
1692  4     06/30 06:36:55 ### ### ### - Skip Roles selection screen for Advanced option/ Download all packages option.
1692  4     06/30 06:36:55 ### ### ### - Showing dialog : FeatureSelectionViewModel .......
1692  4     06/30 06:36:55 ### ### ### - Packages selected by user/input request: [MediaAgent, Storage Accelerator, VSS Provider, VSS Hardware Provider, Virtual Server].
1692  4     06/30 06:36:55 ### ### ### - Required packages included by the installer: [File System Core, File System].
1692  4     06/30 06:36:55 ### ### ### - no database packages are selected. Skip cluster option screen
1692  4     06/30 06:36:55 ### ### ### - Showing dialog : CheckPrerequisitesViewModel .......
1692  4     06/30 06:36:55 ### ### ### - Removing VCRedist_2017_win32 as it is not applicable for this OS.
1692  1     06/30 06:36:55 ### ### ### - Checking if required third-party packages are installed...
1692  4     06/30 06:36:55 ### ### ### - Selected Third party softwares to install: [VCRedist_2013_x64].
1692  4     06/30 06:36:55 ### ### ### - Showing dialog : GalaxyHomePathViewModel .......
1692  4     06/30 06:36:55 ### ### ### - Install directory from xml: ["C:\Program Files\Metallic\ContentStore"].
1692  4     06/30 06:36:57 ### ### ### - Dialog:[Installation Path], UserAnswer:[C:\Program Files\Metallic\ContentStore].
1692  4     06/30 06:36:57 ### ### ### - Showing dialog : IndexCachePathViewModel .......
1692  4     06/30 06:36:57 ### ### ### - Using Index Cache path C:\Program Files\Metallic\ContentStore\IndexCache from the user input.
1692  4     06/30 06:36:57 ### ### ### - Showing dialog : ConfigureRolesViewModel .......
1692  4     06/30 06:36:57 ### ### ### - Port number for CVD is set to [8400].
1692  4     06/30 06:36:57 ### ### ### - Showing dialog : InstallSummaryViewModel .......
1692  4     06/30 06:36:57 ### ### ### - Log move to C:\Program Files\Metallic\ContentStore\Log Files\Install.log
1692  4     06/30 06:36:57 ###  ManagedLogger::SetCLRThreadPoolMaxThreads - CLR ThreadPool's max threads is already set by another thread in the process. maxWorkerThreads = [1000], maxIOThreads = [1000], PID = [1692], ProcessName = [Setup].
1692  4     06/30 06:36:57 ### ### ### - ------------------------ Creating New Instance ----------------------------
1692  4     06/30 06:36:57 ### ### ### - Showing dialog : PreInstallValidatonViewModel .......
1692  7     06/30 06:36:57 ### ### ### - Drive [C:\] Space needed [933.3 MB] Available Space[86.33 GB]
1692  4     06/30 06:36:58 ### ### ### - Showing dialog : ShutdownViewModel .......
1692  11    06/30 06:36:58 ### ### ### - Not taking backup of databases since new packages have been selected
1692  11    06/30 06:37:08 ### ### ### - Sending stop request to Metallic services...
1692  11    06/30 06:37:08 ### ### ### - Sending stop request to Metallic Base services...
1692  11    06/30 06:37:08 ### ### ### - Stopped all Metallic services.
1692  11    06/30 06:37:08 ### ### ### - Killing all running processes from install directory ...
1692  4     06/30 06:37:08 ### ### ### - Showing dialog : InstallProgressForPrerequisitesViewModel .......
1692  4     06/30 06:37:08 ### ### ### - Removing VCRedist_2017_win32 as it is not applicable for this OS.
1692  1     06/30 06:37:08 ### ### ### - Checking if required third-party packages are installed...
1692  1     06/30 06:37:10 ### ### ### - Installing required third-party packages...
1692  1     06/30 06:37:10 ### ### ### - Timeout period 10 mins for package: VCRedist_2013_x64.
1692  1     06/30 06:37:10 ### ### ### - Started install/update of package: VCRedist_2013_x64...
1692  1     06/30 06:37:16 ### ### ### - Completed install/update of package: VCRedist_2013_x64
1692  1     06/30 06:37:16 ### ### ### - Apply prerequisites completed ...  Status = 0
1692  1     06/30 06:37:16 ### ### ### - Third-party package installation completed.
1692  4     06/30 06:37:17 ### ### ### - Showing dialog : InstallProgressForPackagesViewModel .......
1692  1     06/30 06:37:17 ### ### ### - Installing packages...
1692  1     06/30 06:37:19 ### ### ### - Checking and removing stale MSI with product [File System Core]
1692  1     06/30 06:37:20 ### ### ### - Started install/update of package: File System Core...
1692  1     06/30 06:37:55 ### ### ### - Checking and removing stale MSI with product [MediaAgent]
1692  1     06/30 06:37:55 ### ### ### - Started install/update of package: MediaAgent...
1692  1     06/30 06:38:12 ### ### ### - Checking and removing stale MSI with product [Storage Accelerator]
1692  1     06/30 06:38:12 ### ### ### - Started install/update of package: Storage Accelerator...
1692  1     06/30 06:38:20 ### ### ### - Checking and removing stale MSI with product [VSS Provider]
1692  1     06/30 06:38:20 ### ### ### - Started install/update of package: VSS Provider...
1692  1     06/30 06:38:22 ### ### ### - Checking and removing stale MSI with product [VSS Hardware Provider]
1692  1     06/30 06:38:22 ### ### ### - Started install/update of package: VSS Hardware Provider...
1692  1     06/30 06:38:29 ### ### ### - Checking and removing stale MSI with product [File System]
1692  1     06/30 06:38:29 ### ### ### - Started install/update of package: File System...
1692  1     06/30 06:38:49 ### ### ### - Checking and removing stale MSI with product [Virtual Server]
1692  1     06/30 06:38:49 ### ### ### - Started install/update of package: Virtual Server...
1692  1     06/30 06:39:22 ### ### ### - Apply packages completed ...  Status = 0
1692  1     06/30 06:39:22 ### ### ### - Package installation completed.
1692  1     06/30 06:39:24 ### ### ### - Extracting file [C:\Program Files\Metallic\ContentStore\WebConsole\downloads\VAIO\cvtblrh.see] ...
1692  1     06/30 06:39:24 ### ### ### - Extracting file [C:\Program Files\Metallic\ContentStore\WebConsole\downloads\VAIO\cvtblrt.see] ...
1692  1     06/30 06:39:25 ### ### ### - Extracting file [C:\Program Files\Metallic\ContentStore\Base\SQLSMOAssemblies\CvSmo2017Dll\CvSQLSMO2017.see] ...
1692  1     06/30 06:39:30 ### ### ### - Extracting file [C:\Program Files\Metallic\ContentStore\Base\AzureSDKWrapper.see] ...
1692  1     06/30 06:39:39 ### ### ### - Extracting file [C:\Program Files\Metallic\ContentStore\Base\CVAzureStackSDK.see] ...
1692  1     06/30 06:39:41 ### ### ### - Extracting file [C:\Program Files\Metallic\ContentStore\Base\CVAzureSDKWrapper.see] ...
1692  1     06/30 06:39:52 ### ### ### - Extracting file [C:\Program Files\Metallic\ContentStore\Base\VMWARE\VDDK\VDDK.see] ...
1692  1     06/30 06:40:16 ### ### ### - Extracting file [C:\Program Files\Metallic\ContentStore\Base\XenSDKWrapper.see] ...
1692  1     06/30 06:40:18 ### ### ### - Update installation is in progress...
1692  1     06/30 06:40:18 ### ### ### - Please check [C:\Program Files\Metallic\ContentStore\Log Files\UpdateInfo.log] for granular details
1692  1     06/30 06:42:32 ### ### ### - Update installation completed.
1692  4     06/30 06:42:32 ### ### ### - Showing dialog : PostFileCopyConfigurationViewModel .......
1692  10    06/30 06:42:32 ### ### ### - Base path [C:\Program Files\Metallic\ContentStore\Base] is not present in the system PATH environment variable.
1692  10    06/30 06:42:32 ### ### ### - Adding environment variable [CV_Instance001] = [C:\Program Files\Metallic\ContentStore\Base]
1692  10    06/30 06:42:33 ### ### ### - Pre Configuring File System Core ...
1692  10    06/30 06:42:33 ### ### ### - Invalid password format to convert from V8 to V3
1692  10    06/30 06:42:33 ### ### ### - Generating client password for fresh install.
1692  10    06/30 06:42:34 ### ### ### - Set client password in the registry.
1692  10    06/30 06:42:34 ### ### ### - Pre Configuring MediaAgent ...
1692  10    06/30 06:42:34 ### ### ### - Pre Configuring Storage Accelerator ...
1692  10    06/30 06:42:34 ### ### ### - Pre Configuring VSS Provider ...
1692  10    06/30 06:42:34 ### ### ### - Warning: ["regsvr32.exe" /s /u "VSS_SWProv_SvcPS.dll"] exit code 3 
1692  10    06/30 06:42:34 ### ### ### - Setup did not unregister VSS_SWProv_SvcPS.dll from COM. Maybe it was not registered.
1692  10    06/30 06:42:36 ### ### ### - Warning: ["C:\Program Files\Metallic\ContentStore\Base\VSS_SWProv_Svc.exe" /unregserver -vm Instance001] exit code -2147319780 
1692  10    06/30 06:42:36 ### ### ### - Warning: Could not uninstall VSS Software Provider
1692  10    06/30 06:42:37 ### ### ### - Installed VSS Software service.
1692  10    06/30 06:42:38 ### ### ### - Registration completed with VSS subsystem.
1692  10    06/30 06:42:38 ### ### ### - Registration completed with VSS subsystem.
1692  10    06/30 06:42:38 ### ### ### - Pre Configuring VSS Hardware Provider ...
1692  10    06/30 06:42:38 ### ### ### - Warning: ["regsvr32.exe" /s /u "VSS_HWPROV_SVCPS.dll"] exit code 3 
1692  10    06/30 06:42:38 ### ### ### - Setup did not unregister VSS_HWPROV_SVCPS.dll from COM. Maybe it was not registered.
1692  10    06/30 06:42:39 ### ### ### - Warning: ["C:\Program Files\Metallic\ContentStore\Base\VSS_HWProv_Svc.exe" /unregserver -vm Instance001] exit code -2147319780 
1692  10    06/30 06:42:39 ### ### ### - Warning: Could not uninstall VSS Hardware Provider
1692  10    06/30 06:42:39 ### ### ### - Installed VSS Hardware service.
1692  10    06/30 06:42:40 ### ### ### - Registration completed with VSS subsystem.
1692  10    06/30 06:42:40 ### ### ### - Registration completed with VSS subsystem.
1692  10    06/30 06:42:40 ### ### ### - Pre Configuring File System ...
1692  10    06/30 06:42:42 ### ### ### - Successfully registered .Net assembly [C:\Program Files\Metallic\ContentStore\Base\CVSQLInterfaces.dll]
1692  10    06/30 06:42:43 ### ### ### - Successfully registered .Net assembly [C:\Program Files\Metallic\ContentStore\Base\CVSQLSMOFactory.dll]
1692  10    06/30 06:42:43 ### ### ### - Registered common MSSQL binaries.
1692  10    06/30 06:42:43 ### ### ### - Pre Configuring Virtual Server ...
1692  4     06/30 06:42:43 ### ### ### - Copied OEM Files from [C:\Program Files\Metallic\installer\Common\OEM\119\install_images] to [C:\Program Files\Metallic\ContentStore\Base\OEM]
1692  4     06/30 06:42:44 ### ### ### - Showing dialog : CompletionExitViewModel .......
1692  4     06/30 06:42:44 ### ### ### - Copied OEM Files from [C:\Program Files\Metallic\installer\Common\OEM\119\install_images] to [C:\Program Files\Metallic\ContentStore\Base\OEM]
1692  4     06/30 06:42:44 ### ### ### - Starting configuration steps...
1692  4     06/30 06:42:44 ### ### ### - Job id is set to 0 for ConfigureClientTool's use
3740  1     06/30 06:42:48 ###  ManagedLogger::SetCLRThreadPoolMaxThreads - CLR ThreadPool's maxWorkerThreads = [32767], maxIOThreads = [1000], PID [3740], ProcessName = [ConfigureClientTool].
3740  1     06/30 06:42:48 ###  ManagedLogger::SetCLRThreadPoolMaxThreads - Setting CLR ThreadPool's maxWorkerThreads = [1000], maxIOThreads = [1000] PID = [3740], ProcessName = [ConfigureClientTool].
3740  1     06/30 06:42:48 ### ### ### - --------------------- Install Configuration STARTED ----------------------
3740  1     06/30 06:42:49 ### ### ### - Application Culture is set to en-US
3740  1     06/30 06:42:50 ### ### ### - Skip creating configuration wizard shortcut for silent/play mode install.
3740  1     06/30 06:42:50 ### ### ### - CommandLine: "C:\Program Files\Metallic\ContentStore\Base\ConfigureClientTool.exe" /play "C:\Program Files\Metallic\installer\install.xml"
3740  1     06/30 06:42:50 ### ### ### - User input file location: [C:\Program Files\Metallic\installer\install.xml]
3740  1     06/30 06:42:51 ### ### ### - The setup is launched by SANBGW\Administrator with Administrator privilege
3740  1     06/30 06:42:53 ### ### ### - Showing dialog : CommunicationInterfaceNameViewModel .......
3740  1     06/30 06:42:53 ### ### ### - 
3740  1     06/30 06:42:53 ### ### ### - Overriding nPreferredIPFamily to 1 based on answer file
3740  1     06/30 06:42:53 ### ### ### - Dialog:[Client Computer Information], UserAnswer:[Client Name: sanbgw, Client HostName: SanBGW].
3740  1     06/30 06:42:53 ### ### ### - Showing dialog : FirewallConnectionTunnelPortViewModel .......
3740  1     06/30 06:42:53 ### ### ### - Log directory initialized with [C:\Program Files\Metallic\ContentStore\Log Files]
3740  1     06/30 06:42:54 ### ### ### - Showing dialog : ConnectToCCAuthenticationInfoViewModel .......
3740  1     06/30 06:43:17 ### ### ### - Showing dialog : SIMGetInfoFromCommandCenterViewModel .......
3740  8     06/30 06:43:20 ### ### ### - Warning: ["C:\Program Files\Metallic\ContentStore\Base\SIMCallWrapper.exe" -OpType 1004 -url "https://dlogin.metallic.io" -Instance "Instance001" -authCode "2D7FC9C49"  -disableAutoDetectHttpProxy] exit code 1 
3740  8     06/30 06:43:20 ### ### ### - Message: Invalid credentials/authcode.
3740  8     06/30 06:43:22 ### ### ### - UserAnswer: Ok  
3740  1     06/30 06:43:22 ### ### ### - Showing dialog : ConnectToCCAuthenticationInfoViewModel .......
3740  1     06/30 06:43:26 ### ### ### - Showing dialog : SIMGetInfoFromCommandCenterViewModel .......
3740  4     06/30 06:43:28 ### ### ### - Warning: ["C:\Program Files\Metallic\ContentStore\Base\SIMCallWrapper.exe" -OpType 1004 -url "https://dlogin.metallic.io" -Instance "Instance001" -authCode "2D7FC9C49"  -disableAutoDetectHttpProxy] exit code 1 
3740  4     06/30 06:43:28 ### ### ### - Message: Invalid credentials/authcode.
3740  4     06/30 06:43:29 ### ### ### - UserAnswer: Ok  
3740  1     06/30 06:43:30 ### ### ### - Showing dialog : ConnectToCCAuthenticationInfoViewModel .......
3740  1     06/30 06:43:43 ### ### ### - Showing dialog : SIMGetInfoFromCommandCenterViewModel .......
3740  1     06/30 06:43:46 ### ### ### - Showing dialog : RunFirewallDaemonViewModel .......
3740  4     06/30 06:43:46 ### ### ### - Check firewall configuration: CommServe client name = '@@COMMSERVE@@', CommServe host name = '@@COMMSERVE@@', FwHosts = 'C:\Program Files\Metallic\ContentStore\Base\FwHosts.txt', FwConfigInstall = 'C:\Program Files\Metallic\ContentStore\Base\FwConfigInstall.txt', FwConfig = 'C:\Program Files\Metallic\ContentStore\Base\FwConfig.txt', FwConfigLocal = 'C:\Program Files\Metallic\ContentStore\Base\FwConfigLocal.txt'.
3740  4     06/30 06:43:46 ### ### ### - Initializing firewall daemon: szSourcePath=C:\Program Files\Metallic\ContentStore\Base, szLogPath=C:\Program Files\Metallic\ContentStore\Log Files, szConfigFileName=C:\Program Files\Metallic\ContentStore\Base, szCertificatePath=C:\Program Files\Metallic\ContentStore\Base.
3740  4     06/30 06:43:46 ### ### ### - Firewall daemon initialized. Client Ports recieved: nClientPort4=50757, nClientPort6=50758.
3740  4     06/30 06:43:46 ### ### ### - Firewall daemon started.
3740  4     06/30 06:43:46 ### ### ### - Initializing firewall standalone mode: bDaemonMode=True, nPort4=50757, nPort6=50758, szInstallConfigFileName=C:\Program Files\Metallic\ContentStore\Base\FwConfigInstall.txt, szConfigFileName=C:\Program Files\Metallic\ContentStore\Base\FwConfig.txt, szConfigLocalFileName=C:\Program Files\Metallic\ContentStore\Base\FwConfigLocal.txt
3740  4     06/30 06:43:46 ### ### ### - Firewall standalone mode is set
3740  4     06/30 06:43:47 ### ### ### - Check firewall connection: bFirewallStarted=True, bCSTunnelUp=False
3740  4     06/30 06:43:47 ### ### ### - Check firewall connection now. CommServe client name = '@@COMMSERVE@@', CommServe host name = '@@COMMSERVE@@'.
3740  4     06/30 06:43:47 ### ### ### - CS tunnel is up.
3740  1     06/30 06:43:47 ### ### ### - Showing dialog : SIMGetInfoFromCommServeViewModel .......
3740  5     06/30 06:43:47 ### ### ### - Invalid password format to convert from V8 to V3
3740  5     06/30 06:43:48 ### ### ### - Getting client information from CommServe...
3740  5     06/30 06:43:53 ### ### ### - Received the client information from CommServe.
3740  1     06/30 06:43:53 ### ### ### - Showing dialog : SIMInstallRequirementCheckViewModel .......
3740  8     06/30 06:43:53 ### ### ### - Invalid password format to convert from V8 to V3
3740  8     06/30 06:43:53 ### ### ### - Performing client install requirement check with CommServe...
3740  8     06/30 06:43:57 ### ### ### - Completed client install requirement check with CommServe.
3740  1     06/30 06:43:57 ### ### ### - Using storage policy CV_DEFAULT from the user input.
3740  1     06/30 06:43:57 ### ### ### - Showing dialog : LocalConfigViewModel .......
3740  5     06/30 06:43:58 ### ### ### - Skip updating SQL server startup parameters as database packages are not selected/ installed.
3740  5     06/30 06:43:58 ### ### ### - Adding network applications to firewall exclusion list.
3740  5     06/30 06:43:58 ### ### ### - Configuring File System Core ...
3740  5     06/30 06:43:58 ### ### ### - Configuring MediaAgent ...
3740  5     06/30 06:43:59 ### ### ### - Adding shutdown script to GPO...
3740  5     06/30 06:43:59 ### ### ### - Configuring Storage Accelerator ...
3740  5     06/30 06:43:59 ### ### ### - Configuring VSS Provider ...
3740  5     06/30 06:43:59 ### ### ### - Configuring VSS Hardware Provider ...
3740  5     06/30 06:43:59 ### ### ### - Configuring File System ...
3740  5     06/30 06:43:59 ### ### ### - Configuring Virtual Server ...
3740  5     06/30 06:43:59 ### ### ### - Succeed to launch "C:\Windows\Microsoft.NET\Framework64\v4.0.30319\ngen.exe" install "C:\Program Files\Metallic\ContentStore\Base\Vim25Service.dll"  
3740  5     06/30 06:43:59 ### ### ### - Succeed to launch "C:\Windows\Microsoft.NET\Framework64\v4.0.30319\ngen.exe" install "C:\Program Files\Metallic\ContentStore\Base\Vim25Service.XmlSerializers.dll"  
3740  5     06/30 06:43:59 ### ### ### - Not taking backup of databases since new packages have been selected
3740  5     06/30 06:43:59 ### ### ### - Configuring File System Core ...
3740  5     06/30 06:43:59 ### ### ### - Configuring MediaAgent ...
3740  5     06/30 06:43:59 ### ### ### - Configuring Storage Accelerator ...
3740  5     06/30 06:43:59 ### ### ### - Configuring VSS Provider ...
3740  5     06/30 06:43:59 ### ### ### - Configuring VSS Hardware Provider ...
3740  5     06/30 06:43:59 ### ### ### - Configuring File System ...
3740  5     06/30 06:43:59 ### ### ### - Configuring Virtual Server ...
3740  5     06/30 06:43:59 ### ### ### - Executing pending applications for Updates Installed
3740  5     06/30 06:43:59 ### ### ### - Update installation is in progress...
3740  5     06/30 06:43:59 ### ### ### - Please check [C:\Program Files\Metallic\ContentStore\Log Files\UpdateInfo.log] for granular details
3740  5     06/30 06:44:00 ### ### ### - Warning: ["C:\Program Files\Metallic\installer\BinaryPayload\LooseUpdates\InstallUpdates.exe" -doNotUpdateDB -nostartsvc -silent -vm Instance001 -delayedreboot -ignorePendingFileOp -galaxyinstall     -cvinstaller ] exit code 2 
3740  5     06/30 06:44:00 ### ### ### - Update installation completed.
3740  5     06/30 06:44:00 ### ### ### - Finalizing installation ...
3740  5     06/30 06:44:03 ### ### ### - Found Metallic OEM. Setting Registration Authentication type to userpassword.
3740  5     06/30 06:44:03 ### ### ### - Finalizing installation ...
3740  5     06/30 06:44:03 ### ### ### - Added NetworkService account to IndexCache directory.
3740  5     06/30 06:44:03 ### ### ### - Finalizing installation ...
3740  5     06/30 06:44:03 ### ### ### - Finalizing installation ...
3740  5     06/30 06:44:03 ### ### ### - Finalizing installation ...
3740  5     06/30 06:44:03 ### ### ### - Finalizing installation ...
3740  5     06/30 06:44:03 ### ### ### - Finalizing installation ...
3740  5     06/30 06:44:04 ### ### ### - Performing  PostUpgrade tasks for the databases...
3740  5     06/30 06:44:04 ### ### ### - Skip launching CvDBUpgradeWrapper since database packages are not installed
3740  5     06/30 06:44:04 ### ### ### - Completed  PostUpgrade tasks for the databases.
3740  5     06/30 06:44:04 ### ### ### - Set registry permissions
3740  1     06/30 06:44:04 ### ### ### - Showing dialog : SIMRegistrationViewModel .......
3740  8     06/30 06:44:04 ### ### ### - Invalid password format to convert from V8 to V3
3740  8     06/30 06:44:04 ### ### ### - Created PreImageModeFile for registration of client.
3740  8     06/30 06:44:04 ### ### ### - Set auto-register value to 1.
3740  1     06/30 06:44:04 ### ### ### - Showing dialog : StartupViewModel .......
3740  8     06/30 06:44:05 ### ### ### - Firewall daemon is running - will try to stop it.
3740  14    06/30 06:44:06 ### ### ### - Sending stop signal to firewall daemon...
3740  14    06/30 06:44:06 ### ### ### - Firewall deamon stopped.
3740  8     06/30 06:44:06 ### ### ### - Completed QuitFirewallDaemonIfRun.
3740  8     06/30 06:44:06 ### ### ### - Start service GxFWD(Instance001) ...
3740  8     06/30 06:44:07 ### ### ### - Service GxFWD(Instance001) started.
3740  8     06/30 06:44:07 ### ### ### - Start service GxCVD(Instance001) ...
3740  8     06/30 06:44:12 ### ### ### - Service GxCVD(Instance001) started.
3740  8     06/30 06:44:12 ### ### ### - Start service GXMMM(Instance001) ...
3740  8     06/30 06:44:13 ### ### ### - Service GXMMM(Instance001) started.
3740  8     06/30 06:44:13 ### ### ### - Start service GxClMgrS(Instance001) ...
3740  8     06/30 06:44:14 ### ### ### - Service GxClMgrS(Instance001) started.
3740  8     06/30 06:44:14 ### ### ### - Enabled the service GxVssProv(Instance001) with Manual mode. Skip starting as it is an on-demand service
3740  8     06/30 06:44:14 ### ### ### - Enabled the service GxVssHWProv(Instance001) with Manual mode. Skip starting as it is an on-demand service
3740  8     06/30 06:44:14 ### ### ### - Start service GxBLR(Instance001) ...
3740  8     06/30 06:44:15 ### ### ### - Service GxBLR(Instance001) started.
3740  8     06/30 06:44:15 ### ### ### - Doing startup steps for File System Core ...
3740  8     06/30 06:44:15 ### ### ### - Explorer plugin is not disabled/unregistered by installer, skip launch CBFS driver.
3740  8     06/30 06:44:15 ### ### ### - Doing startup steps for MediaAgent ...
3740  8     06/30 06:44:15 ### ### ### - Doing startup steps for Storage Accelerator ...
3740  8     06/30 06:44:15 ### ### ### - Doing startup steps for VSS Provider ...
3740  8     06/30 06:44:15 ### ### ### - Doing startup steps for VSS Hardware Provider ...
3740  8     06/30 06:44:15 ### ### ### - Doing startup steps for File System ...
3740  8     06/30 06:44:15 ### ### ### - Doing startup steps for Virtual Server ...
3740  8     06/30 06:44:15 ### ### ### - Waiting on client registration status from CommServe...
3740  8     06/30 06:44:45 ### ### ### - Client registration request completed on CommServe.
3740  1     06/30 06:44:45 ### ### ### - -------------------- Install Configuration COMPLETED ---------------------
3740  1     06/30 06:44:45 ### ### ### - Showing dialog : ConfigurationCompleteViewModel .......
3740  1     06/30 06:44:49 ### ### ### - Removed [Configuration Wizard] shortcut.
1692  4     06/30 06:44:55 ### ### ### - Quit application with code: Succeed.
1692  4     06/30 06:44:55 ### ### ### - Setup is shutting down with exit code Succeed ... 
1692  4     06/30 06:44:55 ### ### ### - Installer registry will be cleared as Install operation completed successfully
1692  4     06/30 06:44:57 ### ### ### - Clearing Configuration installer registry
1692  4     06/30 06:44:57 ### ### ### - Clearing Galaxy installer registry
1692  4     06/30 06:44:59 ### ### ### - ##########################################################################
1692  4     06/30 06:44:59 ### ### ### - ##                       Installation EXITING (0)                       ##
1692  4     06/30 06:44:59 ### ### ### - ##########################################################################
*******************************************************************
  Machine        	: SANBGW
  Module         	: Install.log
  Commserver     	: cms01039c1us02
  Product Version	: 11.2801.0
  OS Version     	: Microsoft Windows NT 6.3.9600.0
  Date           	: 6/30/2022
*******************************************************************
7200  4     06/30 06:55:20 ###  ManagedLogger::SetCLRThreadPoolMaxThreads - CLR ThreadPool's max threads is already set by another thread in the process. maxWorkerThreads = [1000], maxIOThreads = [1000], PID = [7200], ProcessName = [Setup].
7200  4     06/30 06:55:20 ### ### ### - The setup is running in non-bootstrap mode
7200  4     06/30 06:55:20 ### ### ### - ##########################################################################
7200  4     06/30 06:55:20 ### ### ### - ##                         Installation STARTED                         ##
7200  4     06/30 06:55:20 ### ### ### - ##########################################################################
7200  4     06/30 06:55:20 ### ### ### - Media Version:[11.2801.0], Feature Release:[2801], TransactionId:[4268002]
7200  4     06/30 06:55:21 ### ### ### - CommandLine: "C:\Program Files\Metallic\ContentStore\CVMedia\11.0.0\Windows\Setup.exe" /play "C:\Program Files\Metallic\ContentStore\PushInstall\sanbgw-input.xml" -jobid 1087734 /silent -burn.unelevated BurnPipe.{95115A3A-971C-48A3-BBFF-BEC964511155} {B415D0C2-289D-478B-8DB7-E9F92946BB5A} 4312
7200  4     06/30 06:55:22 ### ### ### - User input file location: [C:\Program Files\Metallic\ContentStore\PushInstall\sanbgw-input.xml]
7200  4     06/30 06:55:23 ### ### ### - Job Id in answer file: [1087734]
7200  4     06/30 06:55:23 ### ### ### - This is install job initiated from Commcell console GUI. Job Id [1087734].
7200  4     06/30 06:55:23 1087734 ### ### - The setup is launched by NT AUTHORITY\SYSTEM with Administrator privilege
7200  4     06/30 06:55:23 1087734 ### ### - Showing dialog : CheckLaunchRequirementViewModel .......
7200  4     06/30 06:55:24 1087734 ### ### - Machine is running windows OS version 10.0.17763
7200  4     06/30 06:55:24 1087734 ### ### - Showing dialog : LanguageSelectionViewModel .......
7200  4     06/30 06:55:24 1087734 ### ### - Skip [LanguageSelectionViewModel] in silent install mode
7200  4     06/30 06:55:24 1087734 ### ### - Showing dialog : OEMBrandSelectionViewModel .......
7200  4     06/30 06:55:24 1087734 ### ### - OEM ID from xml: [119].
7200  4     06/30 06:55:24 1087734 ### ### - Showing dialog : LicenseAgreementViewModel .......
7200  4     06/30 06:55:24 1087734 ### ### - Skip [LicenseAgreementViewModel] in silent install mode
7200  4     06/30 06:55:24 1087734 ### ### - Showing dialog : InstallTypeViewModel .......
7200  4     06/30 06:55:24 1087734 ### ### - Showing dialog : InstanceSelectionViewModel .......
7200  4     06/30 06:55:24 1087734 ### ### - Instance name from input request: [Instance001].
7200  4     06/30 06:55:24 1087734 ### ### - Selected instance: [Instance001].
7200  4     06/30 06:55:24 1087734 ### ### - Installed ProductVersion: [11.2801.20], TransactionId: [4268002]
7200  4     06/30 06:55:24 1087734 ### ### - The instance is installed at [C:\Program Files\Metallic\ContentStore]
7200  4     06/30 06:55:24 1087734 ### ### - Log move to C:\Program Files\Metallic\ContentStore\Log Files\Install.log
7200  4     06/30 06:55:24 1087734  ManagedLogger::SetCLRThreadPoolMaxThreads - CLR ThreadPool's max threads is already set by another thread in the process. maxWorkerThreads = [1000], maxIOThreads = [1000], PID = [7200], ProcessName = [Setup].
7200  4     06/30 06:55:24 1087734 ### ### - Cumulative update CU21 found in the media.
7200  4     06/30 06:55:24 1087734 ### ### - Installed ProductVersion: [11.2801.20], TransactionId: [4268002]
7200  4     06/30 06:55:24 1087734 ### ### - The instance is installed at [C:\Program Files\Metallic\ContentStore]
7200  4     06/30 06:55:24 1087734 ### ### - Showing dialog : InstallOptionViewModel .......
7200  4     06/30 06:55:24 1087734 ### ### - Showing dialog : FeatureSelectionViewModel .......
7200  4     06/30 06:55:25 1087734 ### ### - Already installed packages: [File System Core, MediaAgent, Storage Accelerator, VSS Provider, VSS Hardware Provider, File System, Virtual Server].
7200  4     06/30 06:55:25 1087734 ### ### - Packages selected by user/input request: [Cloud Apps].
7200  4     06/30 06:55:25 1087734 ### ### - Showing dialog : CheckPrerequisitesViewModel .......
7200  4     06/30 06:55:25 1087734 ### ### - Removing VCRedist_2017_win32 as it is not applicable for this OS.
7200  1     06/30 06:55:25 1087734 ### ### - Checking if required third-party packages are installed...
7200  4     06/30 06:55:25 1087734 ### ### - Showing dialog : ConfigureRolesViewModel .......
7200  4     06/30 06:55:25 1087734 ### ### - Port number for CVD is set to [8400].
7200  4     06/30 06:55:25 1087734 ### ### - Showing dialog : InstallSummaryViewModel .......
7200  4     06/30 06:55:25 1087734 ### ### - Port number for CVD is set to [0] as specified in session registry.
7200  4     06/30 06:55:25 1087734 ### ### - ----------------- Adding Packages to Existing Instance --------------------
7200  4     06/30 06:55:25 1087734 ### ### - Showing dialog : PreInstallValidatonViewModel .......
7200  4     06/30 06:55:25 1087734 ### ### - Drive [C:\] Space needed [367.75 MB] Available Space[83.57 GB]
7200  4     06/30 06:55:25 1087734 ### ### - CloudConnector is selected for install, set flag IsAddPackagesWithNewerMedia to true
7200  4     06/30 06:55:25 1087734 ### ### - Showing dialog : ShutdownViewModel .......
7200  4     06/30 06:55:25 1087734 ### ### - Not taking backup of databases since new packages have been selected
7200  4     06/30 06:55:25 1087734 ### ### - Sending stop request to Metallic services...
7200  4     06/30 06:55:25 1087734 ### ### - Stopping service GxVssProv(Instance001) ...
7200  8     06/30 06:55:25 1087734 ### ### - Stopping service GxClMgrS(Instance001) ...
7200  9     06/30 06:55:25 1087734 ### ### - Stopping service GxVssHWProv(Instance001) ...
7200  14    06/30 06:55:25 1087734 ### ### - Stopping service GxBLR(Instance001) ...
7200  4     06/30 06:55:25 1087734 ### ### - Stopping service GXMMM(Instance001) ...
7200  4     06/30 06:55:25 1087734 ### ### - Stopped service GXMMM(Instance001).
7200  14    06/30 06:55:26 1087734 ### ### - Stopped service GxBLR(Instance001).
7200  8     06/30 06:55:26 1087734 ### ### - Stopped service GxClMgrS(Instance001).
7200  4     06/30 06:55:26 1087734 ### ### - Sending stop request to Metallic Base services...
7200  4     06/30 06:55:26 1087734 ### ### - Stopping service GxCVD(Instance001) ...
7200  4     06/30 06:55:37 1087734 ### ### - Error: Could not stop the service:[GxCVD(Instance001)], error: Time out has expired and the operation has not been completed.
7200  4     06/30 06:55:37 1087734 ### ### - Warning: Failed to stop [GxCVD(Instance001)]. The process for this service will be killed.
7200  4     06/30 06:55:38 1087734 ### ### - Killing process Name:[ C:\Program Files\Metallic\ContentStore\Base\cvd.exe ] id=[4584]
7200  4     06/30 06:55:38 1087734 ### ### - Stopping service GxFWD(Instance001) ...
7200  4     06/30 06:55:48 1087734 ### ### - Error: Could not stop the service:[GxFWD(Instance001)], error: Time out has expired and the operation has not been completed.
7200  4     06/30 06:55:48 1087734 ### ### - Warning: Failed to stop [GxFWD(Instance001)]. The process for this service will be killed.
7200  4     06/30 06:55:48 1087734 ### ### - Killing process Name:[ C:\Program Files\Metallic\ContentStore\Base\cvfwd.exe ] id=[732]
7200  4     06/30 06:55:48 1087734 ### ### - Stopped all Metallic services.
7200  4     06/30 06:55:48 1087734 ### ### - Waiting for all dedupe processes to shut down ...
7200  4     06/30 06:55:49 1087734 ### ### - No dedupe processes are running
7200  4     06/30 06:55:49 1087734 ### ### - Wait for 15 seconds to allow processes running from Base folder to finish.
7200  4     06/30 06:56:04 1087734 ### ### - Killing all running processes from install directory ...
7200  4     06/30 06:56:04 1087734 ### ### - Killing process Name:[ C:\Program Files\Metallic\ContentStore\Base\GxAdmin.exe ] id=[3500]
7200  4     06/30 06:56:04 1087734 ### ### - Killing process Name:[ C:\Program Files\Metallic\ContentStore\Base\GxTail.exe ] id=[7880]
7200  4     06/30 06:56:04 1087734 ### ### - Successfully killed processes running from folder [C:\Program Files\Metallic\ContentStore]
7200  4     06/30 06:56:04 1087734 ### ### - Disconnecting network handles from folder [C:\Program Files\Metallic\ContentStore]
7200  4     06/30 06:56:07 1087734 ### ### - Successfully disconnected network handles for [C:\Program Files\Metallic\ContentStore]
7200  4     06/30 06:56:07 1087734 ### ### - Showing dialog : InstallProgressForPrerequisitesViewModel .......
7200  4     06/30 06:56:07 1087734 ### ### - Removing VCRedist_2017_win32 as it is not applicable for this OS.
7200  1     06/30 06:56:07 1087734 ### ### - Checking if required third-party packages are installed...
7200  1     06/30 06:56:07 1087734 ### ### - Installing required third-party packages...
7200  1     06/30 06:56:07 1087734 ### ### - Apply prerequisites completed ...  Status = 0
7200  1     06/30 06:56:07 1087734 ### ### - Third-party package installation completed.
7200  4     06/30 06:56:07 1087734 ### ### - Showing dialog : ClearnUpOldInstallViewModel .......
7200  4     06/30 06:56:07 1087734 ### ### - Showing dialog : InstallProgressForPackagesViewModel .......
7200  4     06/30 06:56:07 1087734 ### ### - Switch OEM id to: 119
7200  1     06/30 06:56:07 1087734 ### ### - Installing packages...
7200  1     06/30 06:56:24 1087734 ### ### - Checking and removing stale MSI with product [Cloud Apps]
7200  1     06/30 06:56:25 1087734 ### ### - Started install/update of package: Cloud Apps...
7200  1     06/30 06:56:38 1087734 ### ### - Apply packages completed ...  Status = 0
7200  1     06/30 06:56:38 1087734 ### ### - Package installation completed.
7200  1     06/30 06:56:38 1087734 ### ### - Extracting file [C:\Program Files\Metallic\ContentStore\Base\SharePointOnline\CVSharePointOnline.see] ...
7200  1     06/30 06:56:44 1087734 ### ### - Extracting file [C:\Program Files\Metallic\ContentStore\Base\CVGDriveV3Wrapper.see] ...
7200  1     06/30 06:56:45 1087734 ### ### - File [C:\Program Files\Metallic\ContentStore\Base\CVAzureSDKWrapper.see] is already up-to-date, skip extracting it.
7200  1     06/30 06:56:45 1087734 ### ### - Copying file [C:\Program Files\Metallic\ContentStore\Base\FwConfigLocal.txt] to [C:\Program Files\Metallic\ContentStore\PreservedUpdInstConfigFiles\FwConfigLocal.txt]
7200  1     06/30 06:56:45 1087734 ### ### - Update installation is in progress...
7200  1     06/30 06:56:45 1087734 ### ### - Please check [C:\Program Files\Metallic\ContentStore\Log Files\UpdateInfo.log] for granular details
7200  1     06/30 06:57:23 1087734 ### ### - Update installation completed.
7200  1     06/30 06:57:23 1087734 ### ### - Copying file [C:\Program Files\Metallic\ContentStore\PreservedUpdInstConfigFiles\FwConfigLocal.txt] to [C:\Program Files\Metallic\ContentStore\Base\FwConfigLocal.txt]
7200  4     06/30 06:57:23 1087734 ### ### - Showing dialog : PostFileCopyConfigurationViewModel .......
7200  4     06/30 06:57:23 1087734 ### ### - Base path [C:\Program Files\Metallic\ContentStore\Base] is not present in the system PATH environment variable.
7200  4     06/30 06:57:23 1087734 ### ### - Adding environment variable [CV_Instance001] = [C:\Program Files\Metallic\ContentStore\Base]
7200  4     06/30 06:57:23 1087734 ### ### - Pre Configuring Cloud Apps ...
7200  4     06/30 06:57:23 1087734 ### ### - Copied OEM Files from [C:\Program Files\Metallic\ContentStore\CVMedia\11.0.0\Windows\Common\OEM\119\install_images] to [C:\Program Files\Metallic\ContentStore\Base\OEM]
7200  4     06/30 06:57:23 1087734 ### ### - Showing dialog : CompletionExitViewModel .......
7200  4     06/30 06:57:23 1087734 ### ### - Copied OEM Files from [C:\Program Files\Metallic\ContentStore\CVMedia\11.0.0\Windows\Common\OEM\119\install_images] to [C:\Program Files\Metallic\ContentStore\Base\OEM]
7200  4     06/30 06:57:23 1087734 ### ### - Starting configuration steps...
7200  4     06/30 06:57:23 1087734 ### ### - Job id is set to 1087734 for ConfigureClientTool's use
5728  1     06/30 06:57:24 ### ### ### - --------------------- Install Configuration STARTED ----------------------
5728  1     06/30 06:57:24 ### ### ### - Application Culture is set to en-US
5728  1     06/30 06:57:24 ### ### ### - Skip creating configuration wizard shortcut for silent/play mode install.
5728  1     06/30 06:57:24 ### ### ### - CommandLine: "C:\Program Files\Metallic\ContentStore\Base\ConfigureClientTool.exe" /play "C:\Program Files\Metallic\ContentStore\PushInstall\sanbgw-input.xml" /silent
5728  1     06/30 06:57:24 ### ### ### - User input file location: [C:\Program Files\Metallic\ContentStore\PushInstall\sanbgw-input.xml]
5728  1     06/30 06:57:25 1087734 ### ### - The setup is launched by NT AUTHORITY\SYSTEM with Administrator privilege
5728  1     06/30 06:57:25 1087734 ### ### - Showing dialog : RunFirewallDaemonViewModel .......
5728  1     06/30 06:57:25 1087734 ### ### - Check firewall configuration: CommServe client name = 'cms01039c1us02', CommServe host name = 'cms01039c1us02.cvmscloud.commvault.com', FwHosts = 'C:\Program Files\Metallic\ContentStore\Base\FwHosts.txt', FwConfigInstall = 'C:\Program Files\Metallic\ContentStore\Base\FwConfigInstall.txt', FwConfig = 'C:\Program Files\Metallic\ContentStore\Base\FwConfig.txt', FwConfigLocal = 'C:\Program Files\Metallic\ContentStore\Base\FwConfigLocal.txt'.
5728  1     06/30 06:57:25 1087734 ### ### - Skip Starting FirewallDaemon for silent and play mode
5728  1     06/30 06:57:26 1087734 ### ### - Showing dialog : LocalConfigViewModel .......
5728  1     06/30 06:57:26 1087734 ### ### - Skip updating SQL server startup parameters as database packages are not selected/ installed.
5728  1     06/30 06:57:26 1087734 ### ### - Adding network applications to firewall exclusion list.
5728  1     06/30 06:57:26 1087734 ### ### - Configuring Cloud Apps ...
5728  1     06/30 06:57:26 1087734 ### ### - Not taking backup of databases since new packages have been selected
5728  1     06/30 06:57:26 1087734 ### ### - Configuring Cloud Apps ...
5728  1     06/30 06:57:26 1087734 ### ### - Executing pending applications for Updates Installed
5728  1     06/30 06:57:26 1087734 ### ### - Update installation is in progress...
5728  1     06/30 06:57:26 1087734 ### ### - Please check [C:\Program Files\Metallic\ContentStore\Log Files\UpdateInfo.log] for granular details
5728  1     06/30 06:57:28 1087734 ### ### - Warning: ["C:\Program Files\Metallic\ContentStore\CVMedia\11.0.0\Windows\BinaryPayload\LooseUpdates\InstallUpdates.exe" -doNotUpdateDB -nostartsvc -silent -vm Instance001 -delayedreboot -ignorePendingFileOp -galaxyinstall   -jobid 1087734  -hpkNumToInstall 21 -cvinstaller ] exit code 2 
5728  1     06/30 06:57:28 1087734 ### ### - Update installation completed.
5728  1     06/30 06:57:28 1087734 ### ### - Finalizing installation ...
5728  1     06/30 06:57:28 1087734 ### ### - Performing  PostUpgrade tasks for the databases...
5728  1     06/30 06:57:28 1087734 ### ### - Skip launching CvDBUpgradeWrapper since database packages are not installed
5728  1     06/30 06:57:28 1087734 ### ### - Completed  PostUpgrade tasks for the databases.
5728  1     06/30 06:57:28 1087734 ### ### - Set registry permissions
5728  1     06/30 06:57:28 1087734 ### ### - Showing dialog : SIMRegistrationViewModel .......
5728  1     06/30 06:57:28 1087734 ### ### - Invalid password format to convert from V8 to V3
5728  1     06/30 06:57:28 1087734 ### ### - Invalid password format to convert from V8 to V3
5728  1     06/30 06:57:28 1087734 ### ### - Translated exit code [Succeed] to job status [1140850838]
5728  1     06/30 06:57:28 1087734 ### ### - Created PreImageModeFile for registration of client.
5728  1     06/30 06:57:28 1087734 ### ### - Set auto-register value to 1.
5728  1     06/30 06:57:28 1087734 ### ### - Showing dialog : StartupViewModel .......
5728  1     06/30 06:57:29 1087734 ### ### - Start service GxFWD(Instance001) ...
5728  1     06/30 06:57:30 1087734 ### ### - Service GxFWD(Instance001) started.
5728  1     06/30 06:57:30 1087734 ### ### - Start service GxCVD(Instance001) ...
5728  1     06/30 06:57:36 1087734 ### ### - Service GxCVD(Instance001) started.
5728  1     06/30 06:57:36 1087734 ### ### - Start service GXMMM(Instance001) ...
5728  1     06/30 06:57:37 1087734 ### ### - Service GXMMM(Instance001) started.
5728  1     06/30 06:57:37 1087734 ### ### - Start service GxClMgrS(Instance001) ...
5728  1     06/30 06:57:38 1087734 ### ### - Service GxClMgrS(Instance001) started.
5728  1     06/30 06:57:38 1087734 ### ### - Enabled the service GxVssProv(Instance001) with Manual mode. Skip starting as it is an on-demand service
5728  1     06/30 06:57:38 1087734 ### ### - Enabled the service GxVssHWProv(Instance001) with Manual mode. Skip starting as it is an on-demand service
5728  1     06/30 06:57:38 1087734 ### ### - Start service GxBLR(Instance001) ...
5728  1     06/30 06:57:38 1087734 ### ### - Service GxBLR(Instance001) started.
5728  1     06/30 06:57:38 1087734 ### ### - Doing startup steps for Cloud Apps ...
5728  1     06/30 06:57:38 1087734 ### ### - Waiting on client registration status from CommServe...
5728  1     06/30 06:58:08 1087734 ### ### - Client registration request completed on CommServe.
5728  1     06/30 06:58:09 1087734 ### ### - -------------------- Install Configuration COMPLETED ---------------------
5728  1     06/30 06:58:09 1087734 ### ### - Showing dialog : ConfigurationCompleteViewModel .......
5728  1     06/30 06:58:09 1087734 ### ### - Removed [Configuration Wizard] shortcut.
5728  1     06/30 06:58:09 1087734 ### ### - Quit silent install with exit code Succeed
7200  4     06/30 06:58:14 1087734 ### ### - Quit application with code: Succeed.
7200  4     06/30 06:58:14 1087734 ### ### - Setup is shutting down with exit code Succeed ... 
7200  4     06/30 06:58:14 1087734 ### ### - Installer registry will be cleared as Install operation completed successfully
7200  4     06/30 06:58:15 1087734 ### ### - Clearing Configuration installer registry
7200  4     06/30 06:58:15 1087734 ### ### - Clearing Galaxy installer registry
7200  4     06/30 06:58:15 1087734 ### ### - Quit silent install with exit code Succeed
7200  4     06/30 06:58:15 1087734 ### ### - ##########################################################################
7200  4     06/30 06:58:15 1087734 ### ### - ##                       Installation EXITING (0)                       ##
7200  4     06/30 06:58:15 1087734 ### ### - ##########################################################################
