********************************************************************************************
* Machine    : : () (Instance001)                                                          *
* IP Addrs   : 192.168.1.190                                                               *
* Module     : VssHWProvider                                                               *
* Commserver : :                                                                           *
* Version    : 11.2801.20                                                                  *
* Date       : 2022/06/30 (Pacific Standard Time GMT-08:00)                                *
* OS Type    : Windows Server 2019 DatacenterMajor.: 6, Minor.: 2 Server 4.0  (Build 9200) *
********************************************************************************************

2320  154c  06/30 06:42:39 ### 	wWinMain	Galaxy Hardware Provider started...
2320  154c  06/30 06:42:39 ### 	CVSS_HWPROV_SVCModule::ParseCommandLine	Failed to parse command line for service uninstallation.
2320  154c  06/30 06:42:39 ### 	wWinMain	Galaxy Hardware Provider failed to start: [][0x-2147319780]
2320  154c  06/30 06:42:39 ### 	wWinMain	Galaxy Hardware Provider shutting down...
1596  10d8  06/30 06:42:39 ### 	wWinMain	Galaxy Hardware Provider started...
1596  10d8  06/30 06:42:39 ### 	wWinMain	Galaxy Hardware Provider shutting down...
5928  1594  06/30 06:42:40 ### 	wWinMain	Galaxy Hardware Provider started...
5928  1594  06/30 06:42:40 ### 	CVSS_HWPROV_SVCModule::ParseCommandLine	COM initialized.
5928  1594  06/30 06:42:40 ### 	CVSS_HWPROV_SVCModule::UnRegisterVSSProvider	VSSUnRegistration failed with error [0x80042304] [VSS_E_PROVIDER_NOT_REGISTERED]
5928  1594  06/30 06:42:40 ### 	wWinMain	Galaxy Hardware Provider shutting down...
5660  dec   06/30 06:42:40 ### 	wWinMain	Galaxy Hardware Provider started...
5660  dec   06/30 06:42:40 ### 	CVSS_HWPROV_SVCModule::ParseCommandLine	COM initialized.
5660  dec   06/30 06:42:40 ### 	CVSS_HWPROV_SVCModule::RegisterVSSProvider	VSS Registration successful
5660  dec   06/30 06:42:40 ### 	wWinMain	Galaxy Hardware Provider shutting down...
