********************************************************************************************
* Machine    : : () (Instance001)                                                          *
* IP Addrs   : 192.168.1.190                                                               *
* Module     : VssSwProvider                                                               *
* Commserver : :                                                                           *
* Version    : 11.2801.20                                                                  *
* Date       : 2022/06/30 (Pacific Standard Time GMT-08:00)                                *
* OS Type    : Windows Server 2019 DatacenterMajor.: 6, Minor.: 2 Server 4.0  (Build 9200) *
********************************************************************************************

5504  1220  06/30 06:42:35 ### 	wWinMain	Galaxy Software Provider started...
5504  1220  06/30 06:42:36 ### 	CVSS_SWPROV_SVCModule::ParseCommandLine	Failed to parse command line for service uninstallation.
5504  1220  06/30 06:42:36 ### 	wWinMain	Galaxy Software Provider failed to start: [][0x-2147319780]
5504  1220  06/30 06:42:36 ### 	wWinMain	Galaxy Software Provider shutting down...
5956  7a0   06/30 06:42:36 ### 	wWinMain	Galaxy Software Provider started...
5956  7a0   06/30 06:42:36 ### 	wWinMain	Galaxy Software Provider shutting down...
5200  13dc  06/30 06:42:37 ### 	wWinMain	Galaxy Software Provider started...
5200  13dc  06/30 06:42:37 ### 	CVSS_SWPROV_SVCModule::ParseCommandLine	COM initialized.
5200  13dc  06/30 06:42:38 ### 	CVSS_SWPROV_SVCModule::UnRegisterVSSProvider	VSSUnRegistration failed with error [0x80042304] [VSS_E_PROVIDER_NOT_REGISTERED]
5200  13dc  06/30 06:42:38 ### 	wWinMain	Galaxy Software Provider shutting down...
5868  1750  06/30 06:42:38 ### 	wWinMain	Galaxy Software Provider started...
5868  1750  06/30 06:42:38 ### 	CVSS_SWPROV_SVCModule::ParseCommandLine	COM initialized.
5868  1750  06/30 06:42:38 ### 	CVSS_SWPROV_SVCModule::RegisterVSSProvider	VSS Registration successful
5868  1750  06/30 06:42:38 ### 	wWinMain	Galaxy Software Provider shutting down...
